Information,DD/MM/YYYY 5:12:40 PM,Microsoft-Windows-Security-Auditing,4688,Process Creation,"A new process has been created.

Creator Subject:
	Security ID:		SYSTEM
	Account Name:		WS-3$
	Account Domain:		LAB
	Logon ID:		0x3E7

Target Subject:
	Security ID:		NULL SID
	Account Name:		itadmin
	Account Domain:		LAB
	Logon ID:		0x2745E2FC

Process Information:
	New Process ID:		0x2aac
	New Process Name:	C:\Windows\System32\RuntimeBroker.exe
	Token Elevation Type:	%%1936
	Mandatory Label:		Mandatory Label\High Mandatory Level
	Creator Process ID:	0x33c
	Creator Process Name:	C:\Windows\System32\svchost.exe
	Process Command Line:	

Token Elevation Type indicates the type of token that was assigned to the new process in accordance with User Account Control policy.

Type 1 is a full token with no privileges removed or groups disabled.  A full token is only used if User Account Control is disabled or if the user is the built-in Administrator account or a service account.

Type 2 is an elevated token with no privileges removed or groups disabled.  An elevated token is used when User Account Control is enabled and the user chooses to start the program using Run as administrator.  An elevated token is also used when an application is configured to always require administrative privilege or to always require maximum privilege, and the user is a member of the Administrators group.

Type 3 is a limited token with administrative privileges removed and administrative groups disabled.  The limited token is used when User Account Control is enabled, the application does not require administrative privilege, and the user does not choose to start the program using Run as administrator."
Information,DD/MM/YYYY 5:12:40 PM,Microsoft-Windows-Security-Auditing,4703,Token Right Adjusted Events,"A token right was adjusted.

Subject:
	Security ID:		SYSTEM
	Account Name:		WS-3$
	Account Domain:		LAB
	Logon ID:		0x3E7

Target Account:
	Security ID:		SYSTEM
	Account Name:		WS-3$
	Account Domain:		LAB
	Logon ID:		0x3E7

Process Information:
	Process ID:		0x87c
	Process Name:		C:\Windows\System32\svchost.exe

Enabled Privileges:
			SeRestorePrivilege

Disabled Privileges:
			-"
Information,DD/MM/YYYY 5:12:40 PM,Microsoft-Windows-Security-Auditing,4703,Token Right Adjusted Events,"A token right was adjusted.

Subject:
	Security ID:		SYSTEM
	Account Name:		WS-3$
	Account Domain:		LAB
	Logon ID:		0x3E7

Target Account:
	Security ID:		SYSTEM
	Account Name:		WS-3$
	Account Domain:		LAB
	Logon ID:		0x3E7

Process Information:
	Process ID:		0x87c
	Process Name:		C:\Windows\System32\svchost.exe

Enabled Privileges:
			SeBackupPrivilege

Disabled Privileges:
			-"
Information,DD/MM/YYYY 5:12:39 PM,Microsoft-Windows-Security-Auditing,4703,Token Right Adjusted Events,"A token right was adjusted.

Subject:
	Security ID:		SYSTEM
	Account Name:		WS-3$
	Account Domain:		LAB
	Logon ID:		0x3E7

Target Account:
	Security ID:		SYSTEM
	Account Name:		WS-3$
	Account Domain:		LAB
	Logon ID:		0x3E7

Process Information:
	Process ID:		0x87c
	Process Name:		C:\Windows\System32\svchost.exe

Enabled Privileges:
			-

Disabled Privileges:
			SeSecurityPrivilege"
Information,DD/MM/YYYY 5:12:39 PM,Microsoft-Windows-Security-Auditing,4703,Token Right Adjusted Events,"A token right was adjusted.

Subject:
	Security ID:		SYSTEM
	Account Name:		WS-3$
	Account Domain:		LAB
	Logon ID:		0x3E7

Target Account:
	Security ID:		SYSTEM
	Account Name:		WS-3$
	Account Domain:		LAB
	Logon ID:		0x3E7

Process Information:
	Process ID:		0x87c
	Process Name:		C:\Windows\System32\svchost.exe

Enabled Privileges:
			SeSecurityPrivilege

Disabled Privileges:
			-"
Information,DD/MM/YYYY 5:12:39 PM,Microsoft-Windows-Security-Auditing,4703,Token Right Adjusted Events,"A token right was adjusted.

Subject:
	Security ID:		SYSTEM
	Account Name:		WS-3$
	Account Domain:		LAB
	Logon ID:		0x3E7

Target Account:
	Security ID:		SYSTEM
	Account Name:		WS-3$
	Account Domain:		LAB
	Logon ID:		0x3E7

Process Information:
	Process ID:		0x87c
	Process Name:		C:\Windows\System32\svchost.exe

Enabled Privileges:
			-

Disabled Privileges:
			SeSecurityPrivilege"
Information,DD/MM/YYYY 5:12:39 PM,Microsoft-Windows-Security-Auditing,4703,Token Right Adjusted Events,"A token right was adjusted.

Subject:
	Security ID:		SYSTEM
	Account Name:		WS-3$
	Account Domain:		LAB
	Logon ID:		0x3E7

Target Account:
	Security ID:		SYSTEM
	Account Name:		WS-3$
	Account Domain:		LAB
	Logon ID:		0x3E7

Process Information:
	Process ID:		0x87c
	Process Name:		C:\Windows\System32\svchost.exe

Enabled Privileges:
			SeSecurityPrivilege

Disabled Privileges:
			-"
Information,DD/MM/YYYY 5:12:39 PM,Microsoft-Windows-Security-Auditing,4703,Token Right Adjusted Events,"A token right was adjusted.

Subject:
	Security ID:		SYSTEM
	Account Name:		WS-3$
	Account Domain:		LAB
	Logon ID:		0x3E7

Target Account:
	Security ID:		SYSTEM
	Account Name:		WS-3$
	Account Domain:		LAB
	Logon ID:		0x3E7

Process Information:
	Process ID:		0x87c
	Process Name:		C:\Windows\System32\svchost.exe

Enabled Privileges:
			-

Disabled Privileges:
			SeSecurityPrivilege"
Information,DD/MM/YYYY 5:12:39 PM,Microsoft-Windows-Security-Auditing,4703,Token Right Adjusted Events,"A token right was adjusted.

Subject:
	Security ID:		SYSTEM
	Account Name:		WS-3$
	Account Domain:		LAB
	Logon ID:		0x3E7

Target Account:
	Security ID:		SYSTEM
	Account Name:		WS-3$
	Account Domain:		LAB
	Logon ID:		0x3E7

Process Information:
	Process ID:		0x87c
	Process Name:		C:\Windows\System32\svchost.exe

Enabled Privileges:
			SeSecurityPrivilege

Disabled Privileges:
			-"
Information,DD/MM/YYYY 5:12:39 PM,Microsoft-Windows-Security-Auditing,4703,Token Right Adjusted Events,"A token right was adjusted.

Subject:
	Security ID:		SYSTEM
	Account Name:		WS-3$
	Account Domain:		LAB
	Logon ID:		0x3E7

Target Account:
	Security ID:		SYSTEM
	Account Name:		WS-3$
	Account Domain:		LAB
	Logon ID:		0x3E7

Process Information:
	Process ID:		0x87c
	Process Name:		C:\Windows\System32\svchost.exe

Enabled Privileges:
			-

Disabled Privileges:
			SeSecurityPrivilege"
Information,DD/MM/YYYY 5:12:39 PM,Microsoft-Windows-Security-Auditing,4703,Token Right Adjusted Events,"A token right was adjusted.

Subject:
	Security ID:		SYSTEM
	Account Name:		WS-3$
	Account Domain:		LAB
	Logon ID:		0x3E7

Target Account:
	Security ID:		SYSTEM
	Account Name:		WS-3$
	Account Domain:		LAB
	Logon ID:		0x3E7

Process Information:
	Process ID:		0x87c
	Process Name:		C:\Windows\System32\svchost.exe

Enabled Privileges:
			SeSecurityPrivilege

Disabled Privileges:
			-"
Information,DD/MM/YYYY 5:12:39 PM,Microsoft-Windows-Security-Auditing,4703,Token Right Adjusted Events,"A token right was adjusted.

Subject:
	Security ID:		SYSTEM
	Account Name:		WS-3$
	Account Domain:		LAB
	Logon ID:		0x3E7

Target Account:
	Security ID:		SYSTEM
	Account Name:		WS-3$
	Account Domain:		LAB
	Logon ID:		0x3E7

Process Information:
	Process ID:		0x87c
	Process Name:		C:\Windows\System32\svchost.exe

Enabled Privileges:
			-

Disabled Privileges:
			SeSecurityPrivilege"
Information,DD/MM/YYYY 5:12:39 PM,Microsoft-Windows-Security-Auditing,4703,Token Right Adjusted Events,"A token right was adjusted.

Subject:
	Security ID:		SYSTEM
	Account Name:		WS-3$
	Account Domain:		LAB
	Logon ID:		0x3E7

Target Account:
	Security ID:		SYSTEM
	Account Name:		WS-3$
	Account Domain:		LAB
	Logon ID:		0x3E7

Process Information:
	Process ID:		0x87c
	Process Name:		C:\Windows\System32\svchost.exe

Enabled Privileges:
			SeSecurityPrivilege

Disabled Privileges:
			-"
Information,DD/MM/YYYY 5:12:39 PM,Microsoft-Windows-Security-Auditing,4703,Token Right Adjusted Events,"A token right was adjusted.

Subject:
	Security ID:		SYSTEM
	Account Name:		WS-3$
	Account Domain:		LAB
	Logon ID:		0x3E7

Target Account:
	Security ID:		SYSTEM
	Account Name:		WS-3$
	Account Domain:		LAB
	Logon ID:		0x3E7

Process Information:
	Process ID:		0x87c
	Process Name:		C:\Windows\System32\svchost.exe

Enabled Privileges:
			-

Disabled Privileges:
			SeSecurityPrivilege"
Information,DD/MM/YYYY 5:12:39 PM,Microsoft-Windows-Security-Auditing,4703,Token Right Adjusted Events,"A token right was adjusted.

Subject:
	Security ID:		SYSTEM
	Account Name:		WS-3$
	Account Domain:		LAB
	Logon ID:		0x3E7

Target Account:
	Security ID:		SYSTEM
	Account Name:		WS-3$
	Account Domain:		LAB
	Logon ID:		0x3E7

Process Information:
	Process ID:		0x87c
	Process Name:		C:\Windows\System32\svchost.exe

Enabled Privileges:
			SeSecurityPrivilege

Disabled Privileges:
			-"
Information,DD/MM/YYYY 5:12:39 PM,Microsoft-Windows-Security-Auditing,4703,Token Right Adjusted Events,"A token right was adjusted.

Subject:
	Security ID:		SYSTEM
	Account Name:		WS-3$
	Account Domain:		LAB
	Logon ID:		0x3E7

Target Account:
	Security ID:		SYSTEM
	Account Name:		WS-3$
	Account Domain:		LAB
	Logon ID:		0x3E7

Process Information:
	Process ID:		0x87c
	Process Name:		C:\Windows\System32\svchost.exe

Enabled Privileges:
			-

Disabled Privileges:
			SeSecurityPrivilege"
Information,DD/MM/YYYY 5:12:39 PM,Microsoft-Windows-Security-Auditing,4703,Token Right Adjusted Events,"A token right was adjusted.

Subject:
	Security ID:		SYSTEM
	Account Name:		WS-3$
	Account Domain:		LAB
	Logon ID:		0x3E7

Target Account:
	Security ID:		SYSTEM
	Account Name:		WS-3$
	Account Domain:		LAB
	Logon ID:		0x3E7

Process Information:
	Process ID:		0x87c
	Process Name:		C:\Windows\System32\svchost.exe

Enabled Privileges:
			SeSecurityPrivilege

Disabled Privileges:
			-"
Information,DD/MM/YYYY 5:12:39 PM,Microsoft-Windows-Security-Auditing,4703,Token Right Adjusted Events,"A token right was adjusted.

Subject:
	Security ID:		SYSTEM
	Account Name:		WS-3$
	Account Domain:		LAB
	Logon ID:		0x3E7

Target Account:
	Security ID:		SYSTEM
	Account Name:		WS-3$
	Account Domain:		LAB
	Logon ID:		0x3E7

Process Information:
	Process ID:		0x87c
	Process Name:		C:\Windows\System32\svchost.exe

Enabled Privileges:
			-

Disabled Privileges:
			SeSecurityPrivilege"
Information,DD/MM/YYYY 5:12:39 PM,Microsoft-Windows-Security-Auditing,4703,Token Right Adjusted Events,"A token right was adjusted.

Subject:
	Security ID:		SYSTEM
	Account Name:		WS-3$
	Account Domain:		LAB
	Logon ID:		0x3E7

Target Account:
	Security ID:		SYSTEM
	Account Name:		WS-3$
	Account Domain:		LAB
	Logon ID:		0x3E7

Process Information:
	Process ID:		0x87c
	Process Name:		C:\Windows\System32\svchost.exe

Enabled Privileges:
			SeSecurityPrivilege

Disabled Privileges:
			-"
Information,DD/MM/YYYY 5:12:39 PM,Microsoft-Windows-Security-Auditing,4703,Token Right Adjusted Events,"A token right was adjusted.

Subject:
	Security ID:		SYSTEM
	Account Name:		WS-3$
	Account Domain:		LAB
	Logon ID:		0x3E7

Target Account:
	Security ID:		SYSTEM
	Account Name:		WS-3$
	Account Domain:		LAB
	Logon ID:		0x3E7

Process Information:
	Process ID:		0x87c
	Process Name:		C:\Windows\System32\svchost.exe

Enabled Privileges:
			-

Disabled Privileges:
			SeSecurityPrivilege"
Information,DD/MM/YYYY 5:12:39 PM,Microsoft-Windows-Security-Auditing,4703,Token Right Adjusted Events,"A token right was adjusted.

Subject:
	Security ID:		SYSTEM
	Account Name:		WS-3$
	Account Domain:		LAB
	Logon ID:		0x3E7

Target Account:
	Security ID:		SYSTEM
	Account Name:		WS-3$
	Account Domain:		LAB
	Logon ID:		0x3E7

Process Information:
	Process ID:		0x87c
	Process Name:		C:\Windows\System32\svchost.exe

Enabled Privileges:
			SeSecurityPrivilege

Disabled Privileges:
			-"
Information,DD/MM/YYYY 5:12:37 PM,Microsoft-Windows-Security-Auditing,4703,Token Right Adjusted Events,"A token right was adjusted.

Subject:
	Security ID:		SYSTEM
	Account Name:		WS-3$
	Account Domain:		LAB
	Logon ID:		0x3E7

Target Account:
	Security ID:		SYSTEM
	Account Name:		WS-3$
	Account Domain:		LAB
	Logon ID:		0x3E7

Process Information:
	Process ID:		0x87c
	Process Name:		C:\Windows\System32\svchost.exe

Enabled Privileges:
			-

Disabled Privileges:
			SeSecurityPrivilege"
Information,DD/MM/YYYY 5:12:37 PM,Microsoft-Windows-Security-Auditing,4703,Token Right Adjusted Events,"A token right was adjusted.

Subject:
	Security ID:		SYSTEM
	Account Name:		WS-3$
	Account Domain:		LAB
	Logon ID:		0x3E7

Target Account:
	Security ID:		SYSTEM
	Account Name:		WS-3$
	Account Domain:		LAB
	Logon ID:		0x3E7

Process Information:
	Process ID:		0x87c
	Process Name:		C:\Windows\System32\svchost.exe

Enabled Privileges:
			SeSecurityPrivilege

Disabled Privileges:
			-"
Information,DD/MM/YYYY 5:12:37 PM,Microsoft-Windows-Security-Auditing,4703,Token Right Adjusted Events,"A token right was adjusted.

Subject:
	Security ID:		SYSTEM
	Account Name:		WS-3$
	Account Domain:		LAB
	Logon ID:		0x3E7

Target Account:
	Security ID:		SYSTEM
	Account Name:		WS-3$
	Account Domain:		LAB
	Logon ID:		0x3E7

Process Information:
	Process ID:		0x87c
	Process Name:		C:\Windows\System32\svchost.exe

Enabled Privileges:
			-

Disabled Privileges:
			SeSecurityPrivilege"
Information,DD/MM/YYYY 5:12:37 PM,Microsoft-Windows-Security-Auditing,4703,Token Right Adjusted Events,"A token right was adjusted.

Subject:
	Security ID:		SYSTEM
	Account Name:		WS-3$
	Account Domain:		LAB
	Logon ID:		0x3E7

Target Account:
	Security ID:		SYSTEM
	Account Name:		WS-3$
	Account Domain:		LAB
	Logon ID:		0x3E7

Process Information:
	Process ID:		0x87c
	Process Name:		C:\Windows\System32\svchost.exe

Enabled Privileges:
			SeSecurityPrivilege

Disabled Privileges:
			-"
Information,DD/MM/YYYY 5:12:37 PM,Microsoft-Windows-Security-Auditing,4703,Token Right Adjusted Events,"A token right was adjusted.

Subject:
	Security ID:		SYSTEM
	Account Name:		WS-3$
	Account Domain:		LAB
	Logon ID:		0x3E7

Target Account:
	Security ID:		SYSTEM
	Account Name:		WS-3$
	Account Domain:		LAB
	Logon ID:		0x3E7

Process Information:
	Process ID:		0x87c
	Process Name:		C:\Windows\System32\svchost.exe

Enabled Privileges:
			-

Disabled Privileges:
			SeSecurityPrivilege"
Information,DD/MM/YYYY 5:12:37 PM,Microsoft-Windows-Security-Auditing,4703,Token Right Adjusted Events,"A token right was adjusted.

Subject:
	Security ID:		SYSTEM
	Account Name:		WS-3$
	Account Domain:		LAB
	Logon ID:		0x3E7

Target Account:
	Security ID:		SYSTEM
	Account Name:		WS-3$
	Account Domain:		LAB
	Logon ID:		0x3E7

Process Information:
	Process ID:		0x87c
	Process Name:		C:\Windows\System32\svchost.exe

Enabled Privileges:
			SeSecurityPrivilege

Disabled Privileges:
			-"
Information,DD/MM/YYYY 5:12:37 PM,Microsoft-Windows-Security-Auditing,4703,Token Right Adjusted Events,"A token right was adjusted.

Subject:
	Security ID:		SYSTEM
	Account Name:		WS-3$
	Account Domain:		LAB
	Logon ID:		0x3E7

Target Account:
	Security ID:		SYSTEM
	Account Name:		WS-3$
	Account Domain:		LAB
	Logon ID:		0x3E7

Process Information:
	Process ID:		0x87c
	Process Name:		C:\Windows\System32\svchost.exe

Enabled Privileges:
			-

Disabled Privileges:
			SeSecurityPrivilege"
Information,DD/MM/YYYY 5:12:37 PM,Microsoft-Windows-Security-Auditing,4703,Token Right Adjusted Events,"A token right was adjusted.

Subject:
	Security ID:		SYSTEM
	Account Name:		WS-3$
	Account Domain:		LAB
	Logon ID:		0x3E7

Target Account:
	Security ID:		SYSTEM
	Account Name:		WS-3$
	Account Domain:		LAB
	Logon ID:		0x3E7

Process Information:
	Process ID:		0x87c
	Process Name:		C:\Windows\System32\svchost.exe

Enabled Privileges:
			SeSecurityPrivilege

Disabled Privileges:
			-"
Information,DD/MM/YYYY 5:12:37 PM,Microsoft-Windows-Security-Auditing,4703,Token Right Adjusted Events,"A token right was adjusted.

Subject:
	Security ID:		SYSTEM
	Account Name:		WS-3$
	Account Domain:		LAB
	Logon ID:		0x3E7

Target Account:
	Security ID:		SYSTEM
	Account Name:		WS-3$
	Account Domain:		LAB
	Logon ID:		0x3E7

Process Information:
	Process ID:		0x87c
	Process Name:		C:\Windows\System32\svchost.exe

Enabled Privileges:
			-

Disabled Privileges:
			SeSecurityPrivilege"
Information,DD/MM/YYYY 5:12:37 PM,Microsoft-Windows-Security-Auditing,4703,Token Right Adjusted Events,"A token right was adjusted.

Subject:
	Security ID:		SYSTEM
	Account Name:		WS-3$
	Account Domain:		LAB
	Logon ID:		0x3E7

Target Account:
	Security ID:		SYSTEM
	Account Name:		WS-3$
	Account Domain:		LAB
	Logon ID:		0x3E7

Process Information:
	Process ID:		0x87c
	Process Name:		C:\Windows\System32\svchost.exe

Enabled Privileges:
			SeSecurityPrivilege

Disabled Privileges:
			-"
Information,DD/MM/YYYY 5:12:37 PM,Microsoft-Windows-Security-Auditing,4703,Token Right Adjusted Events,"A token right was adjusted.

Subject:
	Security ID:		SYSTEM
	Account Name:		WS-3$
	Account Domain:		LAB
	Logon ID:		0x3E7

Target Account:
	Security ID:		SYSTEM
	Account Name:		WS-3$
	Account Domain:		LAB
	Logon ID:		0x3E7

Process Information:
	Process ID:		0x87c
	Process Name:		C:\Windows\System32\svchost.exe

Enabled Privileges:
			-

Disabled Privileges:
			SeSecurityPrivilege"
Information,DD/MM/YYYY 5:12:37 PM,Microsoft-Windows-Security-Auditing,4703,Token Right Adjusted Events,"A token right was adjusted.

Subject:
	Security ID:		SYSTEM
	Account Name:		WS-3$
	Account Domain:		LAB
	Logon ID:		0x3E7

Target Account:
	Security ID:		SYSTEM
	Account Name:		WS-3$
	Account Domain:		LAB
	Logon ID:		0x3E7

Process Information:
	Process ID:		0x87c
	Process Name:		C:\Windows\System32\svchost.exe

Enabled Privileges:
			SeSecurityPrivilege

Disabled Privileges:
			-"
Information,DD/MM/YYYY 5:12:37 PM,Microsoft-Windows-Security-Auditing,4688,Process Creation,"A new process has been created.

Creator Subject:
	Security ID:		SYSTEM
	Account Name:		WS-3$
	Account Domain:		LAB
	Logon ID:		0x3E7

Target Subject:
	Security ID:		NULL SID
	Account Name:		itadmin
	Account Domain:		LAB
	Logon ID:		0x2745E2FC

Process Information:
	New Process ID:		0x1fec
	New Process Name:	C:\Program Files\WindowsApps\Microsoft.Windows.Photos_2023.10030.27002.0_x64__8wekyb3d8bbwe\Microsoft.Photos.exe
	Token Elevation Type:	%%1936
	Mandatory Label:		Mandatory Label\Low Mandatory Level
	Creator Process ID:	0x33c
	Creator Process Name:	C:\Windows\System32\svchost.exe
	Process Command Line:	

Token Elevation Type indicates the type of token that was assigned to the new process in accordance with User Account Control policy.

Type 1 is a full token with no privileges removed or groups disabled.  A full token is only used if User Account Control is disabled or if the user is the built-in Administrator account or a service account.

Type 2 is an elevated token with no privileges removed or groups disabled.  An elevated token is used when User Account Control is enabled and the user chooses to start the program using Run as administrator.  An elevated token is also used when an application is configured to always require administrative privilege or to always require maximum privilege, and the user is a member of the Administrators group.

Type 3 is a limited token with administrative privileges removed and administrative groups disabled.  The limited token is used when User Account Control is enabled, the application does not require administrative privilege, and the user does not choose to start the program using Run as administrator."
Information,DD/MM/YYYY 5:12:35 PM,Microsoft-Windows-Security-Auditing,4703,Token Right Adjusted Events,"A token right was adjusted.

Subject:
	Security ID:		SYSTEM
	Account Name:		WS-3$
	Account Domain:		LAB
	Logon ID:		0x3E7

Target Account:
	Security ID:		SYSTEM
	Account Name:		WS-3$
	Account Domain:		LAB
	Logon ID:		0x3E7

Process Information:
	Process ID:		0x87c
	Process Name:		C:\Windows\System32\svchost.exe

Enabled Privileges:
			-

Disabled Privileges:
			SeSecurityPrivilege"
Information,DD/MM/YYYY 5:12:35 PM,Microsoft-Windows-Security-Auditing,4703,Token Right Adjusted Events,"A token right was adjusted.

Subject:
	Security ID:		SYSTEM
	Account Name:		WS-3$
	Account Domain:		LAB
	Logon ID:		0x3E7

Target Account:
	Security ID:		SYSTEM
	Account Name:		WS-3$
	Account Domain:		LAB
	Logon ID:		0x3E7

Process Information:
	Process ID:		0x87c
	Process Name:		C:\Windows\System32\svchost.exe

Enabled Privileges:
			SeSecurityPrivilege

Disabled Privileges:
			-"
Information,DD/MM/YYYY 5:12:35 PM,Microsoft-Windows-Security-Auditing,4703,Token Right Adjusted Events,"A token right was adjusted.

Subject:
	Security ID:		SYSTEM
	Account Name:		WS-3$
	Account Domain:		LAB
	Logon ID:		0x3E7

Target Account:
	Security ID:		SYSTEM
	Account Name:		WS-3$
	Account Domain:		LAB
	Logon ID:		0x3E7

Process Information:
	Process ID:		0x87c
	Process Name:		C:\Windows\System32\svchost.exe

Enabled Privileges:
			-

Disabled Privileges:
			SeSecurityPrivilege"
Information,DD/MM/YYYY 5:12:35 PM,Microsoft-Windows-Security-Auditing,4703,Token Right Adjusted Events,"A token right was adjusted.

Subject:
	Security ID:		SYSTEM
	Account Name:		WS-3$
	Account Domain:		LAB
	Logon ID:		0x3E7

Target Account:
	Security ID:		SYSTEM
	Account Name:		WS-3$
	Account Domain:		LAB
	Logon ID:		0x3E7

Process Information:
	Process ID:		0x87c
	Process Name:		C:\Windows\System32\svchost.exe

Enabled Privileges:
			SeSecurityPrivilege

Disabled Privileges:
			-"
Information,DD/MM/YYYY 5:12:35 PM,Microsoft-Windows-Security-Auditing,4703,Token Right Adjusted Events,"A token right was adjusted.

Subject:
	Security ID:		SYSTEM
	Account Name:		WS-3$
	Account Domain:		LAB
	Logon ID:		0x3E7

Target Account:
	Security ID:		SYSTEM
	Account Name:		WS-3$
	Account Domain:		LAB
	Logon ID:		0x3E7

Process Information:
	Process ID:		0x87c
	Process Name:		C:\Windows\System32\svchost.exe

Enabled Privileges:
			-

Disabled Privileges:
			SeSecurityPrivilege"
Information,DD/MM/YYYY 5:12:35 PM,Microsoft-Windows-Security-Auditing,4703,Token Right Adjusted Events,"A token right was adjusted.

Subject:
	Security ID:		SYSTEM
	Account Name:		WS-3$
	Account Domain:		LAB
	Logon ID:		0x3E7

Target Account:
	Security ID:		SYSTEM
	Account Name:		WS-3$
	Account Domain:		LAB
	Logon ID:		0x3E7

Process Information:
	Process ID:		0x87c
	Process Name:		C:\Windows\System32\svchost.exe

Enabled Privileges:
			SeSecurityPrivilege

Disabled Privileges:
			-"
Information,DD/MM/YYYY 5:12:35 PM,Microsoft-Windows-Security-Auditing,4703,Token Right Adjusted Events,"A token right was adjusted.

Subject:
	Security ID:		SYSTEM
	Account Name:		WS-3$
	Account Domain:		LAB
	Logon ID:		0x3E7

Target Account:
	Security ID:		SYSTEM
	Account Name:		WS-3$
	Account Domain:		LAB
	Logon ID:		0x3E7

Process Information:
	Process ID:		0x87c
	Process Name:		C:\Windows\System32\svchost.exe

Enabled Privileges:
			-

Disabled Privileges:
			SeSecurityPrivilege"
Information,DD/MM/YYYY 5:12:35 PM,Microsoft-Windows-Security-Auditing,4703,Token Right Adjusted Events,"A token right was adjusted.

Subject:
	Security ID:		SYSTEM
	Account Name:		WS-3$
	Account Domain:		LAB
	Logon ID:		0x3E7

Target Account:
	Security ID:		SYSTEM
	Account Name:		WS-3$
	Account Domain:		LAB
	Logon ID:		0x3E7

Process Information:
	Process ID:		0x87c
	Process Name:		C:\Windows\System32\svchost.exe

Enabled Privileges:
			SeSecurityPrivilege

Disabled Privileges:
			-"
Information,DD/MM/YYYY 5:12:35 PM,Microsoft-Windows-Security-Auditing,4703,Token Right Adjusted Events,"A token right was adjusted.

Subject:
	Security ID:		SYSTEM
	Account Name:		WS-3$
	Account Domain:		LAB
	Logon ID:		0x3E7

Target Account:
	Security ID:		SYSTEM
	Account Name:		WS-3$
	Account Domain:		LAB
	Logon ID:		0x3E7

Process Information:
	Process ID:		0x87c
	Process Name:		C:\Windows\System32\svchost.exe

Enabled Privileges:
			-

Disabled Privileges:
			SeSecurityPrivilege"
Information,DD/MM/YYYY 5:12:35 PM,Microsoft-Windows-Security-Auditing,4703,Token Right Adjusted Events,"A token right was adjusted.

Subject:
	Security ID:		SYSTEM
	Account Name:		WS-3$
	Account Domain:		LAB
	Logon ID:		0x3E7

Target Account:
	Security ID:		SYSTEM
	Account Name:		WS-3$
	Account Domain:		LAB
	Logon ID:		0x3E7

Process Information:
	Process ID:		0x87c
	Process Name:		C:\Windows\System32\svchost.exe

Enabled Privileges:
			SeSecurityPrivilege

Disabled Privileges:
			-"
Information,DD/MM/YYYY 5:12:35 PM,Microsoft-Windows-Security-Auditing,4703,Token Right Adjusted Events,"A token right was adjusted.

Subject:
	Security ID:		SYSTEM
	Account Name:		WS-3$
	Account Domain:		LAB
	Logon ID:		0x3E7

Target Account:
	Security ID:		SYSTEM
	Account Name:		WS-3$
	Account Domain:		LAB
	Logon ID:		0x3E7

Process Information:
	Process ID:		0x87c
	Process Name:		C:\Windows\System32\svchost.exe

Enabled Privileges:
			-

Disabled Privileges:
			SeSecurityPrivilege"
Information,DD/MM/YYYY 5:12:35 PM,Microsoft-Windows-Security-Auditing,4703,Token Right Adjusted Events,"A token right was adjusted.

Subject:
	Security ID:		SYSTEM
	Account Name:		WS-3$
	Account Domain:		LAB
	Logon ID:		0x3E7

Target Account:
	Security ID:		SYSTEM
	Account Name:		WS-3$
	Account Domain:		LAB
	Logon ID:		0x3E7

Process Information:
	Process ID:		0x87c
	Process Name:		C:\Windows\System32\svchost.exe

Enabled Privileges:
			SeSecurityPrivilege

Disabled Privileges:
			-"
Information,DD/MM/YYYY 5:12:35 PM,Microsoft-Windows-Security-Auditing,4703,Token Right Adjusted Events,"A token right was adjusted.

Subject:
	Security ID:		SYSTEM
	Account Name:		WS-3$
	Account Domain:		LAB
	Logon ID:		0x3E7

Target Account:
	Security ID:		SYSTEM
	Account Name:		WS-3$
	Account Domain:		LAB
	Logon ID:		0x3E7

Process Information:
	Process ID:		0x87c
	Process Name:		C:\Windows\System32\svchost.exe

Enabled Privileges:
			-

Disabled Privileges:
			SeSecurityPrivilege"
Information,DD/MM/YYYY 5:12:35 PM,Microsoft-Windows-Security-Auditing,4703,Token Right Adjusted Events,"A token right was adjusted.

Subject:
	Security ID:		SYSTEM
	Account Name:		WS-3$
	Account Domain:		LAB
	Logon ID:		0x3E7

Target Account:
	Security ID:		SYSTEM
	Account Name:		WS-3$
	Account Domain:		LAB
	Logon ID:		0x3E7

Process Information:
	Process ID:		0x87c
	Process Name:		C:\Windows\System32\svchost.exe

Enabled Privileges:
			SeSecurityPrivilege

Disabled Privileges:
			-"
Information,DD/MM/YYYY 5:12:35 PM,Microsoft-Windows-Security-Auditing,4703,Token Right Adjusted Events,"A token right was adjusted.

Subject:
	Security ID:		SYSTEM
	Account Name:		WS-3$
	Account Domain:		LAB
	Logon ID:		0x3E7

Target Account:
	Security ID:		SYSTEM
	Account Name:		WS-3$
	Account Domain:		LAB
	Logon ID:		0x3E7

Process Information:
	Process ID:		0x87c
	Process Name:		C:\Windows\System32\svchost.exe

Enabled Privileges:
			-

Disabled Privileges:
			SeSecurityPrivilege"
Information,DD/MM/YYYY 5:12:35 PM,Microsoft-Windows-Security-Auditing,4703,Token Right Adjusted Events,"A token right was adjusted.

Subject:
	Security ID:		SYSTEM
	Account Name:		WS-3$
	Account Domain:		LAB
	Logon ID:		0x3E7

Target Account:
	Security ID:		SYSTEM
	Account Name:		WS-3$
	Account Domain:		LAB
	Logon ID:		0x3E7

Process Information:
	Process ID:		0x87c
	Process Name:		C:\Windows\System32\svchost.exe

Enabled Privileges:
			SeSecurityPrivilege

Disabled Privileges:
			-"
Information,DD/MM/YYYY 5:12:35 PM,Microsoft-Windows-Security-Auditing,4703,Token Right Adjusted Events,"A token right was adjusted.

Subject:
	Security ID:		SYSTEM
	Account Name:		WS-3$
	Account Domain:		LAB
	Logon ID:		0x3E7

Target Account:
	Security ID:		SYSTEM
	Account Name:		WS-3$
	Account Domain:		LAB
	Logon ID:		0x3E7

Process Information:
	Process ID:		0x87c
	Process Name:		C:\Windows\System32\svchost.exe

Enabled Privileges:
			-

Disabled Privileges:
			SeSecurityPrivilege"
Information,DD/MM/YYYY 5:12:35 PM,Microsoft-Windows-Security-Auditing,4703,Token Right Adjusted Events,"A token right was adjusted.

Subject:
	Security ID:		SYSTEM
	Account Name:		WS-3$
	Account Domain:		LAB
	Logon ID:		0x3E7

Target Account:
	Security ID:		SYSTEM
	Account Name:		WS-3$
	Account Domain:		LAB
	Logon ID:		0x3E7

Process Information:
	Process ID:		0x87c
	Process Name:		C:\Windows\System32\svchost.exe

Enabled Privileges:
			SeSecurityPrivilege

Disabled Privileges:
			-"
Information,DD/MM/YYYY 5:12:35 PM,Microsoft-Windows-Security-Auditing,4689,Process Termination,"A process has exited.

Subject:
	Security ID:		LAB\itadmin
	Account Name:		itadmin
	Account Domain:		LAB
	Logon ID:		0x2745E2FC

Process Information:
	Process ID:	0x2a70
	Process Name:	C:\Windows\System32\backgroundTaskHost.exe
	Exit Status:	0x1"
Information,DD/MM/YYYY 5:12:35 PM,Microsoft-Windows-Security-Auditing,4689,Process Termination,"A process has exited.

Subject:
	Security ID:		LAB\itadmin
	Account Name:		itadmin
	Account Domain:		LAB
	Logon ID:		0x2745E2FC

Process Information:
	Process ID:	0x1840
	Process Name:	C:\Windows\System32\dllhost.exe
	Exit Status:	0x0"
Information,DD/MM/YYYY 5:12:35 PM,Microsoft-Windows-Security-Auditing,4688,Process Creation,"A new process has been created.

Creator Subject:
	Security ID:		SYSTEM
	Account Name:		WS-3$
	Account Domain:		LAB
	Logon ID:		0x3E7

Target Subject:
	Security ID:		NULL SID
	Account Name:		itadmin
	Account Domain:		LAB
	Logon ID:		0x2745E2FC

Process Information:
	New Process ID:		0x2a70
	New Process Name:	C:\Windows\System32\backgroundTaskHost.exe
	Token Elevation Type:	%%1936
	Mandatory Label:		Mandatory Label\Low Mandatory Level
	Creator Process ID:	0x33c
	Creator Process Name:	C:\Windows\System32\svchost.exe
	Process Command Line:	

Token Elevation Type indicates the type of token that was assigned to the new process in accordance with User Account Control policy.

Type 1 is a full token with no privileges removed or groups disabled.  A full token is only used if User Account Control is disabled or if the user is the built-in Administrator account or a service account.

Type 2 is an elevated token with no privileges removed or groups disabled.  An elevated token is used when User Account Control is enabled and the user chooses to start the program using Run as administrator.  An elevated token is also used when an application is configured to always require administrative privilege or to always require maximum privilege, and the user is a member of the Administrators group.

Type 3 is a limited token with administrative privileges removed and administrative groups disabled.  The limited token is used when User Account Control is enabled, the application does not require administrative privilege, and the user does not choose to start the program using Run as administrator."
Information,DD/MM/YYYY 5:12:34 PM,Microsoft-Windows-Security-Auditing,4719,Audit Policy Change,"System audit policy was changed.

Subject:
	Security ID:		LAB\itadmin
	Account Name:		itadmin
	Account Domain:		LAB
	Logon ID:		0x2745E2FC

Audit Policy Change:
	Category:		Detailed Tracking
	Subcategory:		Token Right Adjusted Events
	Subcategory GUID:	{0cce924a-69ae-11d9-bed3-505054503030}
	Changes:		Success Added, Failure added"
Information,DD/MM/YYYY 5:12:34 PM,Microsoft-Windows-Security-Auditing,4719,Audit Policy Change,"System audit policy was changed.

Subject:
	Security ID:		LAB\itadmin
	Account Name:		itadmin
	Account Domain:		LAB
	Logon ID:		0x2745E2FC

Audit Policy Change:
	Category:		Detailed Tracking
	Subcategory:		Plug and Play Events
	Subcategory GUID:	{0cce9248-69ae-11d9-bed3-505054503030}
	Changes:		Success Added, Failure added"
Information,DD/MM/YYYY 5:12:34 PM,Microsoft-Windows-Security-Auditing,4719,Audit Policy Change,"System audit policy was changed.

Subject:
	Security ID:		LAB\itadmin
	Account Name:		itadmin
	Account Domain:		LAB
	Logon ID:		0x2745E2FC

Audit Policy Change:
	Category:		Detailed Tracking
	Subcategory:		RPC Events
	Subcategory GUID:	{0cce922e-69ae-11d9-bed3-505054503030}
	Changes:		Success Added, Failure added"
Information,DD/MM/YYYY 5:12:34 PM,Microsoft-Windows-Security-Auditing,4719,Audit Policy Change,"System audit policy was changed.

Subject:
	Security ID:		LAB\itadmin
	Account Name:		itadmin
	Account Domain:		LAB
	Logon ID:		0x2745E2FC

Audit Policy Change:
	Category:		Detailed Tracking
	Subcategory:		DPAPI Activity
	Subcategory GUID:	{0cce922d-69ae-11d9-bed3-505054503030}
	Changes:		Success Added, Failure added"
Information,DD/MM/YYYY 5:12:34 PM,Microsoft-Windows-Security-Auditing,4719,Audit Policy Change,"System audit policy was changed.

Subject:
	Security ID:		LAB\itadmin
	Account Name:		itadmin
	Account Domain:		LAB
	Logon ID:		0x2745E2FC

Audit Policy Change:
	Category:		Detailed Tracking
	Subcategory:		Process Termination
	Subcategory GUID:	{0cce922c-69ae-11d9-bed3-505054503030}
	Changes:		Success Added, Failure added"
Information,DD/MM/YYYY 5:12:34 PM,Microsoft-Windows-Security-Auditing,4719,Audit Policy Change,"System audit policy was changed.

Subject:
	Security ID:		LAB\itadmin
	Account Name:		itadmin
	Account Domain:		LAB
	Logon ID:		0x2745E2FC

Audit Policy Change:
	Category:		Detailed Tracking
	Subcategory:		Process Creation
	Subcategory GUID:	{0cce922b-69ae-11d9-bed3-505054503030}
	Changes:		Success Added, Failure added"
Information,DD/MM/YYYY 5:12:30 PM,Microsoft-Windows-Security-Auditing,5379,User Account Management,"Credential Manager credentials were read.

Subject:
	Security ID:		LAB\itadmin
	Account Name:		itadmin
	Account Domain:		LAB
	Logon ID:		0x2745E2FC
	Read Operation:		Enumerate Credentials

This event occurs when a user performs a read operation on stored credentials in Credential Manager."
Information,DD/MM/YYYY 5:12:29 PM,Microsoft-Windows-Security-Auditing,5379,User Account Management,"Credential Manager credentials were read.

Subject:
	Security ID:		LAB\itadmin
	Account Name:		itadmin
	Account Domain:		LAB
	Logon ID:		0x2745E2FC
	Read Operation:		Enumerate Credentials

This event occurs when a user performs a read operation on stored credentials in Credential Manager."
Information,DD/MM/YYYY 5:12:29 PM,Microsoft-Windows-Security-Auditing,5379,User Account Management,"Credential Manager credentials were read.

Subject:
	Security ID:		LAB\itadmin
	Account Name:		itadmin
	Account Domain:		LAB
	Logon ID:		0x2745E2FC
	Read Operation:		Enumerate Credentials

This event occurs when a user performs a read operation on stored credentials in Credential Manager."
Information,DD/MM/YYYY 5:12:29 PM,Microsoft-Windows-Security-Auditing,5379,User Account Management,"Credential Manager credentials were read.

Subject:
	Security ID:		LAB\itadmin
	Account Name:		itadmin
	Account Domain:		LAB
	Logon ID:		0x2745E2FC
	Read Operation:		Enumerate Credentials

This event occurs when a user performs a read operation on stored credentials in Credential Manager."
Information,DD/MM/YYYY 5:12:27 PM,Microsoft-Windows-Security-Auditing,5379,User Account Management,"Credential Manager credentials were read.

Subject:
	Security ID:		LAB\itadmin
	Account Name:		itadmin
	Account Domain:		LAB
	Logon ID:		0x2745E2FC
	Read Operation:		Enumerate Credentials

This event occurs when a user performs a read operation on stored credentials in Credential Manager."
Information,DD/MM/YYYY 5:12:27 PM,Microsoft-Windows-Security-Auditing,5379,User Account Management,"Credential Manager credentials were read.

Subject:
	Security ID:		LAB\itadmin
	Account Name:		itadmin
	Account Domain:		LAB
	Logon ID:		0x2745E2FC
	Read Operation:		Enumerate Credentials

This event occurs when a user performs a read operation on stored credentials in Credential Manager."
Information,DD/MM/YYYY 5:12:26 PM,Microsoft-Windows-Security-Auditing,5379,User Account Management,"Credential Manager credentials were read.

Subject:
	Security ID:		LAB\itadmin
	Account Name:		itadmin
	Account Domain:		LAB
	Logon ID:		0x2745E2FC
	Read Operation:		Read Credential

This event occurs when a user performs a read operation on stored credentials in Credential Manager."
Information,DD/MM/YYYY 5:12:26 PM,Microsoft-Windows-Security-Auditing,5379,User Account Management,"Credential Manager credentials were read.

Subject:
	Security ID:		LAB\itadmin
	Account Name:		itadmin
	Account Domain:		LAB
	Logon ID:		0x2745E2FC
	Read Operation:		Read Credential

This event occurs when a user performs a read operation on stored credentials in Credential Manager."
Information,DD/MM/YYYY 5:12:26 PM,Microsoft-Windows-Security-Auditing,5379,User Account Management,"Credential Manager credentials were read.

Subject:
	Security ID:		LAB\itadmin
	Account Name:		itadmin
	Account Domain:		LAB
	Logon ID:		0x2745E2FC
	Read Operation:		Enumerate Credentials

This event occurs when a user performs a read operation on stored credentials in Credential Manager."
Information,DD/MM/YYYY 5:12:26 PM,Microsoft-Windows-Security-Auditing,5379,User Account Management,"Credential Manager credentials were read.

Subject:
	Security ID:		LAB\itadmin
	Account Name:		itadmin
	Account Domain:		LAB
	Logon ID:		0x2745E2FC
	Read Operation:		Enumerate Credentials

This event occurs when a user performs a read operation on stored credentials in Credential Manager."
Information,DD/MM/YYYY 5:11:53 PM,Microsoft-Windows-Security-Auditing,5379,User Account Management,"Credential Manager credentials were read.

Subject:
	Security ID:		LAB\itadmin
	Account Name:		itadmin
	Account Domain:		LAB
	Logon ID:		0x2745E2FC
	Read Operation:		Enumerate Credentials

This event occurs when a user performs a read operation on stored credentials in Credential Manager."
Information,DD/MM/YYYY 5:11:53 PM,Microsoft-Windows-Security-Auditing,5379,User Account Management,"Credential Manager credentials were read.

Subject:
	Security ID:		LAB\itadmin
	Account Name:		itadmin
	Account Domain:		LAB
	Logon ID:		0x2745E2FC
	Read Operation:		Enumerate Credentials

This event occurs when a user performs a read operation on stored credentials in Credential Manager."
Information,DD/MM/YYYY 5:11:52 PM,Microsoft-Windows-Security-Auditing,5379,User Account Management,"Credential Manager credentials were read.

Subject:
	Security ID:		LAB\itadmin
	Account Name:		itadmin
	Account Domain:		LAB
	Logon ID:		0x2745E2FC
	Read Operation:		Enumerate Credentials

This event occurs when a user performs a read operation on stored credentials in Credential Manager."
Information,DD/MM/YYYY 5:11:45 PM,Microsoft-Windows-Security-Auditing,4799,Security Group Management,"A security-enabled local group membership was enumerated.

Subject:
	Security ID:		SYSTEM
	Account Name:		WS-3$
	Account Domain:		LAB
	Logon ID:		0x3E7

Group:
	Security ID:		BUILTIN\Backup Operators
	Group Name:		Backup Operators
	Group Domain:		Builtin

Process Information:
	Process ID:		0x1a9c
	Process Name:		C:\Windows\System32\svchost.exe"
Information,DD/MM/YYYY 5:11:45 PM,Microsoft-Windows-Security-Auditing,4799,Security Group Management,"A security-enabled local group membership was enumerated.

Subject:
	Security ID:		SYSTEM
	Account Name:		WS-3$
	Account Domain:		LAB
	Logon ID:		0x3E7

Group:
	Security ID:		BUILTIN\Administrators
	Group Name:		Administrators
	Group Domain:		Builtin

Process Information:
	Process ID:		0x1a9c
	Process Name:		C:\Windows\System32\svchost.exe"
Information,DD/MM/YYYY 5:11:45 PM,Microsoft-Windows-Security-Auditing,4672,Special Logon,"Special privileges assigned to new logon.

Subject:
	Security ID:		SYSTEM
	Account Name:		SYSTEM
	Account Domain:		NT AUTHORITY
	Logon ID:		0x3E7

Privileges:		SeAssignPrimaryTokenPrivilege
			SeTcbPrivilege
			SeSecurityPrivilege
			SeTakeOwnershipPrivilege
			SeLoadDriverPrivilege
			SeBackupPrivilege
			SeRestorePrivilege
			SeDebugPrivilege
			SeAuditPrivilege
			SeSystemEnvironmentPrivilege
			SeImpersonatePrivilege
			SeDelegateSessionUserImpersonatePrivilege"
Information,DD/MM/YYYY 5:11:45 PM,Microsoft-Windows-Security-Auditing,4624,Logon,"An account was successfully logged on.

Subject:
	Security ID:		SYSTEM
	Account Name:		WS-3$
	Account Domain:		LAB
	Logon ID:		0x3E7

Logon Information:
	Logon Type:		5
	Restricted Admin Mode:	-
	Virtual Account:		No
	Elevated Token:		Yes

Impersonation Level:		Impersonation

New Logon:
	Security ID:		SYSTEM
	Account Name:		SYSTEM
	Account Domain:		NT AUTHORITY
	Logon ID:		0x3E7
	Linked Logon ID:		0x0
	Network Account Name:	-
	Network Account Domain:	-
	Logon GUID:		{00000000-0000-0000-0000-000000000000}

Process Information:
	Process ID:		0x2c8
	Process Name:		C:\Windows\System32\services.exe

Network Information:
	Workstation Name:	-
	Source Network Address:	-
	Source Port:		-

Detailed Authentication Information:
	Logon Process:		Advapi  
	Authentication Package:	Negotiate
	Transited Services:	-
	Package Name (NTLM only):	-
	Key Length:		0

This event is generated when a logon session is created. It is generated on the computer that was accessed.

The subject fields indicate the account on the local system which requested the logon. This is most commonly a service such as the Server service, or a local process such as Winlogon.exe or Services.exe.

The logon type field indicates the kind of logon that occurred. The most common types are 2 (interactive) and 3 (network).

The New Logon fields indicate the account for whom the new logon was created, i.e. the account that was logged on.

The network fields indicate where a remote logon request originated. Workstation name is not always available and may be left blank in some cases.

The impersonation level field indicates the extent to which a process in the logon session can impersonate.

The authentication information fields provide detailed information about this specific logon request.
	- Logon GUID is a unique identifier that can be used to correlate this event with a KDC event.
	- Transited services indicate which intermediate services have participated in this logon request.
	- Package name indicates which sub-protocol was used among the NTLM protocols.
	- Key length indicates the length of the generated session key. This will be 0 if no session key was requested."
Information,DD/MM/YYYY 5:11:19 PM,Microsoft-Windows-Security-Auditing,5379,User Account Management,"Credential Manager credentials were read.

Subject:
	Security ID:		LAB\itadmin
	Account Name:		itadmin
	Account Domain:		LAB
	Logon ID:		0x2745E2FC
	Read Operation:		Enumerate Credentials

This event occurs when a user performs a read operation on stored credentials in Credential Manager."
Information,DD/MM/YYYY 5:11:19 PM,Microsoft-Windows-Security-Auditing,5379,User Account Management,"Credential Manager credentials were read.

Subject:
	Security ID:		LAB\itadmin
	Account Name:		itadmin
	Account Domain:		LAB
	Logon ID:		0x2745E2FC
	Read Operation:		Enumerate Credentials

This event occurs when a user performs a read operation on stored credentials in Credential Manager."
Information,DD/MM/YYYY 5:11:18 PM,Microsoft-Windows-Security-Auditing,5379,User Account Management,"Credential Manager credentials were read.

Subject:
	Security ID:		LAB\itadmin
	Account Name:		itadmin
	Account Domain:		LAB
	Logon ID:		0x2745E2FC
	Read Operation:		Enumerate Credentials

This event occurs when a user performs a read operation on stored credentials in Credential Manager."
Information,DD/MM/YYYY 5:11:18 PM,Microsoft-Windows-Security-Auditing,5379,User Account Management,"Credential Manager credentials were read.

Subject:
	Security ID:		LAB\itadmin
	Account Name:		itadmin
	Account Domain:		LAB
	Logon ID:		0x2745E2FC
	Read Operation:		Enumerate Credentials

This event occurs when a user performs a read operation on stored credentials in Credential Manager."
Information,DD/MM/YYYY 5:11:18 PM,Microsoft-Windows-Security-Auditing,5379,User Account Management,"Credential Manager credentials were read.

Subject:
	Security ID:		LAB\itadmin
	Account Name:		itadmin
	Account Domain:		LAB
	Logon ID:		0x2745E2FC
	Read Operation:		Enumerate Credentials

This event occurs when a user performs a read operation on stored credentials in Credential Manager."
Information,DD/MM/YYYY 5:11:18 PM,Microsoft-Windows-Security-Auditing,5379,User Account Management,"Credential Manager credentials were read.

Subject:
	Security ID:		LAB\itadmin
	Account Name:		itadmin
	Account Domain:		LAB
	Logon ID:		0x2745E2FC
	Read Operation:		Enumerate Credentials

This event occurs when a user performs a read operation on stored credentials in Credential Manager."
Information,DD/MM/YYYY 5:11:18 PM,Microsoft-Windows-Security-Auditing,5379,User Account Management,"Credential Manager credentials were read.

Subject:
	Security ID:		LAB\itadmin
	Account Name:		itadmin
	Account Domain:		LAB
	Logon ID:		0x2745E2FC
	Read Operation:		Enumerate Credentials

This event occurs when a user performs a read operation on stored credentials in Credential Manager."
Information,DD/MM/YYYY 5:11:13 PM,Microsoft-Windows-Security-Auditing,5379,User Account Management,"Credential Manager credentials were read.

Subject:
	Security ID:		LAB\itadmin
	Account Name:		itadmin
	Account Domain:		LAB
	Logon ID:		0x2745E2FC
	Read Operation:		Enumerate Credentials

This event occurs when a user performs a read operation on stored credentials in Credential Manager."
Information,DD/MM/YYYY 5:11:13 PM,Microsoft-Windows-Security-Auditing,5379,User Account Management,"Credential Manager credentials were read.

Subject:
	Security ID:		LAB\itadmin
	Account Name:		itadmin
	Account Domain:		LAB
	Logon ID:		0x2745E2FC
	Read Operation:		Enumerate Credentials

This event occurs when a user performs a read operation on stored credentials in Credential Manager."
Information,DD/MM/YYYY 5:11:13 PM,Microsoft-Windows-Security-Auditing,5379,User Account Management,"Credential Manager credentials were read.

Subject:
	Security ID:		LAB\itadmin
	Account Name:		itadmin
	Account Domain:		LAB
	Logon ID:		0x2745E2FC
	Read Operation:		Enumerate Credentials

This event occurs when a user performs a read operation on stored credentials in Credential Manager."
Information,DD/MM/YYYY 5:11:13 PM,Microsoft-Windows-Security-Auditing,5379,User Account Management,"Credential Manager credentials were read.

Subject:
	Security ID:		LAB\itadmin
	Account Name:		itadmin
	Account Domain:		LAB
	Logon ID:		0x2745E2FC
	Read Operation:		Enumerate Credentials

This event occurs when a user performs a read operation on stored credentials in Credential Manager."
Information,DD/MM/YYYY 5:11:13 PM,Microsoft-Windows-Security-Auditing,5379,User Account Management,"Credential Manager credentials were read.

Subject:
	Security ID:		LAB\itadmin
	Account Name:		itadmin
	Account Domain:		LAB
	Logon ID:		0x2745E2FC
	Read Operation:		Enumerate Credentials

This event occurs when a user performs a read operation on stored credentials in Credential Manager."
Information,DD/MM/YYYY 5:11:13 PM,Microsoft-Windows-Security-Auditing,5379,User Account Management,"Credential Manager credentials were read.

Subject:
	Security ID:		LAB\itadmin
	Account Name:		itadmin
	Account Domain:		LAB
	Logon ID:		0x2745E2FC
	Read Operation:		Enumerate Credentials

This event occurs when a user performs a read operation on stored credentials in Credential Manager."
Information,DD/MM/YYYY 5:11:13 PM,Microsoft-Windows-Security-Auditing,5379,User Account Management,"Credential Manager credentials were read.

Subject:
	Security ID:		LAB\itadmin
	Account Name:		itadmin
	Account Domain:		LAB
	Logon ID:		0x2745E2FC
	Read Operation:		Enumerate Credentials

This event occurs when a user performs a read operation on stored credentials in Credential Manager."
Information,DD/MM/YYYY 5:11:12 PM,Microsoft-Windows-Security-Auditing,4672,Special Logon,"Special privileges assigned to new logon.

Subject:
	Security ID:		SYSTEM
	Account Name:		SYSTEM
	Account Domain:		NT AUTHORITY
	Logon ID:		0x3E7

Privileges:		SeAssignPrimaryTokenPrivilege
			SeTcbPrivilege
			SeSecurityPrivilege
			SeTakeOwnershipPrivilege
			SeLoadDriverPrivilege
			SeBackupPrivilege
			SeRestorePrivilege
			SeDebugPrivilege
			SeAuditPrivilege
			SeSystemEnvironmentPrivilege
			SeImpersonatePrivilege
			SeDelegateSessionUserImpersonatePrivilege"
