Level,Date and Time,Source,Event ID,Task Category
Information,DD/MM/YYYY 5:18:09 PM,Microsoft-Windows-Security-Auditing,4688,Process Creation,"A new process has been created.

Creator Subject:
	Security ID:		SYSTEM
	Account Name:		WS-3$
	Account Domain:		LAB
	Logon ID:		0x3E7

Target Subject:
	Security ID:		NULL SID
	Account Name:		itadmin
	Account Domain:		LAB
	Logon ID:		0x2745E2FC

Process Information:
	New Process ID:		0x23e4
	New Process Name:	C:\Windows\System32\BackgroundTransferHost.exe
	Token Elevation Type:	%%1936
	Mandatory Label:		Mandatory Label\Low Mandatory Level
	Creator Process ID:	0x33c
	Creator Process Name:	C:\Windows\System32\svchost.exe
	Process Command Line:	

Token Elevation Type indicates the type of token that was assigned to the new process in accordance with User Account Control policy.

Type 1 is a full token with no privileges removed or groups disabled.  A full token is only used if User Account Control is disabled or if the user is the built-in Administrator account or a service account.

Type 2 is an elevated token with no privileges removed or groups disabled.  An elevated token is used when User Account Control is enabled and the user chooses to start the program using Run as administrator.  An elevated token is also used when an application is configured to always require administrative privilege or to always require maximum privilege, and the user is a member of the Administrators group.

Type 3 is a limited token with administrative privileges removed and administrative groups disabled.  The limited token is used when User Account Control is enabled, the application does not require administrative privilege, and the user does not choose to start the program using Run as administrator."
Information,DD/MM/YYYY 5:18:08 PM,Microsoft-Windows-Security-Auditing,4689,Process Termination,"A process has exited.

Subject:
	Security ID:		LAB\itadmin
	Account Name:		itadmin
	Account Domain:		LAB
	Logon ID:		0x2745E2FC

Process Information:
	Process ID:	0x2ca8
	Process Name:	C:\Windows\System32\BackgroundTransferHost.exe
	Exit Status:	0x1"
Information,DD/MM/YYYY 5:18:08 PM,Microsoft-Windows-Security-Auditing,4688,Process Creation,"A new process has been created.

Creator Subject:
	Security ID:		SYSTEM
	Account Name:		WS-3$
	Account Domain:		LAB
	Logon ID:		0x3E7

Target Subject:
	Security ID:		NULL SID
	Account Name:		itadmin
	Account Domain:		LAB
	Logon ID:		0x2745E2FC

Process Information:
	New Process ID:		0x2ca8
	New Process Name:	C:\Windows\System32\BackgroundTransferHost.exe
	Token Elevation Type:	%%1936
	Mandatory Label:		Mandatory Label\Low Mandatory Level
	Creator Process ID:	0x33c
	Creator Process Name:	C:\Windows\System32\svchost.exe
	Process Command Line:	

Token Elevation Type indicates the type of token that was assigned to the new process in accordance with User Account Control policy.

Type 1 is a full token with no privileges removed or groups disabled.  A full token is only used if User Account Control is disabled or if the user is the built-in Administrator account or a service account.

Type 2 is an elevated token with no privileges removed or groups disabled.  An elevated token is used when User Account Control is enabled and the user chooses to start the program using Run as administrator.  An elevated token is also used when an application is configured to always require administrative privilege or to always require maximum privilege, and the user is a member of the Administrators group.

Type 3 is a limited token with administrative privileges removed and administrative groups disabled.  The limited token is used when User Account Control is enabled, the application does not require administrative privilege, and the user does not choose to start the program using Run as administrator."
Information,DD/MM/YYYY 5:18:08 PM,Microsoft-Windows-Security-Auditing,4798,User Account Management,"A user's local group membership was enumerated.

Subject:
	Security ID:		LAB\itadmin
	Account Name:		itadmin
	Account Domain:		LAB
	Logon ID:		0x2745E2FC

User:
	Security ID:		WS-3\ITAdmin
	Account Name:		ITAdmin
	Account Domain:		WS-3

Process Information:
	Process ID:		0x2c08
	Process Name:		C:\Windows\System32\mmc.exe"
Information,DD/MM/YYYY 5:18:06 PM,Microsoft-Windows-Security-Auditing,4688,Process Creation,"A new process has been created.

Creator Subject:
	Security ID:		SYSTEM
	Account Name:		WS-3$
	Account Domain:		LAB
	Logon ID:		0x3E7

Target Subject:
	Security ID:		NULL SID
	Account Name:		itadmin
	Account Domain:		LAB
	Logon ID:		0x2745E2FC

Process Information:
	New Process ID:		0x269c
	New Process Name:	C:\Windows\System32\backgroundTaskHost.exe
	Token Elevation Type:	%%1936
	Mandatory Label:		Mandatory Label\Low Mandatory Level
	Creator Process ID:	0x33c
	Creator Process Name:	C:\Windows\System32\svchost.exe
	Process Command Line:	

Token Elevation Type indicates the type of token that was assigned to the new process in accordance with User Account Control policy.

Type 1 is a full token with no privileges removed or groups disabled.  A full token is only used if User Account Control is disabled or if the user is the built-in Administrator account or a service account.

Type 2 is an elevated token with no privileges removed or groups disabled.  An elevated token is used when User Account Control is enabled and the user chooses to start the program using Run as administrator.  An elevated token is also used when an application is configured to always require administrative privilege or to always require maximum privilege, and the user is a member of the Administrators group.

Type 3 is a limited token with administrative privileges removed and administrative groups disabled.  The limited token is used when User Account Control is enabled, the application does not require administrative privilege, and the user does not choose to start the program using Run as administrator."
Information,DD/MM/YYYY 5:18:02 PM,Microsoft-Windows-Security-Auditing,4798,User Account Management,"A user's local group membership was enumerated.

Subject:
	Security ID:		LAB\itadmin
	Account Name:		itadmin
	Account Domain:		LAB
	Logon ID:		0x2745E2FC

User:
	Security ID:		WS-3\ITAdmin
	Account Name:		ITAdmin
	Account Domain:		WS-3

Process Information:
	Process ID:		0x2c08
	Process Name:		C:\Windows\System32\mmc.exe"
Information,DD/MM/YYYY 5:17:53 PM,Microsoft-Windows-Security-Auditing,4689,Process Termination,"A process has exited.

Subject:
	Security ID:		LAB\itadmin
	Account Name:		itadmin
	Account Domain:		LAB
	Logon ID:		0x2745E2FC

Process Information:
	Process ID:	0xdf8
	Process Name:	C:\Windows\System32\dllhost.exe
	Exit Status:	0x0"
Information,DD/MM/YYYY 5:17:52 PM,Microsoft-Windows-Security-Auditing,4703,Token Right Adjusted Events,"A token right was adjusted.

Subject:
	Security ID:		LAB\itadmin
	Account Name:		itadmin
	Account Domain:		LAB
	Logon ID:		0x2745E2FC

Target Account:
	Security ID:		NULL SID
	Account Name:		itadmin
	Account Domain:		LAB
	Logon ID:		0x2745E2FC

Process Information:
	Process ID:		0x2c08
	Process Name:		C:\Windows\System32\mmc.exe

Enabled Privileges:
			SeSecurityPrivilege

Disabled Privileges:
			-"
Information,DD/MM/YYYY 5:17:52 PM,Microsoft-Windows-Security-Auditing,4689,Process Termination,"A process has exited.

Subject:
	Security ID:		LAB\itadmin
	Account Name:		itadmin
	Account Domain:		LAB
	Logon ID:		0x2745E2FC

Process Information:
	Process ID:	0x25d0
	Process Name:	C:\Windows\System32\eventvwr.exe
	Exit Status:	0x0"
Information,DD/MM/YYYY 5:17:52 PM,Microsoft-Windows-Security-Auditing,4688,Process Creation,"A new process has been created.

Creator Subject:
	Security ID:		LAB\itadmin
	Account Name:		itadmin
	Account Domain:		LAB
	Logon ID:		0x2745E2FC

Target Subject:
	Security ID:		NULL SID
	Account Name:		-
	Account Domain:		-
	Logon ID:		0x0

Process Information:
	New Process ID:		0x2c08
	New Process Name:	C:\Windows\System32\mmc.exe
	Token Elevation Type:	%%1936
	Mandatory Label:		Mandatory Label\High Mandatory Level
	Creator Process ID:	0x25d0
	Creator Process Name:	C:\Windows\System32\eventvwr.exe
	Process Command Line:	

Token Elevation Type indicates the type of token that was assigned to the new process in accordance with User Account Control policy.

Type 1 is a full token with no privileges removed or groups disabled.  A full token is only used if User Account Control is disabled or if the user is the built-in Administrator account or a service account.

Type 2 is an elevated token with no privileges removed or groups disabled.  An elevated token is used when User Account Control is enabled and the user chooses to start the program using Run as administrator.  An elevated token is also used when an application is configured to always require administrative privilege or to always require maximum privilege, and the user is a member of the Administrators group.

Type 3 is a limited token with administrative privileges removed and administrative groups disabled.  The limited token is used when User Account Control is enabled, the application does not require administrative privilege, and the user does not choose to start the program using Run as administrator."
Information,DD/MM/YYYY 5:17:52 PM,Microsoft-Windows-Security-Auditing,4688,Process Creation,"A new process has been created.

Creator Subject:
	Security ID:		LAB\itadmin
	Account Name:		itadmin
	Account Domain:		LAB
	Logon ID:		0x2745E2FC

Target Subject:
	Security ID:		NULL SID
	Account Name:		-
	Account Domain:		-
	Logon ID:		0x0

Process Information:
	New Process ID:		0x25d0
	New Process Name:	C:\Windows\System32\eventvwr.exe
	Token Elevation Type:	%%1936
	Mandatory Label:		Mandatory Label\High Mandatory Level
	Creator Process ID:	0x12dc
	Creator Process Name:	C:\Windows\explorer.exe
	Process Command Line:	

Token Elevation Type indicates the type of token that was assigned to the new process in accordance with User Account Control policy.

Type 1 is a full token with no privileges removed or groups disabled.  A full token is only used if User Account Control is disabled or if the user is the built-in Administrator account or a service account.

Type 2 is an elevated token with no privileges removed or groups disabled.  An elevated token is used when User Account Control is enabled and the user chooses to start the program using Run as administrator.  An elevated token is also used when an application is configured to always require administrative privilege or to always require maximum privilege, and the user is a member of the Administrators group.

Type 3 is a limited token with administrative privileges removed and administrative groups disabled.  The limited token is used when User Account Control is enabled, the application does not require administrative privilege, and the user does not choose to start the program using Run as administrator."
Information,DD/MM/YYYY 5:17:47 PM,Microsoft-Windows-Security-Auditing,4688,Process Creation,"A new process has been created.

Creator Subject:
	Security ID:		SYSTEM
	Account Name:		WS-3$
	Account Domain:		LAB
	Logon ID:		0x3E7

Target Subject:
	Security ID:		NULL SID
	Account Name:		-
	Account Domain:		-
	Logon ID:		0x0

Process Information:
	New Process ID:		0x118c
	New Process Name:	C:\Windows\System32\SearchFilterHost.exe
	Token Elevation Type:	%%1936
	Mandatory Label:		Mandatory Label\Medium Mandatory Level
	Creator Process ID:	0x18a4
	Creator Process Name:	C:\Windows\System32\SearchIndexer.exe
	Process Command Line:	

Token Elevation Type indicates the type of token that was assigned to the new process in accordance with User Account Control policy.

Type 1 is a full token with no privileges removed or groups disabled.  A full token is only used if User Account Control is disabled or if the user is the built-in Administrator account or a service account.

Type 2 is an elevated token with no privileges removed or groups disabled.  An elevated token is used when User Account Control is enabled and the user chooses to start the program using Run as administrator.  An elevated token is also used when an application is configured to always require administrative privilege or to always require maximum privilege, and the user is a member of the Administrators group.

Type 3 is a limited token with administrative privileges removed and administrative groups disabled.  The limited token is used when User Account Control is enabled, the application does not require administrative privilege, and the user does not choose to start the program using Run as administrator."
Information,DD/MM/YYYY 5:17:47 PM,Microsoft-Windows-Security-Auditing,4688,Process Creation,"A new process has been created.

Creator Subject:
	Security ID:		SYSTEM
	Account Name:		WS-3$
	Account Domain:		LAB
	Logon ID:		0x3E7

Target Subject:
	Security ID:		NULL SID
	Account Name:		-
	Account Domain:		-
	Logon ID:		0x0

Process Information:
	New Process ID:		0x780
	New Process Name:	C:\Windows\System32\SearchProtocolHost.exe
	Token Elevation Type:	%%1936
	Mandatory Label:		Mandatory Label\System Mandatory Level
	Creator Process ID:	0x18a4
	Creator Process Name:	C:\Windows\System32\SearchIndexer.exe
	Process Command Line:	

Token Elevation Type indicates the type of token that was assigned to the new process in accordance with User Account Control policy.

Type 1 is a full token with no privileges removed or groups disabled.  A full token is only used if User Account Control is disabled or if the user is the built-in Administrator account or a service account.

Type 2 is an elevated token with no privileges removed or groups disabled.  An elevated token is used when User Account Control is enabled and the user chooses to start the program using Run as administrator.  An elevated token is also used when an application is configured to always require administrative privilege or to always require maximum privilege, and the user is a member of the Administrators group.

Type 3 is a limited token with administrative privileges removed and administrative groups disabled.  The limited token is used when User Account Control is enabled, the application does not require administrative privilege, and the user does not choose to start the program using Run as administrator."
Information,DD/MM/YYYY 5:17:47 PM,Microsoft-Windows-Security-Auditing,4689,Process Termination,"A process has exited.

Subject:
	Security ID:		LAB\itadmin
	Account Name:		itadmin
	Account Domain:		LAB
	Logon ID:		0x2745E2FC

Process Information:
	Process ID:	0x23cc
	Process Name:	C:\Windows\System32\backgroundTaskHost.exe
	Exit Status:	0x1"
Information,DD/MM/YYYY 5:17:44 PM,Microsoft-Windows-Security-Auditing,4688,Process Creation,"A new process has been created.

Creator Subject:
	Security ID:		SYSTEM
	Account Name:		WS-3$
	Account Domain:		LAB
	Logon ID:		0x3E7

Target Subject:
	Security ID:		NULL SID
	Account Name:		itadmin
	Account Domain:		LAB
	Logon ID:		0x2745E2FC

Process Information:
	New Process ID:		0xdf8
	New Process Name:	C:\Windows\System32\dllhost.exe
	Token Elevation Type:	%%1936
	Mandatory Label:		Mandatory Label\High Mandatory Level
	Creator Process ID:	0x33c
	Creator Process Name:	C:\Windows\System32\svchost.exe
	Process Command Line:	

Token Elevation Type indicates the type of token that was assigned to the new process in accordance with User Account Control policy.

Type 1 is a full token with no privileges removed or groups disabled.  A full token is only used if User Account Control is disabled or if the user is the built-in Administrator account or a service account.

Type 2 is an elevated token with no privileges removed or groups disabled.  An elevated token is used when User Account Control is enabled and the user chooses to start the program using Run as administrator.  An elevated token is also used when an application is configured to always require administrative privilege or to always require maximum privilege, and the user is a member of the Administrators group.

Type 3 is a limited token with administrative privileges removed and administrative groups disabled.  The limited token is used when User Account Control is enabled, the application does not require administrative privilege, and the user does not choose to start the program using Run as administrator."
Information,DD/MM/YYYY 5:17:42 PM,Microsoft-Windows-Security-Auditing,4688,Process Creation,"A new process has been created.

Creator Subject:
	Security ID:		SYSTEM
	Account Name:		WS-3$
	Account Domain:		LAB
	Logon ID:		0x3E7

Target Subject:
	Security ID:		NULL SID
	Account Name:		-
	Account Domain:		-
	Logon ID:		0x0

Process Information:
	New Process ID:		0x172c
	New Process Name:	C:\Windows\System32\svchost.exe
	Token Elevation Type:	%%1936
	Mandatory Label:		Mandatory Label\System Mandatory Level
	Creator Process ID:	0x2c8
	Creator Process Name:	C:\Windows\System32\services.exe
	Process Command Line:	

Token Elevation Type indicates the type of token that was assigned to the new process in accordance with User Account Control policy.

Type 1 is a full token with no privileges removed or groups disabled.  A full token is only used if User Account Control is disabled or if the user is the built-in Administrator account or a service account.

Type 2 is an elevated token with no privileges removed or groups disabled.  An elevated token is used when User Account Control is enabled and the user chooses to start the program using Run as administrator.  An elevated token is also used when an application is configured to always require administrative privilege or to always require maximum privilege, and the user is a member of the Administrators group.

Type 3 is a limited token with administrative privileges removed and administrative groups disabled.  The limited token is used when User Account Control is enabled, the application does not require administrative privilege, and the user does not choose to start the program using Run as administrator."
Information,DD/MM/YYYY 5:17:42 PM,Microsoft-Windows-Security-Auditing,4672,Special Logon,"Special privileges assigned to new logon.

Subject:
	Security ID:		SYSTEM
	Account Name:		SYSTEM
	Account Domain:		NT AUTHORITY
	Logon ID:		0x3E7

Privileges:		SeAssignPrimaryTokenPrivilege
			SeTcbPrivilege
			SeSecurityPrivilege
			SeTakeOwnershipPrivilege
			SeLoadDriverPrivilege
			SeBackupPrivilege
			SeRestorePrivilege
			SeDebugPrivilege
			SeAuditPrivilege
			SeSystemEnvironmentPrivilege
			SeImpersonatePrivilege
			SeDelegateSessionUserImpersonatePrivilege"
Information,DD/MM/YYYY 5:17:42 PM,Microsoft-Windows-Security-Auditing,4627,Group Membership,"Group membership information.

Subject:
	Security ID:		SYSTEM
	Account Name:		WS-3$
	Account Domain:		LAB
	Logon ID:		0x3E7

Logon Type:			5

New Logon:
	Security ID:		SYSTEM
	Account Name:		SYSTEM
	Account Domain:		NT AUTHORITY
	Logon ID:		0x3E7

Event in sequence:		1 of 1

Group Membership:			
		BUILTIN\Administrators
		Everyone
		NT AUTHORITY\Authenticated Users
		Mandatory Label\System Mandatory Level

The subject fields indicate the account on the local system which requested the logon. This is most commonly a service such as the Server service, or a local process such as Winlogon.exe or Services.exe.

The logon type field indicates the kind of logon that occurred. The most common types are 2 (interactive) and 3 (network).

The New Logon fields indicate the account for whom the new logon was created, i.e. the account that was logged on.

This event is generated when the Audit Group Membership subcategory is configured.  The Logon ID field can be used to correlate this event with the corresponding user logon event as well as to any other security audit events generated during this logon session."
Information,DD/MM/YYYY 5:17:42 PM,Microsoft-Windows-Security-Auditing,4624,Logon,"An account was successfully logged on.

Subject:
	Security ID:		SYSTEM
	Account Name:		WS-3$
	Account Domain:		LAB
	Logon ID:		0x3E7

Logon Information:
	Logon Type:		5
	Restricted Admin Mode:	-
	Virtual Account:		No
	Elevated Token:		Yes

Impersonation Level:		Impersonation

New Logon:
	Security ID:		SYSTEM
	Account Name:		SYSTEM
	Account Domain:		NT AUTHORITY
	Logon ID:		0x3E7
	Linked Logon ID:		0x0
	Network Account Name:	-
	Network Account Domain:	-
	Logon GUID:		{00000000-0000-0000-0000-000000000000}

Process Information:
	Process ID:		0x2c8
	Process Name:		C:\Windows\System32\services.exe

Network Information:
	Workstation Name:	-
	Source Network Address:	-
	Source Port:		-

Detailed Authentication Information:
	Logon Process:		Advapi  
	Authentication Package:	Negotiate
	Transited Services:	-
	Package Name (NTLM only):	-
	Key Length:		0

This event is generated when a logon session is created. It is generated on the computer that was accessed.

The subject fields indicate the account on the local system which requested the logon. This is most commonly a service such as the Server service, or a local process such as Winlogon.exe or Services.exe.

The logon type field indicates the kind of logon that occurred. The most common types are 2 (interactive) and 3 (network).

The New Logon fields indicate the account for whom the new logon was created, i.e. the account that was logged on.

The network fields indicate where a remote logon request originated. Workstation name is not always available and may be left blank in some cases.

The impersonation level field indicates the extent to which a process in the logon session can impersonate.

The authentication information fields provide detailed information about this specific logon request.
	- Logon GUID is a unique identifier that can be used to correlate this event with a KDC event.
	- Transited services indicate which intermediate services have participated in this logon request.
	- Package name indicates which sub-protocol was used among the NTLM protocols.
	- Key length indicates the length of the generated session key. This will be 0 if no session key was requested."
Information,DD/MM/YYYY 5:17:42 PM,Microsoft-Windows-Security-Auditing,4689,Process Termination,"A process has exited.

Subject:
	Security ID:		SYSTEM
	Account Name:		WS-3$
	Account Domain:		LAB
	Logon ID:		0x3E7

Process Information:
	Process ID:	0x29a4
	Process Name:	C:\Windows\System32\svchost.exe
	Exit Status:	0x0"
Information,DD/MM/YYYY 5:17:40 PM,Microsoft-Windows-Security-Auditing,4688,Process Creation,"A new process has been created.

Creator Subject:
	Security ID:		SYSTEM
	Account Name:		WS-3$
	Account Domain:		LAB
	Logon ID:		0x3E7

Target Subject:
	Security ID:		NULL SID
	Account Name:		itadmin
	Account Domain:		LAB
	Logon ID:		0x2745E2FC

Process Information:
	New Process ID:		0x23cc
	New Process Name:	C:\Windows\System32\backgroundTaskHost.exe
	Token Elevation Type:	%%1936
	Mandatory Label:		Mandatory Label\Low Mandatory Level
	Creator Process ID:	0x33c
	Creator Process Name:	C:\Windows\System32\svchost.exe
	Process Command Line:	

Token Elevation Type indicates the type of token that was assigned to the new process in accordance with User Account Control policy.

Type 1 is a full token with no privileges removed or groups disabled.  A full token is only used if User Account Control is disabled or if the user is the built-in Administrator account or a service account.

Type 2 is an elevated token with no privileges removed or groups disabled.  An elevated token is used when User Account Control is enabled and the user chooses to start the program using Run as administrator.  An elevated token is also used when an application is configured to always require administrative privilege or to always require maximum privilege, and the user is a member of the Administrators group.

Type 3 is a limited token with administrative privileges removed and administrative groups disabled.  The limited token is used when User Account Control is enabled, the application does not require administrative privilege, and the user does not choose to start the program using Run as administrator."
Information,DD/MM/YYYY 5:17:39 PM,Microsoft-Windows-Security-Auditing,4798,User Account Management,"A user's local group membership was enumerated.

Subject:
	Security ID:		LAB\itadmin
	Account Name:		itadmin
	Account Domain:		LAB
	Logon ID:		0x2745E2FC

User:
	Security ID:		WS-3\ITAdmin
	Account Name:		ITAdmin
	Account Domain:		WS-3

Process Information:
	Process ID:		0x12dc
	Process Name:		C:\Windows\explorer.exe"
Information,DD/MM/YYYY 5:17:39 PM,Microsoft-Windows-Security-Auditing,4798,User Account Management,"A user's local group membership was enumerated.

Subject:
	Security ID:		LAB\itadmin
	Account Name:		itadmin
	Account Domain:		LAB
	Logon ID:		0x2745E2FC

User:
	Security ID:		WS-3\ITAdmin
	Account Name:		ITAdmin
	Account Domain:		WS-3

Process Information:
	Process ID:		0x1894
	Process Name:		C:\Windows\System32\mmc.exe"
Information,DD/MM/YYYY 5:17:39 PM,Microsoft-Windows-Security-Auditing,4703,Token Right Adjusted Events,"A token right was adjusted.

Subject:
	Security ID:		SYSTEM
	Account Name:		WS-3$
	Account Domain:		LAB
	Logon ID:		0x3E7

Target Account:
	Security ID:		SYSTEM
	Account Name:		WS-3$
	Account Domain:		LAB
	Logon ID:		0x3E7

Process Information:
	Process ID:		0xa8c
	Process Name:		C:\Windows\System32\svchost.exe

Enabled Privileges:
			SeAssignPrimaryTokenPrivilege
			SeIncreaseQuotaPrivilege
			SeSecurityPrivilege
			SeTakeOwnershipPrivilege
			SeLoadDriverPrivilege
			SeSystemtimePrivilege
			SeBackupPrivilege
			SeRestorePrivilege
			SeShutdownPrivilege
			SeSystemEnvironmentPrivilege
			SeUndockPrivilege
			SeManageVolumePrivilege

Disabled Privileges:
			-"
Information,DD/MM/YYYY 5:17:39 PM,Microsoft-Windows-Security-Auditing,4703,Token Right Adjusted Events,"A token right was adjusted.

Subject:
	Security ID:		SYSTEM
	Account Name:		WS-3$
	Account Domain:		LAB
	Logon ID:		0x3E7

Target Account:
	Security ID:		SYSTEM
	Account Name:		WS-3$
	Account Domain:		LAB
	Logon ID:		0x3E7

Process Information:
	Process ID:		0xa8c
	Process Name:		C:\Windows\System32\svchost.exe

Enabled Privileges:
			SeAssignPrimaryTokenPrivilege
			SeIncreaseQuotaPrivilege
			SeSecurityPrivilege
			SeTakeOwnershipPrivilege
			SeLoadDriverPrivilege
			SeSystemtimePrivilege
			SeBackupPrivilege
			SeRestorePrivilege
			SeShutdownPrivilege
			SeSystemEnvironmentPrivilege
			SeUndockPrivilege
			SeManageVolumePrivilege

Disabled Privileges:
			-"
Information,DD/MM/YYYY 5:17:39 PM,Microsoft-Windows-Security-Auditing,4703,Token Right Adjusted Events,"A token right was adjusted.

Subject:
	Security ID:		SYSTEM
	Account Name:		WS-3$
	Account Domain:		LAB
	Logon ID:		0x3E7

Target Account:
	Security ID:		SYSTEM
	Account Name:		WS-3$
	Account Domain:		LAB
	Logon ID:		0x3E7

Process Information:
	Process ID:		0xa8c
	Process Name:		C:\Windows\System32\svchost.exe

Enabled Privileges:
			SeAssignPrimaryTokenPrivilege
			SeIncreaseQuotaPrivilege
			SeSecurityPrivilege
			SeTakeOwnershipPrivilege
			SeLoadDriverPrivilege
			SeSystemtimePrivilege
			SeBackupPrivilege
			SeRestorePrivilege
			SeShutdownPrivilege
			SeSystemEnvironmentPrivilege
			SeUndockPrivilege
			SeManageVolumePrivilege

Disabled Privileges:
			-"
Information,DD/MM/YYYY 5:17:39 PM,Microsoft-Windows-Security-Auditing,4703,Token Right Adjusted Events,"A token right was adjusted.

Subject:
	Security ID:		SYSTEM
	Account Name:		WS-3$
	Account Domain:		LAB
	Logon ID:		0x3E7

Target Account:
	Security ID:		SYSTEM
	Account Name:		WS-3$
	Account Domain:		LAB
	Logon ID:		0x3E7

Process Information:
	Process ID:		0xa8c
	Process Name:		C:\Windows\System32\svchost.exe

Enabled Privileges:
			SeAssignPrimaryTokenPrivilege
			SeIncreaseQuotaPrivilege
			SeSecurityPrivilege
			SeTakeOwnershipPrivilege
			SeLoadDriverPrivilege
			SeSystemtimePrivilege
			SeBackupPrivilege
			SeRestorePrivilege
			SeShutdownPrivilege
			SeSystemEnvironmentPrivilege
			SeUndockPrivilege
			SeManageVolumePrivilege

Disabled Privileges:
			-"
Information,DD/MM/YYYY 5:17:39 PM,Microsoft-Windows-Security-Auditing,4703,Token Right Adjusted Events,"A token right was adjusted.

Subject:
	Security ID:		SYSTEM
	Account Name:		WS-3$
	Account Domain:		LAB
	Logon ID:		0x3E7

Target Account:
	Security ID:		SYSTEM
	Account Name:		WS-3$
	Account Domain:		LAB
	Logon ID:		0x3E7

Process Information:
	Process ID:		0xa8c
	Process Name:		C:\Windows\System32\svchost.exe

Enabled Privileges:
			SeAssignPrimaryTokenPrivilege
			SeIncreaseQuotaPrivilege
			SeSecurityPrivilege
			SeTakeOwnershipPrivilege
			SeLoadDriverPrivilege
			SeSystemtimePrivilege
			SeBackupPrivilege
			SeRestorePrivilege
			SeShutdownPrivilege
			SeSystemEnvironmentPrivilege
			SeUndockPrivilege
			SeManageVolumePrivilege

Disabled Privileges:
			-"
Information,DD/MM/YYYY 5:17:39 PM,Microsoft-Windows-Security-Auditing,4703,Token Right Adjusted Events,"A token right was adjusted.

Subject:
	Security ID:		SYSTEM
	Account Name:		WS-3$
	Account Domain:		LAB
	Logon ID:		0x3E7

Target Account:
	Security ID:		SYSTEM
	Account Name:		WS-3$
	Account Domain:		LAB
	Logon ID:		0x3E7

Process Information:
	Process ID:		0xa8c
	Process Name:		C:\Windows\System32\svchost.exe

Enabled Privileges:
			SeAssignPrimaryTokenPrivilege
			SeIncreaseQuotaPrivilege
			SeSecurityPrivilege
			SeTakeOwnershipPrivilege
			SeLoadDriverPrivilege
			SeSystemtimePrivilege
			SeBackupPrivilege
			SeRestorePrivilege
			SeShutdownPrivilege
			SeSystemEnvironmentPrivilege
			SeUndockPrivilege
			SeManageVolumePrivilege

Disabled Privileges:
			-"
Information,DD/MM/YYYY 5:17:39 PM,Microsoft-Windows-Security-Auditing,4703,Token Right Adjusted Events,"A token right was adjusted.

Subject:
	Security ID:		SYSTEM
	Account Name:		WS-3$
	Account Domain:		LAB
	Logon ID:		0x3E7

Target Account:
	Security ID:		SYSTEM
	Account Name:		WS-3$
	Account Domain:		LAB
	Logon ID:		0x3E7

Process Information:
	Process ID:		0xa8c
	Process Name:		C:\Windows\System32\svchost.exe

Enabled Privileges:
			SeAssignPrimaryTokenPrivilege
			SeIncreaseQuotaPrivilege
			SeSecurityPrivilege
			SeTakeOwnershipPrivilege
			SeLoadDriverPrivilege
			SeSystemtimePrivilege
			SeBackupPrivilege
			SeRestorePrivilege
			SeShutdownPrivilege
			SeSystemEnvironmentPrivilege
			SeUndockPrivilege
			SeManageVolumePrivilege

Disabled Privileges:
			-"
Information,DD/MM/YYYY 5:17:38 PM,Microsoft-Windows-Security-Auditing,4689,Process Termination,"A process has exited.

Subject:
	Security ID:		SYSTEM
	Account Name:		WS-3$
	Account Domain:		LAB
	Logon ID:		0x3E7

Process Information:
	Process ID:	0x14a0
	Process Name:	C:\Windows\System32\conhost.exe
	Exit Status:	0x0"
Information,DD/MM/YYYY 5:17:38 PM,Microsoft-Windows-Security-Auditing,4689,Process Termination,"A process has exited.

Subject:
	Security ID:		SYSTEM
	Account Name:		WS-3$
	Account Domain:		LAB
	Logon ID:		0x3E7

Process Information:
	Process ID:	0x1e44
	Process Name:	C:\Windows\System32\quser.exe
	Exit Status:	0x0"
Information,DD/MM/YYYY 5:17:38 PM,Microsoft-Windows-Security-Auditing,4688,Process Creation,"A new process has been created.

Creator Subject:
	Security ID:		SYSTEM
	Account Name:		WS-3$
	Account Domain:		LAB
	Logon ID:		0x3E7

Target Subject:
	Security ID:		NULL SID
	Account Name:		-
	Account Domain:		-
	Logon ID:		0x0

Process Information:
	New Process ID:		0x14a0
	New Process Name:	C:\Windows\System32\conhost.exe
	Token Elevation Type:	%%1936
	Mandatory Label:		Mandatory Label\System Mandatory Level
	Creator Process ID:	0x1e44
	Creator Process Name:	C:\Windows\System32\quser.exe
	Process Command Line:	

Token Elevation Type indicates the type of token that was assigned to the new process in accordance with User Account Control policy.

Type 1 is a full token with no privileges removed or groups disabled.  A full token is only used if User Account Control is disabled or if the user is the built-in Administrator account or a service account.

Type 2 is an elevated token with no privileges removed or groups disabled.  An elevated token is used when User Account Control is enabled and the user chooses to start the program using Run as administrator.  An elevated token is also used when an application is configured to always require administrative privilege or to always require maximum privilege, and the user is a member of the Administrators group.

Type 3 is a limited token with administrative privileges removed and administrative groups disabled.  The limited token is used when User Account Control is enabled, the application does not require administrative privilege, and the user does not choose to start the program using Run as administrator."
Information,DD/MM/YYYY 5:17:38 PM,Microsoft-Windows-Security-Auditing,4688,Process Creation,"A new process has been created.

Creator Subject:
	Security ID:		SYSTEM
	Account Name:		WS-3$
	Account Domain:		LAB
	Logon ID:		0x3E7

Target Subject:
	Security ID:		NULL SID
	Account Name:		-
	Account Domain:		-
	Logon ID:		0x0

Process Information:
	New Process ID:		0x1e44
	New Process Name:	C:\Windows\System32\quser.exe
	Token Elevation Type:	%%1936
	Mandatory Label:		Mandatory Label\System Mandatory Level
	Creator Process ID:	0xb1c
	Creator Process Name:	C:\Windows\LTSvc\LTSVC.exe
	Process Command Line:	

Token Elevation Type indicates the type of token that was assigned to the new process in accordance with User Account Control policy.

Type 1 is a full token with no privileges removed or groups disabled.  A full token is only used if User Account Control is disabled or if the user is the built-in Administrator account or a service account.

Type 2 is an elevated token with no privileges removed or groups disabled.  An elevated token is used when User Account Control is enabled and the user chooses to start the program using Run as administrator.  An elevated token is also used when an application is configured to always require administrative privilege or to always require maximum privilege, and the user is a member of the Administrators group.

Type 3 is a limited token with administrative privileges removed and administrative groups disabled.  The limited token is used when User Account Control is enabled, the application does not require administrative privilege, and the user does not choose to start the program using Run as administrator."
Information,DD/MM/YYYY 5:17:38 PM,Microsoft-Windows-Security-Auditing,4798,User Account Management,"A user's local group membership was enumerated.

Subject:
	Security ID:		LAB\itadmin
	Account Name:		itadmin
	Account Domain:		LAB
	Logon ID:		0x2745E2FC

User:
	Security ID:		WS-3\ITAdmin
	Account Name:		ITAdmin
	Account Domain:		WS-3

Process Information:
	Process ID:		0x1894
	Process Name:		C:\Windows\System32\mmc.exe"
Information,DD/MM/YYYY 5:17:23 PM,Microsoft-Windows-Security-Auditing,4703,Token Right Adjusted Events,"A token right was adjusted.

Subject:
	Security ID:		SYSTEM
	Account Name:		WS-3$
	Account Domain:		LAB
	Logon ID:		0x3E7

Target Account:
	Security ID:		SYSTEM
	Account Name:		WS-3$
	Account Domain:		LAB
	Logon ID:		0x3E7

Process Information:
	Process ID:		0xa8c
	Process Name:		C:\Windows\System32\svchost.exe

Enabled Privileges:
			SeAssignPrimaryTokenPrivilege
			SeIncreaseQuotaPrivilege
			SeSecurityPrivilege
			SeTakeOwnershipPrivilege
			SeLoadDriverPrivilege
			SeSystemtimePrivilege
			SeBackupPrivilege
			SeRestorePrivilege
			SeShutdownPrivilege
			SeSystemEnvironmentPrivilege
			SeUndockPrivilege
			SeManageVolumePrivilege

Disabled Privileges:
			-"
Information,DD/MM/YYYY 5:17:23 PM,Microsoft-Windows-Security-Auditing,4703,Token Right Adjusted Events,"A token right was adjusted.

Subject:
	Security ID:		SYSTEM
	Account Name:		WS-3$
	Account Domain:		LAB
	Logon ID:		0x3E7

Target Account:
	Security ID:		SYSTEM
	Account Name:		WS-3$
	Account Domain:		LAB
	Logon ID:		0x3E7

Process Information:
	Process ID:		0xa8c
	Process Name:		C:\Windows\System32\svchost.exe

Enabled Privileges:
			SeAssignPrimaryTokenPrivilege
			SeIncreaseQuotaPrivilege
			SeSecurityPrivilege
			SeTakeOwnershipPrivilege
			SeLoadDriverPrivilege
			SeSystemtimePrivilege
			SeBackupPrivilege
			SeRestorePrivilege
			SeShutdownPrivilege
			SeSystemEnvironmentPrivilege
			SeUndockPrivilege
			SeManageVolumePrivilege

Disabled Privileges:
			-"
Information,DD/MM/YYYY 5:17:23 PM,Microsoft-Windows-Security-Auditing,4703,Token Right Adjusted Events,"A token right was adjusted.

Subject:
	Security ID:		SYSTEM
	Account Name:		WS-3$
	Account Domain:		LAB
	Logon ID:		0x3E7

Target Account:
	Security ID:		SYSTEM
	Account Name:		WS-3$
	Account Domain:		LAB
	Logon ID:		0x3E7

Process Information:
	Process ID:		0xa8c
	Process Name:		C:\Windows\System32\svchost.exe

Enabled Privileges:
			SeAssignPrimaryTokenPrivilege
			SeIncreaseQuotaPrivilege
			SeSecurityPrivilege
			SeTakeOwnershipPrivilege
			SeLoadDriverPrivilege
			SeSystemtimePrivilege
			SeBackupPrivilege
			SeRestorePrivilege
			SeShutdownPrivilege
			SeSystemEnvironmentPrivilege
			SeUndockPrivilege
			SeManageVolumePrivilege

Disabled Privileges:
			-"
Information,DD/MM/YYYY 5:17:23 PM,Microsoft-Windows-Security-Auditing,4703,Token Right Adjusted Events,"A token right was adjusted.

Subject:
	Security ID:		SYSTEM
	Account Name:		WS-3$
	Account Domain:		LAB
	Logon ID:		0x3E7

Target Account:
	Security ID:		SYSTEM
	Account Name:		WS-3$
	Account Domain:		LAB
	Logon ID:		0x3E7

Process Information:
	Process ID:		0xa8c
	Process Name:		C:\Windows\System32\svchost.exe

Enabled Privileges:
			SeAssignPrimaryTokenPrivilege
			SeIncreaseQuotaPrivilege
			SeSecurityPrivilege
			SeTakeOwnershipPrivilege
			SeLoadDriverPrivilege
			SeSystemtimePrivilege
			SeBackupPrivilege
			SeRestorePrivilege
			SeShutdownPrivilege
			SeSystemEnvironmentPrivilege
			SeUndockPrivilege
			SeManageVolumePrivilege

Disabled Privileges:
			-"
Information,DD/MM/YYYY 5:17:23 PM,Microsoft-Windows-Security-Auditing,4703,Token Right Adjusted Events,"A token right was adjusted.

Subject:
	Security ID:		SYSTEM
	Account Name:		WS-3$
	Account Domain:		LAB
	Logon ID:		0x3E7

Target Account:
	Security ID:		SYSTEM
	Account Name:		WS-3$
	Account Domain:		LAB
	Logon ID:		0x3E7

Process Information:
	Process ID:		0xa8c
	Process Name:		C:\Windows\System32\svchost.exe

Enabled Privileges:
			SeAssignPrimaryTokenPrivilege
			SeIncreaseQuotaPrivilege
			SeSecurityPrivilege
			SeTakeOwnershipPrivilege
			SeLoadDriverPrivilege
			SeSystemtimePrivilege
			SeBackupPrivilege
			SeRestorePrivilege
			SeShutdownPrivilege
			SeSystemEnvironmentPrivilege
			SeUndockPrivilege
			SeManageVolumePrivilege

Disabled Privileges:
			-"
Information,DD/MM/YYYY 5:17:23 PM,Microsoft-Windows-Security-Auditing,4703,Token Right Adjusted Events,"A token right was adjusted.

Subject:
	Security ID:		SYSTEM
	Account Name:		WS-3$
	Account Domain:		LAB
	Logon ID:		0x3E7

Target Account:
	Security ID:		SYSTEM
	Account Name:		WS-3$
	Account Domain:		LAB
	Logon ID:		0x3E7

Process Information:
	Process ID:		0xa8c
	Process Name:		C:\Windows\System32\svchost.exe

Enabled Privileges:
			SeAssignPrimaryTokenPrivilege
			SeIncreaseQuotaPrivilege
			SeSecurityPrivilege
			SeTakeOwnershipPrivilege
			SeLoadDriverPrivilege
			SeSystemtimePrivilege
			SeBackupPrivilege
			SeRestorePrivilege
			SeShutdownPrivilege
			SeSystemEnvironmentPrivilege
			SeUndockPrivilege
			SeManageVolumePrivilege

Disabled Privileges:
			-"
Information,DD/MM/YYYY 5:17:23 PM,Microsoft-Windows-Security-Auditing,4703,Token Right Adjusted Events,"A token right was adjusted.

Subject:
	Security ID:		SYSTEM
	Account Name:		WS-3$
	Account Domain:		LAB
	Logon ID:		0x3E7

Target Account:
	Security ID:		SYSTEM
	Account Name:		WS-3$
	Account Domain:		LAB
	Logon ID:		0x3E7

Process Information:
	Process ID:		0xa8c
	Process Name:		C:\Windows\System32\svchost.exe

Enabled Privileges:
			SeAssignPrimaryTokenPrivilege
			SeIncreaseQuotaPrivilege
			SeSecurityPrivilege
			SeTakeOwnershipPrivilege
			SeLoadDriverPrivilege
			SeSystemtimePrivilege
			SeBackupPrivilege
			SeRestorePrivilege
			SeShutdownPrivilege
			SeSystemEnvironmentPrivilege
			SeUndockPrivilege
			SeManageVolumePrivilege

Disabled Privileges:
			-"
Information,DD/MM/YYYY 5:17:23 PM,Microsoft-Windows-Security-Auditing,4703,Token Right Adjusted Events,"A token right was adjusted.

Subject:
	Security ID:		SYSTEM
	Account Name:		WS-3$
	Account Domain:		LAB
	Logon ID:		0x3E7

Target Account:
	Security ID:		SYSTEM
	Account Name:		WS-3$
	Account Domain:		LAB
	Logon ID:		0x3E7

Process Information:
	Process ID:		0xa8c
	Process Name:		C:\Windows\System32\svchost.exe

Enabled Privileges:
			SeAssignPrimaryTokenPrivilege
			SeIncreaseQuotaPrivilege
			SeSecurityPrivilege
			SeTakeOwnershipPrivilege
			SeLoadDriverPrivilege
			SeSystemtimePrivilege
			SeBackupPrivilege
			SeRestorePrivilege
			SeShutdownPrivilege
			SeSystemEnvironmentPrivilege
			SeUndockPrivilege
			SeManageVolumePrivilege

Disabled Privileges:
			-"
Information,DD/MM/YYYY 5:17:23 PM,Microsoft-Windows-Security-Auditing,4703,Token Right Adjusted Events,"A token right was adjusted.

Subject:
	Security ID:		SYSTEM
	Account Name:		WS-3$
	Account Domain:		LAB
	Logon ID:		0x3E7

Target Account:
	Security ID:		SYSTEM
	Account Name:		WS-3$
	Account Domain:		LAB
	Logon ID:		0x3E7

Process Information:
	Process ID:		0xa8c
	Process Name:		C:\Windows\System32\svchost.exe

Enabled Privileges:
			SeAssignPrimaryTokenPrivilege
			SeIncreaseQuotaPrivilege
			SeSecurityPrivilege
			SeTakeOwnershipPrivilege
			SeLoadDriverPrivilege
			SeSystemtimePrivilege
			SeBackupPrivilege
			SeRestorePrivilege
			SeShutdownPrivilege
			SeSystemEnvironmentPrivilege
			SeUndockPrivilege
			SeManageVolumePrivilege

Disabled Privileges:
			-"
Information,DD/MM/YYYY 5:17:23 PM,Microsoft-Windows-Security-Auditing,4703,Token Right Adjusted Events,"A token right was adjusted.

Subject:
	Security ID:		SYSTEM
	Account Name:		WS-3$
	Account Domain:		LAB
	Logon ID:		0x3E7

Target Account:
	Security ID:		SYSTEM
	Account Name:		WS-3$
	Account Domain:		LAB
	Logon ID:		0x3E7

Process Information:
	Process ID:		0xa8c
	Process Name:		C:\Windows\System32\svchost.exe

Enabled Privileges:
			SeAssignPrimaryTokenPrivilege
			SeIncreaseQuotaPrivilege
			SeSecurityPrivilege
			SeTakeOwnershipPrivilege
			SeLoadDriverPrivilege
			SeSystemtimePrivilege
			SeBackupPrivilege
			SeRestorePrivilege
			SeShutdownPrivilege
			SeSystemEnvironmentPrivilege
			SeUndockPrivilege
			SeManageVolumePrivilege

Disabled Privileges:
			-"
Information,DD/MM/YYYY 5:17:23 PM,Microsoft-Windows-Security-Auditing,4703,Token Right Adjusted Events,"A token right was adjusted.

Subject:
	Security ID:		SYSTEM
	Account Name:		WS-3$
	Account Domain:		LAB
	Logon ID:		0x3E7

Target Account:
	Security ID:		SYSTEM
	Account Name:		WS-3$
	Account Domain:		LAB
	Logon ID:		0x3E7

Process Information:
	Process ID:		0xa8c
	Process Name:		C:\Windows\System32\svchost.exe

Enabled Privileges:
			SeAssignPrimaryTokenPrivilege
			SeIncreaseQuotaPrivilege
			SeSecurityPrivilege
			SeTakeOwnershipPrivilege
			SeLoadDriverPrivilege
			SeSystemtimePrivilege
			SeBackupPrivilege
			SeRestorePrivilege
			SeShutdownPrivilege
			SeSystemEnvironmentPrivilege
			SeUndockPrivilege
			SeManageVolumePrivilege

Disabled Privileges:
			-"
Information,DD/MM/YYYY 5:17:23 PM,Microsoft-Windows-Security-Auditing,4703,Token Right Adjusted Events,"A token right was adjusted.

Subject:
	Security ID:		SYSTEM
	Account Name:		WS-3$
	Account Domain:		LAB
	Logon ID:		0x3E7

Target Account:
	Security ID:		SYSTEM
	Account Name:		WS-3$
	Account Domain:		LAB
	Logon ID:		0x3E7

Process Information:
	Process ID:		0xa8c
	Process Name:		C:\Windows\System32\svchost.exe

Enabled Privileges:
			SeAssignPrimaryTokenPrivilege
			SeIncreaseQuotaPrivilege
			SeSecurityPrivilege
			SeTakeOwnershipPrivilege
			SeLoadDriverPrivilege
			SeSystemtimePrivilege
			SeBackupPrivilege
			SeRestorePrivilege
			SeShutdownPrivilege
			SeSystemEnvironmentPrivilege
			SeUndockPrivilege
			SeManageVolumePrivilege

Disabled Privileges:
			-"
Information,DD/MM/YYYY 5:17:23 PM,Microsoft-Windows-Security-Auditing,4689,Process Termination,"A process has exited.

Subject:
	Security ID:		SYSTEM
	Account Name:		WS-3$
	Account Domain:		LAB
	Logon ID:		0x3E7

Process Information:
	Process ID:	0x1444
	Process Name:	C:\Windows\SysWOW64\WindowsPowerShell\v1.0\powershell.exe
	Exit Status:	0x0"
Information,DD/MM/YYYY 5:17:20 PM,Microsoft-Windows-Security-Auditing,4688,Process Creation,"A new process has been created.

Creator Subject:
	Security ID:		SYSTEM
	Account Name:		WS-3$
	Account Domain:		LAB
	Logon ID:		0x3E7

Target Subject:
	Security ID:		NULL SID
	Account Name:		-
	Account Domain:		-
	Logon ID:		0x0

Process Information:
	New Process ID:		0x1444
	New Process Name:	C:\Windows\SysWOW64\WindowsPowerShell\v1.0\powershell.exe
	Token Elevation Type:	%%1936
	Mandatory Label:		Mandatory Label\System Mandatory Level
	Creator Process ID:	0x7ac
	Creator Process Name:	C:\Program Files (x86)\labenvirotest1mainoffice-5.3.6261\NinjaRMMAgent.exe
	Process Command Line:	

Token Elevation Type indicates the type of token that was assigned to the new process in accordance with User Account Control policy.

Type 1 is a full token with no privileges removed or groups disabled.  A full token is only used if User Account Control is disabled or if the user is the built-in Administrator account or a service account.

Type 2 is an elevated token with no privileges removed or groups disabled.  An elevated token is used when User Account Control is enabled and the user chooses to start the program using Run as administrator.  An elevated token is also used when an application is configured to always require administrative privilege or to always require maximum privilege, and the user is a member of the Administrators group.

Type 3 is a limited token with administrative privileges removed and administrative groups disabled.  The limited token is used when User Account Control is enabled, the application does not require administrative privilege, and the user does not choose to start the program using Run as administrator."
Information,DD/MM/YYYY 5:17:15 PM,Microsoft-Windows-Security-Auditing,4703,Token Right Adjusted Events,"A token right was adjusted.

Subject:
	Security ID:		LAB\itadmin
	Account Name:		itadmin
	Account Domain:		LAB
	Logon ID:		0x2745E2FC

Target Account:
	Security ID:		NULL SID
	Account Name:		itadmin
	Account Domain:		LAB
	Logon ID:		0x2745E2FC

Process Information:
	Process ID:		0x1894
	Process Name:		C:\Windows\System32\mmc.exe

Enabled Privileges:
			SeSecurityPrivilege

Disabled Privileges:
			-"
Information,DD/MM/YYYY 5:17:08 PM,Microsoft-Windows-Security-Auditing,4689,Process Termination,"A process has exited.

Subject:
	Security ID:		LAB\itadmin
	Account Name:		itadmin
	Account Domain:		LAB
	Logon ID:		0x2745E2FC

Process Information:
	Process ID:	0x181c
	Process Name:	C:\Windows\System32\backgroundTaskHost.exe
	Exit Status:	0x1"
Information,DD/MM/YYYY 5:17:08 PM,Microsoft-Windows-Security-Auditing,4689,Process Termination,"A process has exited.

Subject:
	Security ID:		LAB\itadmin
	Account Name:		itadmin
	Account Domain:		LAB
	Logon ID:		0x2745E2FC

Process Information:
	Process ID:	0xf7c
	Process Name:	C:\Windows\System32\backgroundTaskHost.exe
	Exit Status:	0x1"
Information,DD/MM/YYYY 5:17:08 PM,Microsoft-Windows-Security-Auditing,4689,Process Termination,"A process has exited.

Subject:
	Security ID:		LAB\itadmin
	Account Name:		itadmin
	Account Domain:		LAB
	Logon ID:		0x2745E2FC

Process Information:
	Process ID:	0x1430
	Process Name:	C:\Windows\System32\backgroundTaskHost.exe
	Exit Status:	0x1"
