Information,DD/MM/YYYY 5:15:23 PM,Microsoft-Windows-Security-Auditing,4703,Token Right Adjusted Events,"A token right was adjusted.

Subject:
	Security ID:		SYSTEM
	Account Name:		WS-3$
	Account Domain:		LAB
	Logon ID:		0x3E7

Target Account:
	Security ID:		SYSTEM
	Account Name:		WS-3$
	Account Domain:		LAB
	Logon ID:		0x3E7

Process Information:
	Process ID:		0xa8c
	Process Name:		C:\Windows\System32\svchost.exe

Enabled Privileges:
			SeAssignPrimaryTokenPrivilege
			SeIncreaseQuotaPrivilege
			SeSecurityPrivilege
			SeTakeOwnershipPrivilege
			SeLoadDriverPrivilege
			SeSystemtimePrivilege
			SeBackupPrivilege
			SeRestorePrivilege
			SeShutdownPrivilege
			SeSystemEnvironmentPrivilege
			SeUndockPrivilege
			SeManageVolumePrivilege

Disabled Privileges:
			-"
Information,DD/MM/YYYY 5:15:22 PM,Microsoft-Windows-Security-Auditing,4689,Process Termination,"A process has exited.

Subject:
	Security ID:		SYSTEM
	Account Name:		WS-3$
	Account Domain:		LAB
	Logon ID:		0x3E7

Process Information:
	Process ID:	0x2a8
	Process Name:	C:\Windows\SysWOW64\WindowsPowerShell\v1.0\powershell.exe
	Exit Status:	0x0"
Information,DD/MM/YYYY 5:15:20 PM,Microsoft-Windows-Security-Auditing,4688,Process Creation,"A new process has been created.

Creator Subject:
	Security ID:		SYSTEM
	Account Name:		WS-3$
	Account Domain:		LAB
	Logon ID:		0x3E7

Target Subject:
	Security ID:		NULL SID
	Account Name:		-
	Account Domain:		-
	Logon ID:		0x0

Process Information:
	New Process ID:		0x2a8
	New Process Name:	C:\Windows\SysWOW64\WindowsPowerShell\v1.0\powershell.exe
	Token Elevation Type:	%%1936
	Mandatory Label:		Mandatory Label\System Mandatory Level
	Creator Process ID:	0x7ac
	Creator Process Name:	C:\Program Files (x86)\labenvirotest1mainoffice-5.3.6261\NinjaRMMAgent.exe
	Process Command Line:	

Token Elevation Type indicates the type of token that was assigned to the new process in accordance with User Account Control policy.

Type 1 is a full token with no privileges removed or groups disabled.  A full token is only used if User Account Control is disabled or if the user is the built-in Administrator account or a service account.

Type 2 is an elevated token with no privileges removed or groups disabled.  An elevated token is used when User Account Control is enabled and the user chooses to start the program using Run as administrator.  An elevated token is also used when an application is configured to always require administrative privilege or to always require maximum privilege, and the user is a member of the Administrators group.

Type 3 is a limited token with administrative privileges removed and administrative groups disabled.  The limited token is used when User Account Control is enabled, the application does not require administrative privilege, and the user does not choose to start the program using Run as administrator."
Information,DD/MM/YYYY 5:15:18 PM,Microsoft-Windows-Security-Auditing,4689,Process Termination,"A process has exited.

Subject:
	Security ID:		SYSTEM
	Account Name:		WS-3$
	Account Domain:		LAB
	Logon ID:		0x3E7

Process Information:
	Process ID:	0x263c
	Process Name:	C:\Windows\System32\svchost.exe
	Exit Status:	0x0"
Information,DD/MM/YYYY 5:15:14 PM,Microsoft-Windows-Security-Auditing,4689,Process Termination,"A process has exited.

Subject:
	Security ID:		SYSTEM
	Account Name:		WS-3$
	Account Domain:		LAB
	Logon ID:		0x3E7

Process Information:
	Process ID:	0x2598
	Process Name:	C:\Windows\System32\svchost.exe
	Exit Status:	0x0"
Information,DD/MM/YYYY 5:15:03 PM,Microsoft-Windows-Security-Auditing,4703,Token Right Adjusted Events,"A token right was adjusted.

Subject:
	Security ID:		SYSTEM
	Account Name:		WS-3$
	Account Domain:		LAB
	Logon ID:		0x3E7

Target Account:
	Security ID:		SYSTEM
	Account Name:		WS-3$
	Account Domain:		LAB
	Logon ID:		0x3E7

Process Information:
	Process ID:		0xa8c
	Process Name:		C:\Windows\System32\svchost.exe

Enabled Privileges:
			SeAssignPrimaryTokenPrivilege
			SeIncreaseQuotaPrivilege
			SeSecurityPrivilege
			SeTakeOwnershipPrivilege
			SeLoadDriverPrivilege
			SeSystemtimePrivilege
			SeBackupPrivilege
			SeRestorePrivilege
			SeShutdownPrivilege
			SeSystemEnvironmentPrivilege
			SeUndockPrivilege
			SeManageVolumePrivilege

Disabled Privileges:
			-"
Information,DD/MM/YYYY 5:15:03 PM,Microsoft-Windows-Security-Auditing,4703,Token Right Adjusted Events,"A token right was adjusted.

Subject:
	Security ID:		SYSTEM
	Account Name:		WS-3$
	Account Domain:		LAB
	Logon ID:		0x3E7

Target Account:
	Security ID:		SYSTEM
	Account Name:		WS-3$
	Account Domain:		LAB
	Logon ID:		0x3E7

Process Information:
	Process ID:		0xa8c
	Process Name:		C:\Windows\System32\svchost.exe

Enabled Privileges:
			SeAssignPrimaryTokenPrivilege
			SeIncreaseQuotaPrivilege
			SeSecurityPrivilege
			SeTakeOwnershipPrivilege
			SeLoadDriverPrivilege
			SeSystemtimePrivilege
			SeBackupPrivilege
			SeRestorePrivilege
			SeShutdownPrivilege
			SeSystemEnvironmentPrivilege
			SeUndockPrivilege
			SeManageVolumePrivilege

Disabled Privileges:
			-"
Information,DD/MM/YYYY 5:15:03 PM,Microsoft-Windows-Security-Auditing,4703,Token Right Adjusted Events,"A token right was adjusted.

Subject:
	Security ID:		SYSTEM
	Account Name:		WS-3$
	Account Domain:		LAB
	Logon ID:		0x3E7

Target Account:
	Security ID:		SYSTEM
	Account Name:		WS-3$
	Account Domain:		LAB
	Logon ID:		0x3E7

Process Information:
	Process ID:		0xa8c
	Process Name:		C:\Windows\System32\svchost.exe

Enabled Privileges:
			SeAssignPrimaryTokenPrivilege
			SeIncreaseQuotaPrivilege
			SeSecurityPrivilege
			SeTakeOwnershipPrivilege
			SeLoadDriverPrivilege
			SeSystemtimePrivilege
			SeBackupPrivilege
			SeRestorePrivilege
			SeShutdownPrivilege
			SeSystemEnvironmentPrivilege
			SeUndockPrivilege
			SeManageVolumePrivilege

Disabled Privileges:
			-"
Information,DD/MM/YYYY 5:15:03 PM,Microsoft-Windows-Security-Auditing,4703,Token Right Adjusted Events,"A token right was adjusted.

Subject:
	Security ID:		SYSTEM
	Account Name:		WS-3$
	Account Domain:		LAB
	Logon ID:		0x3E7

Target Account:
	Security ID:		SYSTEM
	Account Name:		WS-3$
	Account Domain:		LAB
	Logon ID:		0x3E7

Process Information:
	Process ID:		0xa8c
	Process Name:		C:\Windows\System32\svchost.exe

Enabled Privileges:
			SeAssignPrimaryTokenPrivilege
			SeIncreaseQuotaPrivilege
			SeSecurityPrivilege
			SeTakeOwnershipPrivilege
			SeLoadDriverPrivilege
			SeSystemtimePrivilege
			SeBackupPrivilege
			SeRestorePrivilege
			SeShutdownPrivilege
			SeSystemEnvironmentPrivilege
			SeUndockPrivilege
			SeManageVolumePrivilege

Disabled Privileges:
			-"
Information,DD/MM/YYYY 5:15:03 PM,Microsoft-Windows-Security-Auditing,4703,Token Right Adjusted Events,"A token right was adjusted.

Subject:
	Security ID:		SYSTEM
	Account Name:		WS-3$
	Account Domain:		LAB
	Logon ID:		0x3E7

Target Account:
	Security ID:		SYSTEM
	Account Name:		WS-3$
	Account Domain:		LAB
	Logon ID:		0x3E7

Process Information:
	Process ID:		0xa8c
	Process Name:		C:\Windows\System32\svchost.exe

Enabled Privileges:
			SeAssignPrimaryTokenPrivilege
			SeIncreaseQuotaPrivilege
			SeSecurityPrivilege
			SeTakeOwnershipPrivilege
			SeLoadDriverPrivilege
			SeSystemtimePrivilege
			SeBackupPrivilege
			SeRestorePrivilege
			SeShutdownPrivilege
			SeSystemEnvironmentPrivilege
			SeUndockPrivilege
			SeManageVolumePrivilege

Disabled Privileges:
			-"
Information,DD/MM/YYYY 5:15:03 PM,Microsoft-Windows-Security-Auditing,4703,Token Right Adjusted Events,"A token right was adjusted.

Subject:
	Security ID:		SYSTEM
	Account Name:		WS-3$
	Account Domain:		LAB
	Logon ID:		0x3E7

Target Account:
	Security ID:		SYSTEM
	Account Name:		WS-3$
	Account Domain:		LAB
	Logon ID:		0x3E7

Process Information:
	Process ID:		0xa8c
	Process Name:		C:\Windows\System32\svchost.exe

Enabled Privileges:
			SeAssignPrimaryTokenPrivilege
			SeIncreaseQuotaPrivilege
			SeSecurityPrivilege
			SeTakeOwnershipPrivilege
			SeLoadDriverPrivilege
			SeSystemtimePrivilege
			SeBackupPrivilege
			SeRestorePrivilege
			SeShutdownPrivilege
			SeSystemEnvironmentPrivilege
			SeUndockPrivilege
			SeManageVolumePrivilege

Disabled Privileges:
			-"
Information,DD/MM/YYYY 5:15:03 PM,Microsoft-Windows-Security-Auditing,4703,Token Right Adjusted Events,"A token right was adjusted.

Subject:
	Security ID:		SYSTEM
	Account Name:		WS-3$
	Account Domain:		LAB
	Logon ID:		0x3E7

Target Account:
	Security ID:		SYSTEM
	Account Name:		WS-3$
	Account Domain:		LAB
	Logon ID:		0x3E7

Process Information:
	Process ID:		0xa8c
	Process Name:		C:\Windows\System32\svchost.exe

Enabled Privileges:
			SeAssignPrimaryTokenPrivilege
			SeIncreaseQuotaPrivilege
			SeSecurityPrivilege
			SeTakeOwnershipPrivilege
			SeLoadDriverPrivilege
			SeSystemtimePrivilege
			SeBackupPrivilege
			SeRestorePrivilege
			SeShutdownPrivilege
			SeSystemEnvironmentPrivilege
			SeUndockPrivilege
			SeManageVolumePrivilege

Disabled Privileges:
			-"
Information,DD/MM/YYYY 5:15:02 PM,Microsoft-Windows-Security-Auditing,4689,Process Termination,"A process has exited.

Subject:
	Security ID:		SYSTEM
	Account Name:		WS-3$
	Account Domain:		LAB
	Logon ID:		0x3E7

Process Information:
	Process ID:	0xc08
	Process Name:	C:\Windows\System32\svchost.exe
	Exit Status:	0x0"
Information,DD/MM/YYYY 5:15:02 PM,Microsoft-Windows-Security-Auditing,4689,Process Termination,"A process has exited.

Subject:
	Security ID:		SYSTEM
	Account Name:		WS-3$
	Account Domain:		LAB
	Logon ID:		0x3E7

Process Information:
	Process ID:	0x24f4
	Process Name:	C:\Windows\System32\conhost.exe
	Exit Status:	0x0"
Information,DD/MM/YYYY 5:15:02 PM,Microsoft-Windows-Security-Auditing,4689,Process Termination,"A process has exited.

Subject:
	Security ID:		SYSTEM
	Account Name:		WS-3$
	Account Domain:		LAB
	Logon ID:		0x3E7

Process Information:
	Process ID:	0x2c54
	Process Name:	C:\Windows\System32\quser.exe
	Exit Status:	0x0"
Information,DD/MM/YYYY 5:15:02 PM,Microsoft-Windows-Security-Auditing,4688,Process Creation,"A new process has been created.

Creator Subject:
	Security ID:		SYSTEM
	Account Name:		WS-3$
	Account Domain:		LAB
	Logon ID:		0x3E7

Target Subject:
	Security ID:		NULL SID
	Account Name:		-
	Account Domain:		-
	Logon ID:		0x0

Process Information:
	New Process ID:		0x24f4
	New Process Name:	C:\Windows\System32\conhost.exe
	Token Elevation Type:	%%1936
	Mandatory Label:		Mandatory Label\System Mandatory Level
	Creator Process ID:	0x2c54
	Creator Process Name:	C:\Windows\System32\quser.exe
	Process Command Line:	

Token Elevation Type indicates the type of token that was assigned to the new process in accordance with User Account Control policy.

Type 1 is a full token with no privileges removed or groups disabled.  A full token is only used if User Account Control is disabled or if the user is the built-in Administrator account or a service account.

Type 2 is an elevated token with no privileges removed or groups disabled.  An elevated token is used when User Account Control is enabled and the user chooses to start the program using Run as administrator.  An elevated token is also used when an application is configured to always require administrative privilege or to always require maximum privilege, and the user is a member of the Administrators group.

Type 3 is a limited token with administrative privileges removed and administrative groups disabled.  The limited token is used when User Account Control is enabled, the application does not require administrative privilege, and the user does not choose to start the program using Run as administrator."
Information,DD/MM/YYYY 5:14:58 PM,Microsoft-Windows-Security-Auditing,4688,Process Creation,"A new process has been created.

Creator Subject:
	Security ID:		SYSTEM
	Account Name:		WS-3$
	Account Domain:		LAB
	Logon ID:		0x3E7

Target Subject:
	Security ID:		NULL SID
	Account Name:		-
	Account Domain:		-
	Logon ID:		0x0

Process Information:
	New Process ID:		0x2c54
	New Process Name:	C:\Windows\System32\quser.exe
	Token Elevation Type:	%%1936
	Mandatory Label:		Mandatory Label\System Mandatory Level
	Creator Process ID:	0xb1c
	Creator Process Name:	C:\Windows\LTSvc\LTSVC.exe
	Process Command Line:	

Token Elevation Type indicates the type of token that was assigned to the new process in accordance with User Account Control policy.

Type 1 is a full token with no privileges removed or groups disabled.  A full token is only used if User Account Control is disabled or if the user is the built-in Administrator account or a service account.

Type 2 is an elevated token with no privileges removed or groups disabled.  An elevated token is used when User Account Control is enabled and the user chooses to start the program using Run as administrator.  An elevated token is also used when an application is configured to always require administrative privilege or to always require maximum privilege, and the user is a member of the Administrators group.

Type 3 is a limited token with administrative privileges removed and administrative groups disabled.  The limited token is used when User Account Control is enabled, the application does not require administrative privilege, and the user does not choose to start the program using Run as administrator."
Information,DD/MM/YYYY 5:14:42 PM,Microsoft-Windows-Security-Auditing,4703,Token Right Adjusted Events,"A token right was adjusted.

Subject:
	Security ID:		LAB\itadmin
	Account Name:		itadmin
	Account Domain:		LAB
	Logon ID:		0x2745E2FC

Target Account:
	Security ID:		NULL SID
	Account Name:		itadmin
	Account Domain:		LAB
	Logon ID:		0x2745E2FC

Process Information:
	Process ID:		0x1894
	Process Name:		C:\Windows\System32\mmc.exe

Enabled Privileges:
			SeSecurityPrivilege

Disabled Privileges:
			-"
Information,DD/MM/YYYY 5:14:42 PM,Microsoft-Windows-Security-Auditing,4703,Token Right Adjusted Events,"A token right was adjusted.

Subject:
	Security ID:		LAB\itadmin
	Account Name:		itadmin
	Account Domain:		LAB
	Logon ID:		0x2745E2FC

Target Account:
	Security ID:		NULL SID
	Account Name:		itadmin
	Account Domain:		LAB
	Logon ID:		0x2745E2FC

Process Information:
	Process ID:		0x1894
	Process Name:		C:\Windows\System32\mmc.exe

Enabled Privileges:
			SeSecurityPrivilege

Disabled Privileges:
			-"
Information,DD/MM/YYYY 5:14:41 PM,Microsoft-Windows-Security-Auditing,4689,Process Termination,"A process has exited.

Subject:
	Security ID:		LAB\itadmin
	Account Name:		itadmin
	Account Domain:		LAB
	Logon ID:		0x2745E2FC

Process Information:
	Process ID:	0x2210
	Process Name:	C:\Windows\System32\eventvwr.exe
	Exit Status:	0x0"
Information,DD/MM/YYYY 5:14:41 PM,Microsoft-Windows-Security-Auditing,4688,Process Creation,"A new process has been created.

Creator Subject:
	Security ID:		LAB\itadmin
	Account Name:		itadmin
	Account Domain:		LAB
	Logon ID:		0x2745E2FC

Target Subject:
	Security ID:		NULL SID
	Account Name:		-
	Account Domain:		-
	Logon ID:		0x0

Process Information:
	New Process ID:		0x1894
	New Process Name:	C:\Windows\System32\mmc.exe
	Token Elevation Type:	%%1936
	Mandatory Label:		Mandatory Label\High Mandatory Level
	Creator Process ID:	0x2210
	Creator Process Name:	C:\Windows\System32\eventvwr.exe
	Process Command Line:	

Token Elevation Type indicates the type of token that was assigned to the new process in accordance with User Account Control policy.

Type 1 is a full token with no privileges removed or groups disabled.  A full token is only used if User Account Control is disabled or if the user is the built-in Administrator account or a service account.

Type 2 is an elevated token with no privileges removed or groups disabled.  An elevated token is used when User Account Control is enabled and the user chooses to start the program using Run as administrator.  An elevated token is also used when an application is configured to always require administrative privilege or to always require maximum privilege, and the user is a member of the Administrators group.

Type 3 is a limited token with administrative privileges removed and administrative groups disabled.  The limited token is used when User Account Control is enabled, the application does not require administrative privilege, and the user does not choose to start the program using Run as administrator."
Information,DD/MM/YYYY 5:14:41 PM,Microsoft-Windows-Security-Auditing,4688,Process Creation,"A new process has been created.

Creator Subject:
	Security ID:		LAB\itadmin
	Account Name:		itadmin
	Account Domain:		LAB
	Logon ID:		0x2745E2FC

Target Subject:
	Security ID:		NULL SID
	Account Name:		-
	Account Domain:		-
	Logon ID:		0x0

Process Information:
	New Process ID:		0x2210
	New Process Name:	C:\Windows\System32\eventvwr.exe
	Token Elevation Type:	%%1936
	Mandatory Label:		Mandatory Label\High Mandatory Level
	Creator Process ID:	0x12dc
	Creator Process Name:	C:\Windows\explorer.exe
	Process Command Line:	

Token Elevation Type indicates the type of token that was assigned to the new process in accordance with User Account Control policy.

Type 1 is a full token with no privileges removed or groups disabled.  A full token is only used if User Account Control is disabled or if the user is the built-in Administrator account or a service account.

Type 2 is an elevated token with no privileges removed or groups disabled.  An elevated token is used when User Account Control is enabled and the user chooses to start the program using Run as administrator.  An elevated token is also used when an application is configured to always require administrative privilege or to always require maximum privilege, and the user is a member of the Administrators group.

Type 3 is a limited token with administrative privileges removed and administrative groups disabled.  The limited token is used when User Account Control is enabled, the application does not require administrative privilege, and the user does not choose to start the program using Run as administrator."
Information,DD/MM/YYYY 5:14:35 PM,Microsoft-Windows-Security-Auditing,4689,Process Termination,"A process has exited.

Subject:
	Security ID:		LAB\itadmin
	Account Name:		itadmin
	Account Domain:		LAB
	Logon ID:		0x2745E2FC

Process Information:
	Process ID:	0x2ca8
	Process Name:	C:\Windows\System32\dllhost.exe
	Exit Status:	0x0"
Information,DD/MM/YYYY 5:14:33 PM,Microsoft-Windows-Security-Auditing,4689,Process Termination,"A process has exited.

Subject:
	Security ID:		LOCAL SERVICE
	Account Name:		LOCAL SERVICE
	Account Domain:		NT AUTHORITY
	Logon ID:		0x3E5

Process Information:
	Process ID:	0x1ea4
	Process Name:	C:\Windows\System32\audiodg.exe
	Exit Status:	0x0"
Information,DD/MM/YYYY 5:14:29 PM,Microsoft-Windows-Security-Auditing,6416,Plug and Play Events,"A new external device was recognized by the system.

Subject:
	Security ID:		SYSTEM
	Account Name:		WS-3$
	Account Domain:		LAB
	Logon ID:		0x3E7

Device ID:	SWD\PRINTENUM\{95C82CFF-1BA8-43E1-AE3D-1E69E81A94DF}

Device Name:	Microsoft XPS Document Writer (redirected 2) (redirected 3)

Class ID:		{1ed2bbf9-11f0-4084-b21f-ad83a8e6dcdc}

Class Name:	PrintQueue

Vendor IDs:	
		PRINTENUM\LocalPrintQueue
		
		

Compatible IDs:	
		GenPrintQueue
		SWD\GenericRaw
		SWD\Generic
		
		

Location Information:	-"
Information,DD/MM/YYYY 5:14:29 PM,Microsoft-Windows-Security-Auditing,4689,Process Termination,"A process has exited.

Subject:
	Security ID:		LAB\itadmin
	Account Name:		itadmin
	Account Domain:		LAB
	Logon ID:		0x2745E2FC

Process Information:
	Process ID:	0x23c0
	Process Name:	C:\Windows\System32\dllhost.exe
	Exit Status:	0x0"
Information,DD/MM/YYYY 5:14:28 PM,Microsoft-Windows-Security-Auditing,4689,Process Termination,"A process has exited.

Subject:
	Security ID:		SYSTEM
	Account Name:		WS-3$
	Account Domain:		LAB
	Logon ID:		0x3E7

Process Information:
	Process ID:	0x1a9c
	Process Name:	C:\Windows\System32\svchost.exe
	Exit Status:	0x0"
Information,DD/MM/YYYY 5:14:27 PM,Microsoft-Windows-Security-Auditing,6416,Plug and Play Events,"A new external device was recognized by the system.

Subject:
	Security ID:		SYSTEM
	Account Name:		WS-3$
	Account Domain:		LAB
	Logon ID:		0x3E7

Device ID:	SWD\PRINTENUM\{5A15D4A6-5F37-4077-9189-C4B2BDCACE40}

Device Name:	Microsoft XPS Document Writer (redirected 3)

Class ID:		{1ed2bbf9-11f0-4084-b21f-ad83a8e6dcdc}

Class Name:	PrintQueue

Vendor IDs:	
		PRINTENUM\LocalPrintQueue
		
		

Compatible IDs:	
		GenPrintQueue
		SWD\GenericRaw
		SWD\Generic
		
		

Location Information:	-"
Information,DD/MM/YYYY 5:14:27 PM,Microsoft-Windows-Security-Auditing,6416,Plug and Play Events,"A new external device was recognized by the system.

Subject:
	Security ID:		SYSTEM
	Account Name:		WS-3$
	Account Domain:		LAB
	Logon ID:		0x3E7

Device ID:	SWD\PRINTENUM\{232E1686-7403-4078-B1BA-3E3EE48502A3}

Device Name:	Fax (redirected 2) (redirected 3)

Class ID:		{1ed2bbf9-11f0-4084-b21f-ad83a8e6dcdc}

Class Name:	PrintQueue

Vendor IDs:	
		PRINTENUM\LocalPrintQueue
		
		

Compatible IDs:	
		GenPrintQueue
		SWD\GenericRaw
		SWD\Generic
		
		

Location Information:	-"
Information,DD/MM/YYYY 5:14:26 PM,Microsoft-Windows-Security-Auditing,4689,Process Termination,"A process has exited.

Subject:
	Security ID:		LAB\itadmin
	Account Name:		itadmin
	Account Domain:		LAB
	Logon ID:		0x2745E2FC

Process Information:
	Process ID:	0x2cf0
	Process Name:	C:\Windows\System32\TSTheme.exe
	Exit Status:	0x0"
Information,DD/MM/YYYY 5:14:25 PM,Microsoft-Windows-Security-Auditing,6416,Plug and Play Events,"A new external device was recognized by the system.

Subject:
	Security ID:		SYSTEM
	Account Name:		WS-3$
	Account Domain:		LAB
	Logon ID:		0x3E7

Device ID:	SWD\PRINTENUM\{D6D3A336-F787-4177-B638-280747253E10}

Device Name:	Microsoft Print to PDF (redirected 2) (redirected 3)

Class ID:		{1ed2bbf9-11f0-4084-b21f-ad83a8e6dcdc}

Class Name:	PrintQueue

Vendor IDs:	
		PRINTENUM\LocalPrintQueue
		
		

Compatible IDs:	
		GenPrintQueue
		SWD\GenericRaw
		SWD\Generic
		
		

Location Information:	-"
Information,DD/MM/YYYY 5:14:24 PM,Microsoft-Windows-Security-Auditing,4689,Process Termination,"A process has exited.

Subject:
	Security ID:		LAB\itadmin
	Account Name:		itadmin
	Account Domain:		LAB
	Logon ID:		0x2745E2FC

Process Information:
	Process ID:	0x6b0
	Process Name:	C:\Windows\System32\taskhostw.exe
	Exit Status:	0x0"
Information,DD/MM/YYYY 5:14:23 PM,Microsoft-Windows-Security-Auditing,4689,Process Termination,"A process has exited.

Subject:
	Security ID:		SYSTEM
	Account Name:		WS-3$
	Account Domain:		LAB
	Logon ID:		0x3E7

Process Information:
	Process ID:	0x2be0
	Process Name:	C:\Program Files\Common Files\microsoft shared\ink\TabTip.exe
	Exit Status:	0x0"
Information,DD/MM/YYYY 5:14:23 PM,Microsoft-Windows-Security-Auditing,4689,Process Termination,"A process has exited.

Subject:
	Security ID:		SYSTEM
	Account Name:		WS-3$
	Account Domain:		LAB
	Logon ID:		0x3E7

Process Information:
	Process ID:	0x22c8
	Process Name:	C:\Windows\System32\LogonUI.exe
	Exit Status:	0x0"
Information,DD/MM/YYYY 5:14:23 PM,Microsoft-Windows-Security-Auditing,4688,Process Creation,"A new process has been created.

Creator Subject:
	Security ID:		SYSTEM
	Account Name:		WS-3$
	Account Domain:		LAB
	Logon ID:		0x3E7

Target Subject:
	Security ID:		NULL SID
	Account Name:		itadmin
	Account Domain:		LAB
	Logon ID:		0x2745E2FC

Process Information:
	New Process ID:		0x23c0
	New Process Name:	C:\Windows\System32\dllhost.exe
	Token Elevation Type:	%%1936
	Mandatory Label:		Mandatory Label\High Mandatory Level
	Creator Process ID:	0x33c
	Creator Process Name:	C:\Windows\System32\svchost.exe
	Process Command Line:	

Token Elevation Type indicates the type of token that was assigned to the new process in accordance with User Account Control policy.

Type 1 is a full token with no privileges removed or groups disabled.  A full token is only used if User Account Control is disabled or if the user is the built-in Administrator account or a service account.

Type 2 is an elevated token with no privileges removed or groups disabled.  An elevated token is used when User Account Control is enabled and the user chooses to start the program using Run as administrator.  An elevated token is also used when an application is configured to always require administrative privilege or to always require maximum privilege, and the user is a member of the Administrators group.

Type 3 is a limited token with administrative privileges removed and administrative groups disabled.  The limited token is used when User Account Control is enabled, the application does not require administrative privilege, and the user does not choose to start the program using Run as administrator."
Information,DD/MM/YYYY 5:14:22 PM,Microsoft-Windows-Security-Auditing,4688,Process Creation,"A new process has been created.

Creator Subject:
	Security ID:		SYSTEM
	Account Name:		WS-3$
	Account Domain:		LAB
	Logon ID:		0x3E7

Target Subject:
	Security ID:		NULL SID
	Account Name:		itadmin
	Account Domain:		LAB
	Logon ID:		0x2745E2FC

Process Information:
	New Process ID:		0x6b0
	New Process Name:	C:\Windows\System32\taskhostw.exe
	Token Elevation Type:	%%1936
	Mandatory Label:		Mandatory Label\High Mandatory Level
	Creator Process ID:	0x74c
	Creator Process Name:	C:\Windows\System32\svchost.exe
	Process Command Line:	

Token Elevation Type indicates the type of token that was assigned to the new process in accordance with User Account Control policy.

Type 1 is a full token with no privileges removed or groups disabled.  A full token is only used if User Account Control is disabled or if the user is the built-in Administrator account or a service account.

Type 2 is an elevated token with no privileges removed or groups disabled.  An elevated token is used when User Account Control is enabled and the user chooses to start the program using Run as administrator.  An elevated token is also used when an application is configured to always require administrative privilege or to always require maximum privilege, and the user is a member of the Administrators group.

Type 3 is a limited token with administrative privileges removed and administrative groups disabled.  The limited token is used when User Account Control is enabled, the application does not require administrative privilege, and the user does not choose to start the program using Run as administrator."
Information,DD/MM/YYYY 5:14:22 PM,Microsoft-Windows-Security-Auditing,4688,Process Creation,"A new process has been created.

Creator Subject:
	Security ID:		SYSTEM
	Account Name:		WS-3$
	Account Domain:		LAB
	Logon ID:		0x3E7

Target Subject:
	Security ID:		NULL SID
	Account Name:		itadmin
	Account Domain:		LAB
	Logon ID:		0x2745E2FC

Process Information:
	New Process ID:		0x2ca8
	New Process Name:	C:\Windows\System32\dllhost.exe
	Token Elevation Type:	%%1936
	Mandatory Label:		Mandatory Label\High Mandatory Level
	Creator Process ID:	0x33c
	Creator Process Name:	C:\Windows\System32\svchost.exe
	Process Command Line:	

Token Elevation Type indicates the type of token that was assigned to the new process in accordance with User Account Control policy.

Type 1 is a full token with no privileges removed or groups disabled.  A full token is only used if User Account Control is disabled or if the user is the built-in Administrator account or a service account.

Type 2 is an elevated token with no privileges removed or groups disabled.  An elevated token is used when User Account Control is enabled and the user chooses to start the program using Run as administrator.  An elevated token is also used when an application is configured to always require administrative privilege or to always require maximum privilege, and the user is a member of the Administrators group.

Type 3 is a limited token with administrative privileges removed and administrative groups disabled.  The limited token is used when User Account Control is enabled, the application does not require administrative privilege, and the user does not choose to start the program using Run as administrator."
Information,DD/MM/YYYY 5:14:22 PM,Microsoft-Windows-Security-Auditing,4634,Logoff,"An account was logged off.

Subject:
	Security ID:		LAB\itadmin
	Account Name:		itadmin
	Account Domain:		LAB
	Logon ID:		0x276DADE7

Logon Type:			7

This event is generated when a logon session is destroyed. It may be positively correlated with a logon event using the Logon ID value. Logon IDs are only unique between reboots on the same computer."
Information,DD/MM/YYYY 5:14:22 PM,Microsoft-Windows-Security-Auditing,4688,Process Creation,"A new process has been created.

Creator Subject:
	Security ID:		SYSTEM
	Account Name:		WS-3$
	Account Domain:		LAB
	Logon ID:		0x3E7

Target Subject:
	Security ID:		NULL SID
	Account Name:		-
	Account Domain:		-
	Logon ID:		0x0

Process Information:
	New Process ID:		0x2598
	New Process Name:	C:\Windows\System32\svchost.exe
	Token Elevation Type:	%%1936
	Mandatory Label:		Mandatory Label\System Mandatory Level
	Creator Process ID:	0x2c8
	Creator Process Name:	C:\Windows\System32\services.exe
	Process Command Line:	

Token Elevation Type indicates the type of token that was assigned to the new process in accordance with User Account Control policy.

Type 1 is a full token with no privileges removed or groups disabled.  A full token is only used if User Account Control is disabled or if the user is the built-in Administrator account or a service account.

Type 2 is an elevated token with no privileges removed or groups disabled.  An elevated token is used when User Account Control is enabled and the user chooses to start the program using Run as administrator.  An elevated token is also used when an application is configured to always require administrative privilege or to always require maximum privilege, and the user is a member of the Administrators group.

Type 3 is a limited token with administrative privileges removed and administrative groups disabled.  The limited token is used when User Account Control is enabled, the application does not require administrative privilege, and the user does not choose to start the program using Run as administrator."
Information,DD/MM/YYYY 5:14:22 PM,Microsoft-Windows-Security-Auditing,4672,Special Logon,"Special privileges assigned to new logon.

Subject:
	Security ID:		SYSTEM
	Account Name:		SYSTEM
	Account Domain:		NT AUTHORITY
	Logon ID:		0x3E7

Privileges:		SeAssignPrimaryTokenPrivilege
			SeTcbPrivilege
			SeSecurityPrivilege
			SeTakeOwnershipPrivilege
			SeLoadDriverPrivilege
			SeBackupPrivilege
			SeRestorePrivilege
			SeDebugPrivilege
			SeAuditPrivilege
			SeSystemEnvironmentPrivilege
			SeImpersonatePrivilege
			SeDelegateSessionUserImpersonatePrivilege"
Information,DD/MM/YYYY 5:14:22 PM,Microsoft-Windows-Security-Auditing,4627,Group Membership,"Group membership information.

Subject:
	Security ID:		SYSTEM
	Account Name:		WS-3$
	Account Domain:		LAB
	Logon ID:		0x3E7

Logon Type:			5

New Logon:
	Security ID:		SYSTEM
	Account Name:		SYSTEM
	Account Domain:		NT AUTHORITY
	Logon ID:		0x3E7

Event in sequence:		1 of 1

Group Membership:			
		BUILTIN\Administrators
		Everyone
		NT AUTHORITY\Authenticated Users
		Mandatory Label\System Mandatory Level

The subject fields indicate the account on the local system which requested the logon. This is most commonly a service such as the Server service, or a local process such as Winlogon.exe or Services.exe.

The logon type field indicates the kind of logon that occurred. The most common types are 2 (interactive) and 3 (network).

The New Logon fields indicate the account for whom the new logon was created, i.e. the account that was logged on.

This event is generated when the Audit Group Membership subcategory is configured.  The Logon ID field can be used to correlate this event with the corresponding user logon event as well as to any other security audit events generated during this logon session."
Information,DD/MM/YYYY 5:14:22 PM,Microsoft-Windows-Security-Auditing,4624,Logon,"An account was successfully logged on.

Subject:
	Security ID:		SYSTEM
	Account Name:		WS-3$
	Account Domain:		LAB
	Logon ID:		0x3E7

Logon Information:
	Logon Type:		5
	Restricted Admin Mode:	-
	Virtual Account:		No
	Elevated Token:		Yes

Impersonation Level:		Impersonation

New Logon:
	Security ID:		SYSTEM
	Account Name:		SYSTEM
	Account Domain:		NT AUTHORITY
	Logon ID:		0x3E7
	Linked Logon ID:		0x0
	Network Account Name:	-
	Network Account Domain:	-
	Logon GUID:		{00000000-0000-0000-0000-000000000000}

Process Information:
	Process ID:		0x2c8
	Process Name:		C:\Windows\System32\services.exe

Network Information:
	Workstation Name:	-
	Source Network Address:	-
	Source Port:		-

Detailed Authentication Information:
	Logon Process:		Advapi  
	Authentication Package:	Negotiate
	Transited Services:	-
	Package Name (NTLM only):	-
	Key Length:		0

This event is generated when a logon session is created. It is generated on the computer that was accessed.

The subject fields indicate the account on the local system which requested the logon. This is most commonly a service such as the Server service, or a local process such as Winlogon.exe or Services.exe.

The logon type field indicates the kind of logon that occurred. The most common types are 2 (interactive) and 3 (network).

The New Logon fields indicate the account for whom the new logon was created, i.e. the account that was logged on.

The network fields indicate where a remote logon request originated. Workstation name is not always available and may be left blank in some cases.

The impersonation level field indicates the extent to which a process in the logon session can impersonate.

The authentication information fields provide detailed information about this specific logon request.
	- Logon GUID is a unique identifier that can be used to correlate this event with a KDC event.
	- Transited services indicate which intermediate services have participated in this logon request.
	- Package name indicates which sub-protocol was used among the NTLM protocols.
	- Key length indicates the length of the generated session key. This will be 0 if no session key was requested."
Information,DD/MM/YYYY 5:14:22 PM,Microsoft-Windows-Security-Auditing,4672,Special Logon,"Special privileges assigned to new logon.

Subject:
	Security ID:		LAB\itadmin
	Account Name:		itadmin
	Account Domain:		LAB
	Logon ID:		0x276DADE7

Privileges:		SeSecurityPrivilege
			SeTakeOwnershipPrivilege
			SeLoadDriverPrivilege
			SeBackupPrivilege
			SeRestorePrivilege
			SeDebugPrivilege
			SeSystemEnvironmentPrivilege
			SeImpersonatePrivilege
			SeDelegateSessionUserImpersonatePrivilege"
Information,DD/MM/YYYY 5:14:22 PM,Microsoft-Windows-Security-Auditing,4627,Group Membership,"Group membership information.

Subject:
	Security ID:		SYSTEM
	Account Name:		WS-3$
	Account Domain:		LAB
	Logon ID:		0x3E7

Logon Type:			7

New Logon:
	Security ID:		LAB\itadmin
	Account Name:		itadmin
	Account Domain:		LAB
	Logon ID:		0x276DADE7

Event in sequence:		1 of 1

Group Membership:			
		LAB\Domain Users
		Everyone
		BUILTIN\Remote Desktop Users
		BUILTIN\Users
		BUILTIN\Administrators
		NT AUTHORITY\REMOTE INTERACTIVE LOGON
		NT AUTHORITY\INTERACTIVE
		NT AUTHORITY\Authenticated Users
		NT AUTHORITY\This Organization
		LAB\Domain Admins
		LAB\Group Policy Creator Owners
		LAB\Enterprise Admins
		LAB\Schema Admins
		Authentication authority asserted identity
		LAB\Denied RODC Password Replication Group
		Mandatory Label\High Mandatory Level

The subject fields indicate the account on the local system which requested the logon. This is most commonly a service such as the Server service, or a local process such as Winlogon.exe or Services.exe.

The logon type field indicates the kind of logon that occurred. The most common types are 2 (interactive) and 3 (network).

The New Logon fields indicate the account for whom the new logon was created, i.e. the account that was logged on.

This event is generated when the Audit Group Membership subcategory is configured.  The Logon ID field can be used to correlate this event with the corresponding user logon event as well as to any other security audit events generated during this logon session."
Information,DD/MM/YYYY 5:14:22 PM,Microsoft-Windows-Security-Auditing,4624,Logon,"An account was successfully logged on.

Subject:
	Security ID:		SYSTEM
	Account Name:		WS-3$
	Account Domain:		LAB
	Logon ID:		0x3E7

Logon Information:
	Logon Type:		7
	Restricted Admin Mode:	-
	Virtual Account:		No
	Elevated Token:		Yes

Impersonation Level:		Impersonation

New Logon:
	Security ID:		LAB\itadmin
	Account Name:		itadmin
	Account Domain:		LAB
	Logon ID:		0x276DADE7
	Linked Logon ID:		0x0
	Network Account Name:	-
	Network Account Domain:	-
	Logon GUID:		{a791d81b-b109-3990-4e84-5189fc6c1473}

Process Information:
	Process ID:		0x2d4
	Process Name:		C:\Windows\System32\lsass.exe

Network Information:
	Workstation Name:	WS-3
	Source Network Address:	-
	Source Port:		-

Detailed Authentication Information:
	Logon Process:		Negotiat
	Authentication Package:	Negotiate
	Transited Services:	-
	Package Name (NTLM only):	-
	Key Length:		0

This event is generated when a logon session is created. It is generated on the computer that was accessed.

The subject fields indicate the account on the local system which requested the logon. This is most commonly a service such as the Server service, or a local process such as Winlogon.exe or Services.exe.

The logon type field indicates the kind of logon that occurred. The most common types are 2 (interactive) and 3 (network).

The New Logon fields indicate the account for whom the new logon was created, i.e. the account that was logged on.

The network fields indicate where a remote logon request originated. Workstation name is not always available and may be left blank in some cases.

The impersonation level field indicates the extent to which a process in the logon session can impersonate.

The authentication information fields provide detailed information about this specific logon request.
	- Logon GUID is a unique identifier that can be used to correlate this event with a KDC event.
	- Transited services indicate which intermediate services have participated in this logon request.
	- Package name indicates which sub-protocol was used among the NTLM protocols.
	- Key length indicates the length of the generated session key. This will be 0 if no session key was requested."
Information,DD/MM/YYYY 5:14:22 PM,Microsoft-Windows-Security-Auditing,4648,Logon,"A logon was attempted using explicit credentials.

Subject:
	Security ID:		SYSTEM
	Account Name:		WS-3$
	Account Domain:		LAB
	Logon ID:		0x3E7
	Logon GUID:		{00000000-0000-0000-0000-000000000000}

Account Whose Credentials Were Used:
	Account Name:		itadmin
	Account Domain:		LAB
	Logon GUID:		{a791d81b-b109-3990-4e84-5189fc6c1473}

Target Server:
	Target Server Name:	localhost
	Additional Information:	localhost

Process Information:
	Process ID:		0x2d4
	Process Name:		C:\Windows\System32\lsass.exe

Network Information:
	Network Address:	-
	Port:			-

This event is generated when a process attempts to log on an account by explicitly specifying that account’s credentials.  This most commonly occurs in batch-type configurations such as scheduled tasks, or when using the RUNAS command."
Information,DD/MM/YYYY 5:14:22 PM,Microsoft-Windows-Security-Auditing,6416,Plug and Play Events,"A new external device was recognized by the system.

Subject:
	Security ID:		SYSTEM
	Account Name:		WS-3$
	Account Domain:		LAB
	Logon ID:		0x3E7

Device ID:	SWD\PRINTENUM\{5ED8ED75-6051-47B7-A5AD-A7BF099760FD}

Device Name:	Microsoft Print to PDF (redirected 3)

Class ID:		{1ed2bbf9-11f0-4084-b21f-ad83a8e6dcdc}

Class Name:	PrintQueue

Vendor IDs:	
		PRINTENUM\LocalPrintQueue
		
		

Compatible IDs:	
		GenPrintQueue
		SWD\GenericRaw
		SWD\Generic
		
		

Location Information:	-"
Information,DD/MM/YYYY 5:14:22 PM,Microsoft-Windows-Security-Auditing,4634,Logoff,"An account was logged off.

Subject:
	Security ID:		LAB\itadmin
	Account Name:		ITAdmin
	Account Domain:		LAB
	Logon ID:		0x276DAB74

Logon Type:			7

This event is generated when a logon session is destroyed. It may be positively correlated with a logon event using the Logon ID value. Logon IDs are only unique between reboots on the same computer."
Information,DD/MM/YYYY 5:14:22 PM,Microsoft-Windows-Security-Auditing,6416,Plug and Play Events,"A new external device was recognized by the system.

Subject:
	Security ID:		SYSTEM
	Account Name:		WS-3$
	Account Domain:		LAB
	Logon ID:		0x3E7

Device ID:	DISPLAY\Default_Monitor\1&31c5ecd4&0&UID256

Device Name:	Generic Non-PnP Monitor

Class ID:		{4d36e96e-e325-11ce-bfc1-08002be10318}

Class Name:	Monitor

Vendor IDs:	
		MONITOR\Default_Monitor
		
		

Compatible IDs:	
		*PNP09FF
		
		

Location Information:	-"
Information,DD/MM/YYYY 5:14:22 PM,Microsoft-Windows-Security-Auditing,4801,Other Logon/Logoff Events,"The workstation was unlocked.

Subject:
	Security ID:		LAB\itadmin
	Account Name:		itadmin
	Account Domain:		LAB
	Logon ID:		0x2745E2FC
	Session ID:	3"
Information,DD/MM/YYYY 5:14:22 PM,Microsoft-Windows-Security-Auditing,4672,Special Logon,"Special privileges assigned to new logon.

Subject:
	Security ID:		LAB\itadmin
	Account Name:		ITAdmin
	Account Domain:		LAB
	Logon ID:		0x276DAB74

Privileges:		SeSecurityPrivilege
			SeTakeOwnershipPrivilege
			SeLoadDriverPrivilege
			SeBackupPrivilege
			SeRestorePrivilege
			SeDebugPrivilege
			SeSystemEnvironmentPrivilege
			SeImpersonatePrivilege
			SeDelegateSessionUserImpersonatePrivilege"
Information,DD/MM/YYYY 5:14:22 PM,Microsoft-Windows-Security-Auditing,4627,Group Membership,"Group membership information.

Subject:
	Security ID:		SYSTEM
	Account Name:		WS-3$
	Account Domain:		LAB
	Logon ID:		0x3E7

Logon Type:			7

New Logon:
	Security ID:		LAB\itadmin
	Account Name:		ITAdmin
	Account Domain:		LAB
	Logon ID:		0x276DAB74

Event in sequence:		1 of 1

Group Membership:			
		LAB\Domain Users
		Everyone
		BUILTIN\Remote Desktop Users
		BUILTIN\Users
		BUILTIN\Administrators
		NT AUTHORITY\REMOTE INTERACTIVE LOGON
		NT AUTHORITY\INTERACTIVE
		NT AUTHORITY\Authenticated Users
		NT AUTHORITY\This Organization
		LOCAL
		LAB\Domain Admins
		LAB\Group Policy Creator Owners
		LAB\Enterprise Admins
		LAB\Schema Admins
		Authentication authority asserted identity
		LAB\Denied RODC Password Replication Group
		Mandatory Label\High Mandatory Level

The subject fields indicate the account on the local system which requested the logon. This is most commonly a service such as the Server service, or a local process such as Winlogon.exe or Services.exe.

The logon type field indicates the kind of logon that occurred. The most common types are 2 (interactive) and 3 (network).

The New Logon fields indicate the account for whom the new logon was created, i.e. the account that was logged on.

This event is generated when the Audit Group Membership subcategory is configured.  The Logon ID field can be used to correlate this event with the corresponding user logon event as well as to any other security audit events generated during this logon session."
Information,DD/MM/YYYY 5:14:22 PM,Microsoft-Windows-Security-Auditing,4624,Logon,"An account was successfully logged on.

Subject:
	Security ID:		SYSTEM
	Account Name:		WS-3$
	Account Domain:		LAB
	Logon ID:		0x3E7

Logon Information:
	Logon Type:		7
	Restricted Admin Mode:	-
	Virtual Account:		No
	Elevated Token:		Yes

Impersonation Level:		Impersonation

New Logon:
	Security ID:		LAB\itadmin
	Account Name:		ITAdmin
	Account Domain:		LAB
	Logon ID:		0x276DAB74
	Linked Logon ID:		0x0
	Network Account Name:	-
	Network Account Domain:	-
	Logon GUID:		{00000000-0000-0000-0000-000000000000}

Process Information:
	Process ID:		0x89c
	Process Name:		C:\Windows\System32\svchost.exe

Network Information:
	Workstation Name:	WS-3
	Source Network Address:	10.0.0.17
	Source Port:		0

Detailed Authentication Information:
	Logon Process:		User32 
	Authentication Package:	Negotiate
	Transited Services:	-
	Package Name (NTLM only):	-
	Key Length:		0

This event is generated when a logon session is created. It is generated on the computer that was accessed.

The subject fields indicate the account on the local system which requested the logon. This is most commonly a service such as the Server service, or a local process such as Winlogon.exe or Services.exe.

The logon type field indicates the kind of logon that occurred. The most common types are 2 (interactive) and 3 (network).

The New Logon fields indicate the account for whom the new logon was created, i.e. the account that was logged on.

The network fields indicate where a remote logon request originated. Workstation name is not always available and may be left blank in some cases.

The impersonation level field indicates the extent to which a process in the logon session can impersonate.

The authentication information fields provide detailed information about this specific logon request.
	- Logon GUID is a unique identifier that can be used to correlate this event with a KDC event.
	- Transited services indicate which intermediate services have participated in this logon request.
	- Package name indicates which sub-protocol was used among the NTLM protocols.
	- Key length indicates the length of the generated session key. This will be 0 if no session key was requested."
Information,DD/MM/YYYY 5:14:22 PM,Microsoft-Windows-Security-Auditing,4648,Logon,"A logon was attempted using explicit credentials.

Subject:
	Security ID:		SYSTEM
	Account Name:		WS-3$
	Account Domain:		LAB
	Logon ID:		0x3E7
	Logon GUID:		{00000000-0000-0000-0000-000000000000}

Account Whose Credentials Were Used:
	Account Name:		ITAdmin
	Account Domain:		LAB
	Logon GUID:		{00000000-0000-0000-0000-000000000000}

Target Server:
	Target Server Name:	localhost
	Additional Information:	localhost

Process Information:
	Process ID:		0x89c
	Process Name:		C:\Windows\System32\svchost.exe

Network Information:
	Network Address:	10.0.0.17
	Port:			0

This event is generated when a process attempts to log on an account by explicitly specifying that account’s credentials.  This most commonly occurs in batch-type configurations such as scheduled tasks, or when using the RUNAS command."
Information,DD/MM/YYYY 5:14:21 PM,Microsoft-Windows-Security-Auditing,4689,Process Termination,"A process has exited.

Subject:
	Security ID:		SYSTEM
	Account Name:		WS-3$
	Account Domain:		LAB
	Logon ID:		0x3E7

Process Information:
	Process ID:	0x2ba8
	Process Name:	C:\Windows\System32\sethc.exe
	Exit Status:	0x0"
Information,DD/MM/YYYY 5:14:21 PM,Microsoft-Windows-Security-Auditing,5059,Other System Events,"Key migration operation.

Subject:
	Security ID:		LAB\Henry.Butler
	Account Name:		henry.butler
	Account Domain:		LAB
	Logon ID:		0x18DCA550

Process Information:
	Process ID:		5300
	Process Creation Time:	‎2023‎-‎06‎-‎26T17:14:20.821386500Z

Cryptographic Parameters:
	Provider Name:	Microsoft Software Key Storage Provider
	Algorithm Name:	ECDSA_P256
	Key Name:	Microsoft Connected Devices Platform device certificate
	Key Type:	User key.

Additional Information:
	Operation:	Export of persistent cryptographic key.
	Return Code:	0x0"
Information,DD/MM/YYYY 5:14:21 PM,Microsoft-Windows-Security-Auditing,5061,System Integrity,"Cryptographic operation.

Subject:
	Security ID:		LAB\Henry.Butler
	Account Name:		henry.butler
	Account Domain:		LAB
	Logon ID:		0x18DCA550

Cryptographic Parameters:
	Provider Name:	Microsoft Software Key Storage Provider
	Algorithm Name:	ECDSA_P256
	Key Name:	Microsoft Connected Devices Platform device certificate
	Key Type:	User key.

Cryptographic Operation:
	Operation:	Open Key.
	Return Code:	0x0"
Information,DD/MM/YYYY 5:14:21 PM,Microsoft-Windows-Security-Auditing,5058,Other System Events,"Key file operation.

Subject:
	Security ID:		LAB\Henry.Butler
	Account Name:		henry.butler
	Account Domain:		LAB
	Logon ID:		0x18DCA550

Process Information:
	Process ID:		5300
	Process Creation Time:	‎2023‎-‎06‎-‎26T17:14:20.821386500Z

Cryptographic Parameters:
	Provider Name:	Microsoft Software Key Storage Provider
	Algorithm Name:	UNKNOWN
	Key Name:	Microsoft Connected Devices Platform device certificate
	Key Type:	User key.

Key File Operation Information:
	File Path:	C:\Users\henry.butler\AppData\Roaming\Microsoft\Crypto\Keys\de7cf8a7901d2ad13e5c67c29e5d1662_0e3d8e08-32a5-459b-8a14-c1597ab93b53
	Operation:	Read persisted key from file.
	Return Code:	0x0"
