Information,DD/MM/YYYY 5:14:00 PM,Microsoft-Windows-Security-Auditing,4688,Process Creation,"A new process has been created.

Creator Subject:
	Security ID:		SYSTEM
	Account Name:		WS-3$
	Account Domain:		LAB
	Logon ID:		0x3E7

Target Subject:
	Security ID:		LAB\Henry.Butler
	Account Name:		henry.butler
	Account Domain:		LAB
	Logon ID:		0x18DCA550

Process Information:
	New Process ID:		0x2100
	New Process Name:	C:\Windows\System32\TSTheme.exe
	Token Elevation Type:	%%1936
	Mandatory Label:		Mandatory Label\Medium Mandatory Level
	Creator Process ID:	0x33c
	Creator Process Name:	C:\Windows\System32\svchost.exe
	Process Command Line:	

Token Elevation Type indicates the type of token that was assigned to the new process in accordance with User Account Control policy.

Type 1 is a full token with no privileges removed or groups disabled.  A full token is only used if User Account Control is disabled or if the user is the built-in Administrator account or a service account.

Type 2 is an elevated token with no privileges removed or groups disabled.  An elevated token is used when User Account Control is enabled and the user chooses to start the program using Run as administrator.  An elevated token is also used when an application is configured to always require administrative privilege or to always require maximum privilege, and the user is a member of the Administrators group.

Type 3 is a limited token with administrative privileges removed and administrative groups disabled.  The limited token is used when User Account Control is enabled, the application does not require administrative privilege, and the user does not choose to start the program using Run as administrator."
Information,DD/MM/YYYY 5:14:00 PM,Microsoft-Windows-Security-Auditing,4688,Process Creation,"A new process has been created.

Creator Subject:
	Security ID:		SYSTEM
	Account Name:		WS-3$
	Account Domain:		LAB
	Logon ID:		0x3E7

Target Subject:
	Security ID:		NULL SID
	Account Name:		-
	Account Domain:		-
	Logon ID:		0x0

Process Information:
	New Process ID:		0x1998
	New Process Name:	C:\Windows\System32\LogonUI.exe
	Token Elevation Type:	%%1936
	Mandatory Label:		Mandatory Label\System Mandatory Level
	Creator Process ID:	0xe10
	Creator Process Name:	C:\Windows\System32\winlogon.exe
	Process Command Line:	

Token Elevation Type indicates the type of token that was assigned to the new process in accordance with User Account Control policy.

Type 1 is a full token with no privileges removed or groups disabled.  A full token is only used if User Account Control is disabled or if the user is the built-in Administrator account or a service account.

Type 2 is an elevated token with no privileges removed or groups disabled.  An elevated token is used when User Account Control is enabled and the user chooses to start the program using Run as administrator.  An elevated token is also used when an application is configured to always require administrative privilege or to always require maximum privilege, and the user is a member of the Administrators group.

Type 3 is a limited token with administrative privileges removed and administrative groups disabled.  The limited token is used when User Account Control is enabled, the application does not require administrative privilege, and the user does not choose to start the program using Run as administrator."
Information,DD/MM/YYYY 5:13:59 PM,Microsoft-Windows-Security-Auditing,4779,Other Logon/Logoff Events,"A session was disconnected from a Window Station.

Subject:
	Account Name:		henry.butler
	Account Domain:		LAB
	Logon ID:		0x18DCA550

Session:
	Session Name:		RDP-Tcp#121

Additional Information:
	Client Name:		AD-CONNECTOR
	Client Address:		10.0.0.17


This event is generated when a user disconnects from an existing Terminal Services session, or when a user switches away from an existing desktop using Fast User Switching."
Information,DD/MM/YYYY 5:13:59 PM,Microsoft-Windows-Security-Auditing,4634,Logoff,"An account was logged off.

Subject:
	Security ID:		LAB\Henry.Butler
	Account Name:		Henry.Butler
	Account Domain:		LAB
	Logon ID:		0x27649669

Logon Type:			3

This event is generated when a logon session is destroyed. It may be positively correlated with a logon event using the Logon ID value. Logon IDs are only unique between reboots on the same computer."
Information,DD/MM/YYYY 5:13:53 PM,Microsoft-Windows-Security-Auditing,4689,Process Termination,"A process has exited.

Subject:
	Security ID:		LAB\Henry.Butler
	Account Name:		henry.butler
	Account Domain:		LAB
	Logon ID:		0x18DCA550

Process Information:
	Process ID:	0x2ed0
	Process Name:	\Device\Mup\ws-1\File5\SuperSpecializedHighlyAdvancedMalwareBypasser2.exe
	Exit Status:	0x0"
Information,DD/MM/YYYY 5:13:53 PM,Microsoft-Windows-Security-Auditing,4688,Process Creation,"A new process has been created.

Creator Subject:
	Security ID:		LAB\Henry.Butler
	Account Name:		henry.butler
	Account Domain:		LAB
	Logon ID:		0x18DCA550

Target Subject:
	Security ID:		NULL SID
	Account Name:		-
	Account Domain:		-
	Logon ID:		0x0

Process Information:
	New Process ID:		0x2ed0
	New Process Name:	\Device\Mup\ws-1\File5\SuperSpecializedHighlyAdvancedMalwareBypasser2.exe
	Token Elevation Type:	%%1936
	Mandatory Label:		Mandatory Label\Medium Mandatory Level
	Creator Process ID:	0xc40
	Creator Process Name:	C:\Windows\explorer.exe
	Process Command Line:	

Token Elevation Type indicates the type of token that was assigned to the new process in accordance with User Account Control policy.

Type 1 is a full token with no privileges removed or groups disabled.  A full token is only used if User Account Control is disabled or if the user is the built-in Administrator account or a service account.

Type 2 is an elevated token with no privileges removed or groups disabled.  An elevated token is used when User Account Control is enabled and the user chooses to start the program using Run as administrator.  An elevated token is also used when an application is configured to always require administrative privilege or to always require maximum privilege, and the user is a member of the Administrators group.

Type 3 is a limited token with administrative privileges removed and administrative groups disabled.  The limited token is used when User Account Control is enabled, the application does not require administrative privilege, and the user does not choose to start the program using Run as administrator."
Information,DD/MM/YYYY 5:13:53 PM,Microsoft-Windows-Security-Auditing,4689,Process Termination,"A process has exited.

Subject:
	Security ID:		SYSTEM
	Account Name:		WS-3$
	Account Domain:		LAB
	Logon ID:		0x3E7

Process Information:
	Process ID:	0x2068
	Process Name:	C:\Windows\System32\svchost.exe
	Exit Status:	0x0"
Information,DD/MM/YYYY 5:13:51 PM,Microsoft-Windows-Security-Auditing,4689,Process Termination,"A process has exited.

Subject:
	Security ID:		LAB\itadmin
	Account Name:		itadmin
	Account Domain:		LAB
	Logon ID:		0x2745E2FC

Process Information:
	Process ID:	0x2e1c
	Process Name:	C:\Windows\System32\backgroundTaskHost.exe
	Exit Status:	0x1"
Information,DD/MM/YYYY 5:13:51 PM,Microsoft-Windows-Security-Auditing,4689,Process Termination,"A process has exited.

Subject:
	Security ID:		NETWORK SERVICE
	Account Name:		WS-3$
	Account Domain:		LAB
	Logon ID:		0x3E4

Process Information:
	Process ID:	0x2f50
	Process Name:	C:\Windows\SysWOW64\wbem\WmiPrvSE.exe
	Exit Status:	0x0"
Information,DD/MM/YYYY 5:13:48 PM,Microsoft-Windows-Security-Auditing,4689,Process Termination,"A process has exited.

Subject:
	Security ID:		LAB\Henry.Butler
	Account Name:		henry.butler
	Account Domain:		LAB
	Logon ID:		0x18DCA550

Process Information:
	Process ID:	0x2540
	Process Name:	\Device\Mup\ws-1\File5\SuperSpecializedHighlyAdvancedMalwareBypasser2.exe
	Exit Status:	0x0"
Information,DD/MM/YYYY 5:13:48 PM,Microsoft-Windows-Security-Auditing,4688,Process Creation,"A new process has been created.

Creator Subject:
	Security ID:		LAB\Henry.Butler
	Account Name:		henry.butler
	Account Domain:		LAB
	Logon ID:		0x18DCA550

Target Subject:
	Security ID:		NULL SID
	Account Name:		-
	Account Domain:		-
	Logon ID:		0x0

Process Information:
	New Process ID:		0x2540
	New Process Name:	\Device\Mup\ws-1\File5\SuperSpecializedHighlyAdvancedMalwareBypasser2.exe
	Token Elevation Type:	%%1936
	Mandatory Label:		Mandatory Label\Medium Mandatory Level
	Creator Process ID:	0xc40
	Creator Process Name:	C:\Windows\explorer.exe
	Process Command Line:	

Token Elevation Type indicates the type of token that was assigned to the new process in accordance with User Account Control policy.

Type 1 is a full token with no privileges removed or groups disabled.  A full token is only used if User Account Control is disabled or if the user is the built-in Administrator account or a service account.

Type 2 is an elevated token with no privileges removed or groups disabled.  An elevated token is used when User Account Control is enabled and the user chooses to start the program using Run as administrator.  An elevated token is also used when an application is configured to always require administrative privilege or to always require maximum privilege, and the user is a member of the Administrators group.

Type 3 is a limited token with administrative privileges removed and administrative groups disabled.  The limited token is used when User Account Control is enabled, the application does not require administrative privilege, and the user does not choose to start the program using Run as administrator."
Information,DD/MM/YYYY 5:13:43 PM,Microsoft-Windows-Security-Auditing,4703,Token Right Adjusted Events,"A token right was adjusted.

Subject:
	Security ID:		SYSTEM
	Account Name:		WS-3$
	Account Domain:		LAB
	Logon ID:		0x3E7

Target Account:
	Security ID:		SYSTEM
	Account Name:		WS-3$
	Account Domain:		LAB
	Logon ID:		0x3E7

Process Information:
	Process ID:		0xa8c
	Process Name:		C:\Windows\System32\svchost.exe

Enabled Privileges:
			SeAssignPrimaryTokenPrivilege
			SeIncreaseQuotaPrivilege
			SeSecurityPrivilege
			SeTakeOwnershipPrivilege
			SeLoadDriverPrivilege
			SeSystemtimePrivilege
			SeBackupPrivilege
			SeRestorePrivilege
			SeShutdownPrivilege
			SeSystemEnvironmentPrivilege
			SeUndockPrivilege
			SeManageVolumePrivilege

Disabled Privileges:
			-"
Information,DD/MM/YYYY 5:13:43 PM,Microsoft-Windows-Security-Auditing,4703,Token Right Adjusted Events,"A token right was adjusted.

Subject:
	Security ID:		SYSTEM
	Account Name:		WS-3$
	Account Domain:		LAB
	Logon ID:		0x3E7

Target Account:
	Security ID:		SYSTEM
	Account Name:		WS-3$
	Account Domain:		LAB
	Logon ID:		0x3E7

Process Information:
	Process ID:		0xa8c
	Process Name:		C:\Windows\System32\svchost.exe

Enabled Privileges:
			SeAssignPrimaryTokenPrivilege
			SeIncreaseQuotaPrivilege
			SeSecurityPrivilege
			SeTakeOwnershipPrivilege
			SeLoadDriverPrivilege
			SeSystemtimePrivilege
			SeBackupPrivilege
			SeRestorePrivilege
			SeShutdownPrivilege
			SeSystemEnvironmentPrivilege
			SeUndockPrivilege
			SeManageVolumePrivilege

Disabled Privileges:
			-"
Information,DD/MM/YYYY 5:13:43 PM,Microsoft-Windows-Security-Auditing,4703,Token Right Adjusted Events,"A token right was adjusted.

Subject:
	Security ID:		SYSTEM
	Account Name:		WS-3$
	Account Domain:		LAB
	Logon ID:		0x3E7

Target Account:
	Security ID:		SYSTEM
	Account Name:		WS-3$
	Account Domain:		LAB
	Logon ID:		0x3E7

Process Information:
	Process ID:		0xa8c
	Process Name:		C:\Windows\System32\svchost.exe

Enabled Privileges:
			SeAssignPrimaryTokenPrivilege
			SeIncreaseQuotaPrivilege
			SeSecurityPrivilege
			SeTakeOwnershipPrivilege
			SeLoadDriverPrivilege
			SeSystemtimePrivilege
			SeBackupPrivilege
			SeRestorePrivilege
			SeShutdownPrivilege
			SeSystemEnvironmentPrivilege
			SeUndockPrivilege
			SeManageVolumePrivilege

Disabled Privileges:
			-"
Information,DD/MM/YYYY 5:13:43 PM,Microsoft-Windows-Security-Auditing,4703,Token Right Adjusted Events,"A token right was adjusted.

Subject:
	Security ID:		SYSTEM
	Account Name:		WS-3$
	Account Domain:		LAB
	Logon ID:		0x3E7

Target Account:
	Security ID:		SYSTEM
	Account Name:		WS-3$
	Account Domain:		LAB
	Logon ID:		0x3E7

Process Information:
	Process ID:		0xa8c
	Process Name:		C:\Windows\System32\svchost.exe

Enabled Privileges:
			SeAssignPrimaryTokenPrivilege
			SeIncreaseQuotaPrivilege
			SeSecurityPrivilege
			SeTakeOwnershipPrivilege
			SeLoadDriverPrivilege
			SeSystemtimePrivilege
			SeBackupPrivilege
			SeRestorePrivilege
			SeShutdownPrivilege
			SeSystemEnvironmentPrivilege
			SeUndockPrivilege
			SeManageVolumePrivilege

Disabled Privileges:
			-"
Information,DD/MM/YYYY 5:13:43 PM,Microsoft-Windows-Security-Auditing,4703,Token Right Adjusted Events,"A token right was adjusted.

Subject:
	Security ID:		SYSTEM
	Account Name:		WS-3$
	Account Domain:		LAB
	Logon ID:		0x3E7

Target Account:
	Security ID:		SYSTEM
	Account Name:		WS-3$
	Account Domain:		LAB
	Logon ID:		0x3E7

Process Information:
	Process ID:		0xa8c
	Process Name:		C:\Windows\System32\svchost.exe

Enabled Privileges:
			SeAssignPrimaryTokenPrivilege
			SeIncreaseQuotaPrivilege
			SeSecurityPrivilege
			SeTakeOwnershipPrivilege
			SeLoadDriverPrivilege
			SeSystemtimePrivilege
			SeBackupPrivilege
			SeRestorePrivilege
			SeShutdownPrivilege
			SeSystemEnvironmentPrivilege
			SeUndockPrivilege
			SeManageVolumePrivilege

Disabled Privileges:
			-"
Information,DD/MM/YYYY 5:13:43 PM,Microsoft-Windows-Security-Auditing,4703,Token Right Adjusted Events,"A token right was adjusted.

Subject:
	Security ID:		SYSTEM
	Account Name:		WS-3$
	Account Domain:		LAB
	Logon ID:		0x3E7

Target Account:
	Security ID:		SYSTEM
	Account Name:		WS-3$
	Account Domain:		LAB
	Logon ID:		0x3E7

Process Information:
	Process ID:		0xa8c
	Process Name:		C:\Windows\System32\svchost.exe

Enabled Privileges:
			SeAssignPrimaryTokenPrivilege
			SeIncreaseQuotaPrivilege
			SeSecurityPrivilege
			SeTakeOwnershipPrivilege
			SeLoadDriverPrivilege
			SeSystemtimePrivilege
			SeBackupPrivilege
			SeRestorePrivilege
			SeShutdownPrivilege
			SeSystemEnvironmentPrivilege
			SeUndockPrivilege
			SeManageVolumePrivilege

Disabled Privileges:
			-"
Information,DD/MM/YYYY 5:13:43 PM,Microsoft-Windows-Security-Auditing,4703,Token Right Adjusted Events,"A token right was adjusted.

Subject:
	Security ID:		SYSTEM
	Account Name:		WS-3$
	Account Domain:		LAB
	Logon ID:		0x3E7

Target Account:
	Security ID:		SYSTEM
	Account Name:		WS-3$
	Account Domain:		LAB
	Logon ID:		0x3E7

Process Information:
	Process ID:		0xa8c
	Process Name:		C:\Windows\System32\svchost.exe

Enabled Privileges:
			SeAssignPrimaryTokenPrivilege
			SeIncreaseQuotaPrivilege
			SeSecurityPrivilege
			SeTakeOwnershipPrivilege
			SeLoadDriverPrivilege
			SeSystemtimePrivilege
			SeBackupPrivilege
			SeRestorePrivilege
			SeShutdownPrivilege
			SeSystemEnvironmentPrivilege
			SeUndockPrivilege
			SeManageVolumePrivilege

Disabled Privileges:
			-"
Information,DD/MM/YYYY 5:13:42 PM,Microsoft-Windows-Security-Auditing,4689,Process Termination,"A process has exited.

Subject:
	Security ID:		SYSTEM
	Account Name:		WS-3$
	Account Domain:		LAB
	Logon ID:		0x3E7

Process Information:
	Process ID:	0x11c4
	Process Name:	C:\Windows\System32\conhost.exe
	Exit Status:	0x0"
Information,DD/MM/YYYY 5:13:42 PM,Microsoft-Windows-Security-Auditing,4689,Process Termination,"A process has exited.

Subject:
	Security ID:		SYSTEM
	Account Name:		WS-3$
	Account Domain:		LAB
	Logon ID:		0x3E7

Process Information:
	Process ID:	0x534
	Process Name:	C:\Windows\System32\quser.exe
	Exit Status:	0x0"
Information,DD/MM/YYYY 5:13:42 PM,Microsoft-Windows-Security-Auditing,4688,Process Creation,"A new process has been created.

Creator Subject:
	Security ID:		SYSTEM
	Account Name:		WS-3$
	Account Domain:		LAB
	Logon ID:		0x3E7

Target Subject:
	Security ID:		NULL SID
	Account Name:		-
	Account Domain:		-
	Logon ID:		0x0

Process Information:
	New Process ID:		0x11c4
	New Process Name:	C:\Windows\System32\conhost.exe
	Token Elevation Type:	%%1936
	Mandatory Label:		Mandatory Label\System Mandatory Level
	Creator Process ID:	0x534
	Creator Process Name:	C:\Windows\System32\quser.exe
	Process Command Line:	

Token Elevation Type indicates the type of token that was assigned to the new process in accordance with User Account Control policy.

Type 1 is a full token with no privileges removed or groups disabled.  A full token is only used if User Account Control is disabled or if the user is the built-in Administrator account or a service account.

Type 2 is an elevated token with no privileges removed or groups disabled.  An elevated token is used when User Account Control is enabled and the user chooses to start the program using Run as administrator.  An elevated token is also used when an application is configured to always require administrative privilege or to always require maximum privilege, and the user is a member of the Administrators group.

Type 3 is a limited token with administrative privileges removed and administrative groups disabled.  The limited token is used when User Account Control is enabled, the application does not require administrative privilege, and the user does not choose to start the program using Run as administrator."
Information,DD/MM/YYYY 5:13:42 PM,Microsoft-Windows-Security-Auditing,4688,Process Creation,"A new process has been created.

Creator Subject:
	Security ID:		SYSTEM
	Account Name:		WS-3$
	Account Domain:		LAB
	Logon ID:		0x3E7

Target Subject:
	Security ID:		NULL SID
	Account Name:		-
	Account Domain:		-
	Logon ID:		0x0

Process Information:
	New Process ID:		0x534
	New Process Name:	C:\Windows\System32\quser.exe
	Token Elevation Type:	%%1936
	Mandatory Label:		Mandatory Label\System Mandatory Level
	Creator Process ID:	0xb1c
	Creator Process Name:	C:\Windows\LTSvc\LTSVC.exe
	Process Command Line:	

Token Elevation Type indicates the type of token that was assigned to the new process in accordance with User Account Control policy.

Type 1 is a full token with no privileges removed or groups disabled.  A full token is only used if User Account Control is disabled or if the user is the built-in Administrator account or a service account.

Type 2 is an elevated token with no privileges removed or groups disabled.  An elevated token is used when User Account Control is enabled and the user chooses to start the program using Run as administrator.  An elevated token is also used when an application is configured to always require administrative privilege or to always require maximum privilege, and the user is a member of the Administrators group.

Type 3 is a limited token with administrative privileges removed and administrative groups disabled.  The limited token is used when User Account Control is enabled, the application does not require administrative privilege, and the user does not choose to start the program using Run as administrator."
Information,DD/MM/YYYY 5:13:40 PM,Microsoft-Windows-Security-Auditing,4689,Process Termination,"A process has exited.

Subject:
	Security ID:		LAB\itadmin
	Account Name:		itadmin
	Account Domain:		LAB
	Logon ID:		0x2745E2FC

Process Information:
	Process ID:	0x2e20
	Process Name:	C:\Windows\System32\RuntimeBroker.exe
	Exit Status:	0x0"
Information,DD/MM/YYYY 5:13:40 PM,Microsoft-Windows-Security-Auditing,4688,Process Creation,"A new process has been created.

Creator Subject:
	Security ID:		SYSTEM
	Account Name:		WS-3$
	Account Domain:		LAB
	Logon ID:		0x3E7

Target Subject:
	Security ID:		LOCAL SERVICE
	Account Name:		LOCAL SERVICE
	Account Domain:		NT AUTHORITY
	Logon ID:		0x3E5

Process Information:
	New Process ID:		0x25b0
	New Process Name:	C:\Windows\System32\svchost.exe
	Token Elevation Type:	%%1936
	Mandatory Label:		Mandatory Label\System Mandatory Level
	Creator Process ID:	0x2c8
	Creator Process Name:	C:\Windows\System32\services.exe
	Process Command Line:	

Token Elevation Type indicates the type of token that was assigned to the new process in accordance with User Account Control policy.

Type 1 is a full token with no privileges removed or groups disabled.  A full token is only used if User Account Control is disabled or if the user is the built-in Administrator account or a service account.

Type 2 is an elevated token with no privileges removed or groups disabled.  An elevated token is used when User Account Control is enabled and the user chooses to start the program using Run as administrator.  An elevated token is also used when an application is configured to always require administrative privilege or to always require maximum privilege, and the user is a member of the Administrators group.

Type 3 is a limited token with administrative privileges removed and administrative groups disabled.  The limited token is used when User Account Control is enabled, the application does not require administrative privilege, and the user does not choose to start the program using Run as administrator."
Information,DD/MM/YYYY 5:13:37 PM,Microsoft-Windows-Security-Auditing,4689,Process Termination,"A process has exited.

Subject:
	Security ID:		SYSTEM
	Account Name:		WS-3$
	Account Domain:		LAB
	Logon ID:		0x3E7

Process Information:
	Process ID:	0x2bfc
	Process Name:	C:\Windows\System32\svchost.exe
	Exit Status:	0x0"
Information,DD/MM/YYYY 5:13:36 PM,Microsoft-Windows-Security-Auditing,4689,Process Termination,"A process has exited.

Subject:
	Security ID:		LAB\Henry.Butler
	Account Name:		henry.butler
	Account Domain:		LAB
	Logon ID:		0x18DCA550

Process Information:
	Process ID:	0x2d94
	Process Name:	C:\Windows\System32\dllhost.exe
	Exit Status:	0x0"
Information,DD/MM/YYYY 5:13:35 PM,Microsoft-Windows-Security-Auditing,4689,Process Termination,"A process has exited.

Subject:
	Security ID:		LAB\itadmin
	Account Name:		itadmin
	Account Domain:		LAB
	Logon ID:		0x2745E2FC

Process Information:
	Process ID:	0x15f0
	Process Name:	C:\Windows\System32\backgroundTaskHost.exe
	Exit Status:	0x1"
Information,DD/MM/YYYY 5:13:35 PM,Microsoft-Windows-Security-Auditing,4689,Process Termination,"A process has exited.

Subject:
	Security ID:		LAB\itadmin
	Account Name:		itadmin
	Account Domain:		LAB
	Logon ID:		0x2745E2FC

Process Information:
	Process ID:	0x2cd8
	Process Name:	C:\Windows\System32\RuntimeBroker.exe
	Exit Status:	0x0"
Information,DD/MM/YYYY 5:13:35 PM,Microsoft-Windows-Security-Auditing,4689,Process Termination,"A process has exited.

Subject:
	Security ID:		LAB\itadmin
	Account Name:		itadmin
	Account Domain:		LAB
	Logon ID:		0x2745E2FC

Process Information:
	Process ID:	0x2ee8
	Process Name:	C:\Windows\System32\backgroundTaskHost.exe
	Exit Status:	0x1"
Information,DD/MM/YYYY 5:13:34 PM,Microsoft-Windows-Security-Auditing,4689,Process Termination,"A process has exited.

Subject:
	Security ID:		LAB\itadmin
	Account Name:		itadmin
	Account Domain:		LAB
	Logon ID:		0x2745E2FC

Process Information:
	Process ID:	0x2db8
	Process Name:	C:\Windows\System32\dllhost.exe
	Exit Status:	0x0"
Information,DD/MM/YYYY 5:13:34 PM,Microsoft-Windows-Security-Auditing,4689,Process Termination,"A process has exited.

Subject:
	Security ID:		LAB\itadmin
	Account Name:		itadmin
	Account Domain:		LAB
	Logon ID:		0x2745E2FC

Process Information:
	Process ID:	0xfe8
	Process Name:	C:\Windows\System32\backgroundTaskHost.exe
	Exit Status:	0x1"
Information,DD/MM/YYYY 5:13:30 PM,Microsoft-Windows-Security-Auditing,4689,Process Termination,"A process has exited.

Subject:
	Security ID:		LAB\Henry.Butler
	Account Name:		henry.butler
	Account Domain:		LAB
	Logon ID:		0x18DCA550

Process Information:
	Process ID:	0x2af0
	Process Name:	C:\Windows\System32\dllhost.exe
	Exit Status:	0x0"
Information,DD/MM/YYYY 5:13:30 PM,Microsoft-Windows-Security-Auditing,6416,Plug and Play Events,"A new external device was recognized by the system.

Subject:
	Security ID:		SYSTEM
	Account Name:		WS-3$
	Account Domain:		LAB
	Logon ID:		0x3E7

Device ID:	SWD\PRINTENUM\{48582915-977C-4699-8424-D0010B7FC256}

Device Name:	Microsoft XPS Document Writer (redirected 2)

Class ID:		{1ed2bbf9-11f0-4084-b21f-ad83a8e6dcdc}

Class Name:	PrintQueue

Vendor IDs:	
		PRINTENUM\LocalPrintQueue
		
		

Compatible IDs:	
		GenPrintQueue
		SWD\GenericRaw
		SWD\Generic
		
		

Location Information:	-"
Information,DD/MM/YYYY 5:13:29 PM,Microsoft-Windows-Security-Auditing,6416,Plug and Play Events,"A new external device was recognized by the system.

Subject:
	Security ID:		SYSTEM
	Account Name:		WS-3$
	Account Domain:		LAB
	Logon ID:		0x3E7

Device ID:	SWD\PRINTENUM\{0F4E6A61-4412-4935-9AE3-AF68B0AD63EA}

Device Name:	Fax (redirected 2) (redirected 2)

Class ID:		{1ed2bbf9-11f0-4084-b21f-ad83a8e6dcdc}

Class Name:	PrintQueue

Vendor IDs:	
		PRINTENUM\LocalPrintQueue
		
		

Compatible IDs:	
		GenPrintQueue
		SWD\GenericRaw
		SWD\Generic
		
		

Location Information:	-"
Information,DD/MM/YYYY 5:13:29 PM,Microsoft-Windows-Security-Auditing,4688,Process Creation,"A new process has been created.

Creator Subject:
	Security ID:		SYSTEM
	Account Name:		WS-3$
	Account Domain:		LAB
	Logon ID:		0x3E7

Target Subject:
	Security ID:		NULL SID
	Account Name:		itadmin
	Account Domain:		LAB
	Logon ID:		0x2745E2FC

Process Information:
	New Process ID:		0x2db8
	New Process Name:	C:\Windows\System32\dllhost.exe
	Token Elevation Type:	%%1936
	Mandatory Label:		Mandatory Label\High Mandatory Level
	Creator Process ID:	0x33c
	Creator Process Name:	C:\Windows\System32\svchost.exe
	Process Command Line:	

Token Elevation Type indicates the type of token that was assigned to the new process in accordance with User Account Control policy.

Type 1 is a full token with no privileges removed or groups disabled.  A full token is only used if User Account Control is disabled or if the user is the built-in Administrator account or a service account.

Type 2 is an elevated token with no privileges removed or groups disabled.  An elevated token is used when User Account Control is enabled and the user chooses to start the program using Run as administrator.  An elevated token is also used when an application is configured to always require administrative privilege or to always require maximum privilege, and the user is a member of the Administrators group.

Type 3 is a limited token with administrative privileges removed and administrative groups disabled.  The limited token is used when User Account Control is enabled, the application does not require administrative privilege, and the user does not choose to start the program using Run as administrator."
Information,DD/MM/YYYY 5:13:29 PM,Microsoft-Windows-Security-Auditing,6416,Plug and Play Events,"A new external device was recognized by the system.

Subject:
	Security ID:		SYSTEM
	Account Name:		WS-3$
	Account Domain:		LAB
	Logon ID:		0x3E7

Device ID:	SWD\PRINTENUM\{1A70F18E-6318-4A21-A2FD-8EBACC7F2C1D}

Device Name:	Microsoft Print to PDF (redirected 2) (redirected 2)

Class ID:		{1ed2bbf9-11f0-4084-b21f-ad83a8e6dcdc}

Class Name:	PrintQueue

Vendor IDs:	
		PRINTENUM\LocalPrintQueue
		
		

Compatible IDs:	
		GenPrintQueue
		SWD\GenericRaw
		SWD\Generic
		
		

Location Information:	-"
Information,DD/MM/YYYY 5:13:29 PM,Microsoft-Windows-Security-Auditing,4689,Process Termination,"A process has exited.

Subject:
	Security ID:		LAB\itadmin
	Account Name:		itadmin
	Account Domain:		LAB
	Logon ID:		0x2745E2FC

Process Information:
	Process ID:	0x24cc
	Process Name:	C:\Windows\System32\rundll32.exe
	Exit Status:	0x0"
Information,DD/MM/YYYY 5:13:29 PM,Microsoft-Windows-Security-Auditing,4689,Process Termination,"A process has exited.

Subject:
	Security ID:		LAB\Henry.Butler
	Account Name:		henry.butler
	Account Domain:		LAB
	Logon ID:		0x18DCA550

Process Information:
	Process ID:	0x2c70
	Process Name:	C:\Windows\System32\TSTheme.exe
	Exit Status:	0x0"
Information,DD/MM/YYYY 5:13:28 PM,Microsoft-Windows-Security-Auditing,6416,Plug and Play Events,"A new external device was recognized by the system.

Subject:
	Security ID:		SYSTEM
	Account Name:		WS-3$
	Account Domain:		LAB
	Logon ID:		0x3E7

Device ID:	SWD\PRINTENUM\{2C0FFEEF-684D-45BB-B5E0-A4FBF4955ED7}

Device Name:	Microsoft XPS Document Writer (redirected 2) (redirected 2)

Class ID:		{1ed2bbf9-11f0-4084-b21f-ad83a8e6dcdc}

Class Name:	PrintQueue

Vendor IDs:	
		PRINTENUM\LocalPrintQueue
		
		

Compatible IDs:	
		GenPrintQueue
		SWD\GenericRaw
		SWD\Generic
		
		

Location Information:	-"
Information,DD/MM/YYYY 5:13:27 PM,Microsoft-Windows-Security-Auditing,4689,Process Termination,"A process has exited.

Subject:
	Security ID:		LAB\itadmin
	Account Name:		itadmin
	Account Domain:		LAB
	Logon ID:		0x2745E2FC

Process Information:
	Process ID:	0x15fc
	Process Name:	C:\Windows\System32\AppHostRegistrationVerifier.exe
	Exit Status:	0x0"
Information,DD/MM/YYYY 5:13:27 PM,Microsoft-Windows-Security-Auditing,4688,Process Creation,"A new process has been created.

Creator Subject:
	Security ID:		SYSTEM
	Account Name:		WS-3$
	Account Domain:		LAB
	Logon ID:		0x3E7

Target Subject:
	Security ID:		NULL SID
	Account Name:		itadmin
	Account Domain:		LAB
	Logon ID:		0x2745E2FC

Process Information:
	New Process ID:		0x15fc
	New Process Name:	C:\Windows\System32\AppHostRegistrationVerifier.exe
	Token Elevation Type:	%%1936
	Mandatory Label:		Mandatory Label\High Mandatory Level
	Creator Process ID:	0x74c
	Creator Process Name:	C:\Windows\System32\svchost.exe
	Process Command Line:	

Token Elevation Type indicates the type of token that was assigned to the new process in accordance with User Account Control policy.

Type 1 is a full token with no privileges removed or groups disabled.  A full token is only used if User Account Control is disabled or if the user is the built-in Administrator account or a service account.

Type 2 is an elevated token with no privileges removed or groups disabled.  An elevated token is used when User Account Control is enabled and the user chooses to start the program using Run as administrator.  An elevated token is also used when an application is configured to always require administrative privilege or to always require maximum privilege, and the user is a member of the Administrators group.

Type 3 is a limited token with administrative privileges removed and administrative groups disabled.  The limited token is used when User Account Control is enabled, the application does not require administrative privilege, and the user does not choose to start the program using Run as administrator."
Information,DD/MM/YYYY 5:13:27 PM,Microsoft-Windows-Security-Auditing,4689,Process Termination,"A process has exited.

Subject:
	Security ID:		LAB\Henry.Butler
	Account Name:		henry.butler
	Account Domain:		LAB
	Logon ID:		0x18DCA550

Process Information:
	Process ID:	0x1840
	Process Name:	C:\Windows\System32\AppHostRegistrationVerifier.exe
	Exit Status:	0x0"
Information,DD/MM/YYYY 5:13:27 PM,Microsoft-Windows-Security-Auditing,4688,Process Creation,"A new process has been created.

Creator Subject:
	Security ID:		SYSTEM
	Account Name:		WS-3$
	Account Domain:		LAB
	Logon ID:		0x3E7

Target Subject:
	Security ID:		LAB\Henry.Butler
	Account Name:		henry.butler
	Account Domain:		LAB
	Logon ID:		0x18DCA550

Process Information:
	New Process ID:		0x1840
	New Process Name:	C:\Windows\System32\AppHostRegistrationVerifier.exe
	Token Elevation Type:	%%1936
	Mandatory Label:		Mandatory Label\Medium Mandatory Level
	Creator Process ID:	0x74c
	Creator Process Name:	C:\Windows\System32\svchost.exe
	Process Command Line:	

Token Elevation Type indicates the type of token that was assigned to the new process in accordance with User Account Control policy.

Type 1 is a full token with no privileges removed or groups disabled.  A full token is only used if User Account Control is disabled or if the user is the built-in Administrator account or a service account.

Type 2 is an elevated token with no privileges removed or groups disabled.  An elevated token is used when User Account Control is enabled and the user chooses to start the program using Run as administrator.  An elevated token is also used when an application is configured to always require administrative privilege or to always require maximum privilege, and the user is a member of the Administrators group.

Type 3 is a limited token with administrative privileges removed and administrative groups disabled.  The limited token is used when User Account Control is enabled, the application does not require administrative privilege, and the user does not choose to start the program using Run as administrator."
Information,DD/MM/YYYY 5:13:27 PM,Microsoft-Windows-Security-Auditing,4689,Process Termination,"A process has exited.

Subject:
	Security ID:		LAB\itadmin
	Account Name:		itadmin
	Account Domain:		LAB
	Logon ID:		0x2745E2FC

Process Information:
	Process ID:	0xd54
	Process Name:	C:\Windows\System32\AppHostRegistrationVerifier.exe
	Exit Status:	0x0"
Information,DD/MM/YYYY 5:13:27 PM,Microsoft-Windows-Security-Auditing,4689,Process Termination,"A process has exited.

Subject:
	Security ID:		SYSTEM
	Account Name:		WS-3$
	Account Domain:		LAB
	Logon ID:		0x3E7

Process Information:
	Process ID:	0x23c0
	Process Name:	C:\Windows\System32\conhost.exe
	Exit Status:	0x0"
Information,DD/MM/YYYY 5:13:27 PM,Microsoft-Windows-Security-Auditing,4689,Process Termination,"A process has exited.

Subject:
	Security ID:		SYSTEM
	Account Name:		WS-3$
	Account Domain:		LAB
	Logon ID:		0x3E7

Process Information:
	Process ID:	0x2ecc
	Process Name:	C:\Windows\System32\cmd.exe
	Exit Status:	0x1"
Information,DD/MM/YYYY 5:13:27 PM,Microsoft-Windows-Security-Auditing,4689,Process Termination,"A process has exited.

Subject:
	Security ID:		SYSTEM
	Account Name:		WS-3$
	Account Domain:		LAB
	Logon ID:		0x3E7

Process Information:
	Process ID:	0x1f94
	Process Name:	C:\Windows\System32\find.exe
	Exit Status:	0x1"
Information,DD/MM/YYYY 5:13:27 PM,Microsoft-Windows-Security-Auditing,4689,Process Termination,"A process has exited.

Subject:
	Security ID:		SYSTEM
	Account Name:		WS-3$
	Account Domain:		LAB
	Logon ID:		0x3E7

Process Information:
	Process ID:	0x2c48
	Process Name:	C:\Windows\System32\find.exe
	Exit Status:	0x1"
Information,DD/MM/YYYY 5:13:27 PM,Microsoft-Windows-Security-Auditing,4689,Process Termination,"A process has exited.

Subject:
	Security ID:		SYSTEM
	Account Name:		WS-3$
	Account Domain:		LAB
	Logon ID:		0x3E7

Process Information:
	Process ID:	0x2e94
	Process Name:	C:\Windows\System32\NETSTAT.EXE
	Exit Status:	0x0"
Information,DD/MM/YYYY 5:13:27 PM,Microsoft-Windows-Security-Auditing,4688,Process Creation,"A new process has been created.

Creator Subject:
	Security ID:		SYSTEM
	Account Name:		WS-3$
	Account Domain:		LAB
	Logon ID:		0x3E7

Target Subject:
	Security ID:		NULL SID
	Account Name:		-
	Account Domain:		-
	Logon ID:		0x0

Process Information:
	New Process ID:		0x1f94
	New Process Name:	C:\Windows\System32\find.exe
	Token Elevation Type:	%%1936
	Mandatory Label:		Mandatory Label\System Mandatory Level
	Creator Process ID:	0x2ecc
	Creator Process Name:	C:\Windows\System32\cmd.exe
	Process Command Line:	

Token Elevation Type indicates the type of token that was assigned to the new process in accordance with User Account Control policy.

Type 1 is a full token with no privileges removed or groups disabled.  A full token is only used if User Account Control is disabled or if the user is the built-in Administrator account or a service account.

Type 2 is an elevated token with no privileges removed or groups disabled.  An elevated token is used when User Account Control is enabled and the user chooses to start the program using Run as administrator.  An elevated token is also used when an application is configured to always require administrative privilege or to always require maximum privilege, and the user is a member of the Administrators group.

Type 3 is a limited token with administrative privileges removed and administrative groups disabled.  The limited token is used when User Account Control is enabled, the application does not require administrative privilege, and the user does not choose to start the program using Run as administrator."
Information,DD/MM/YYYY 5:13:27 PM,Microsoft-Windows-Security-Auditing,4688,Process Creation,"A new process has been created.

Creator Subject:
	Security ID:		SYSTEM
	Account Name:		WS-3$
	Account Domain:		LAB
	Logon ID:		0x3E7

Target Subject:
	Security ID:		NULL SID
	Account Name:		-
	Account Domain:		-
	Logon ID:		0x0

Process Information:
	New Process ID:		0x2c48
	New Process Name:	C:\Windows\System32\find.exe
	Token Elevation Type:	%%1936
	Mandatory Label:		Mandatory Label\System Mandatory Level
	Creator Process ID:	0x2ecc
	Creator Process Name:	C:\Windows\System32\cmd.exe
	Process Command Line:	

Token Elevation Type indicates the type of token that was assigned to the new process in accordance with User Account Control policy.

Type 1 is a full token with no privileges removed or groups disabled.  A full token is only used if User Account Control is disabled or if the user is the built-in Administrator account or a service account.

Type 2 is an elevated token with no privileges removed or groups disabled.  An elevated token is used when User Account Control is enabled and the user chooses to start the program using Run as administrator.  An elevated token is also used when an application is configured to always require administrative privilege or to always require maximum privilege, and the user is a member of the Administrators group.

Type 3 is a limited token with administrative privileges removed and administrative groups disabled.  The limited token is used when User Account Control is enabled, the application does not require administrative privilege, and the user does not choose to start the program using Run as administrator."
Information,DD/MM/YYYY 5:13:27 PM,Microsoft-Windows-Security-Auditing,4688,Process Creation,"A new process has been created.

Creator Subject:
	Security ID:		SYSTEM
	Account Name:		WS-3$
	Account Domain:		LAB
	Logon ID:		0x3E7

Target Subject:
	Security ID:		NULL SID
	Account Name:		-
	Account Domain:		-
	Logon ID:		0x0

Process Information:
	New Process ID:		0x2e94
	New Process Name:	C:\Windows\System32\NETSTAT.EXE
	Token Elevation Type:	%%1936
	Mandatory Label:		Mandatory Label\System Mandatory Level
	Creator Process ID:	0x2ecc
	Creator Process Name:	C:\Windows\System32\cmd.exe
	Process Command Line:	

Token Elevation Type indicates the type of token that was assigned to the new process in accordance with User Account Control policy.

Type 1 is a full token with no privileges removed or groups disabled.  A full token is only used if User Account Control is disabled or if the user is the built-in Administrator account or a service account.

Type 2 is an elevated token with no privileges removed or groups disabled.  An elevated token is used when User Account Control is enabled and the user chooses to start the program using Run as administrator.  An elevated token is also used when an application is configured to always require administrative privilege or to always require maximum privilege, and the user is a member of the Administrators group.

Type 3 is a limited token with administrative privileges removed and administrative groups disabled.  The limited token is used when User Account Control is enabled, the application does not require administrative privilege, and the user does not choose to start the program using Run as administrator."
Information,DD/MM/YYYY 5:13:27 PM,Microsoft-Windows-Security-Auditing,4688,Process Creation,"A new process has been created.

Creator Subject:
	Security ID:		SYSTEM
	Account Name:		WS-3$
	Account Domain:		LAB
	Logon ID:		0x3E7

Target Subject:
	Security ID:		NULL SID
	Account Name:		itadmin
	Account Domain:		LAB
	Logon ID:		0x2745E2FC

Process Information:
	New Process ID:		0xd54
	New Process Name:	C:\Windows\System32\AppHostRegistrationVerifier.exe
	Token Elevation Type:	%%1936
	Mandatory Label:		Mandatory Label\High Mandatory Level
	Creator Process ID:	0x74c
	Creator Process Name:	C:\Windows\System32\svchost.exe
	Process Command Line:	

Token Elevation Type indicates the type of token that was assigned to the new process in accordance with User Account Control policy.

Type 1 is a full token with no privileges removed or groups disabled.  A full token is only used if User Account Control is disabled or if the user is the built-in Administrator account or a service account.

Type 2 is an elevated token with no privileges removed or groups disabled.  An elevated token is used when User Account Control is enabled and the user chooses to start the program using Run as administrator.  An elevated token is also used when an application is configured to always require administrative privilege or to always require maximum privilege, and the user is a member of the Administrators group.

Type 3 is a limited token with administrative privileges removed and administrative groups disabled.  The limited token is used when User Account Control is enabled, the application does not require administrative privilege, and the user does not choose to start the program using Run as administrator."
Information,DD/MM/YYYY 5:13:27 PM,Microsoft-Windows-Security-Auditing,4689,Process Termination,"A process has exited.

Subject:
	Security ID:		LAB\Henry.Butler
	Account Name:		henry.butler
	Account Domain:		LAB
	Logon ID:		0x18DCA550

Process Information:
	Process ID:	0x2f2c
	Process Name:	C:\Windows\System32\AppHostRegistrationVerifier.exe
	Exit Status:	0x0"
Information,DD/MM/YYYY 5:13:27 PM,Microsoft-Windows-Security-Auditing,4688,Process Creation,"A new process has been created.

Creator Subject:
	Security ID:		SYSTEM
	Account Name:		WS-3$
	Account Domain:		LAB
	Logon ID:		0x3E7

Target Subject:
	Security ID:		NULL SID
	Account Name:		-
	Account Domain:		-
	Logon ID:		0x0

Process Information:
	New Process ID:		0x23c0
	New Process Name:	C:\Windows\System32\conhost.exe
	Token Elevation Type:	%%1936
	Mandatory Label:		Mandatory Label\System Mandatory Level
	Creator Process ID:	0x2ecc
	Creator Process Name:	C:\Windows\System32\cmd.exe
	Process Command Line:	

Token Elevation Type indicates the type of token that was assigned to the new process in accordance with User Account Control policy.

Type 1 is a full token with no privileges removed or groups disabled.  A full token is only used if User Account Control is disabled or if the user is the built-in Administrator account or a service account.

Type 2 is an elevated token with no privileges removed or groups disabled.  An elevated token is used when User Account Control is enabled and the user chooses to start the program using Run as administrator.  An elevated token is also used when an application is configured to always require administrative privilege or to always require maximum privilege, and the user is a member of the Administrators group.

Type 3 is a limited token with administrative privileges removed and administrative groups disabled.  The limited token is used when User Account Control is enabled, the application does not require administrative privilege, and the user does not choose to start the program using Run as administrator."
Information,DD/MM/YYYY 5:13:27 PM,Microsoft-Windows-Security-Auditing,4688,Process Creation,"A new process has been created.

Creator Subject:
	Security ID:		SYSTEM
	Account Name:		WS-3$
	Account Domain:		LAB
	Logon ID:		0x3E7

Target Subject:
	Security ID:		NULL SID
	Account Name:		-
	Account Domain:		-
	Logon ID:		0x0

Process Information:
	New Process ID:		0x2ecc
	New Process Name:	C:\Windows\System32\cmd.exe
	Token Elevation Type:	%%1936
	Mandatory Label:		Mandatory Label\System Mandatory Level
	Creator Process ID:	0xb1c
	Creator Process Name:	C:\Windows\LTSvc\LTSVC.exe
	Process Command Line:	

Token Elevation Type indicates the type of token that was assigned to the new process in accordance with User Account Control policy.

Type 1 is a full token with no privileges removed or groups disabled.  A full token is only used if User Account Control is disabled or if the user is the built-in Administrator account or a service account.

Type 2 is an elevated token with no privileges removed or groups disabled.  An elevated token is used when User Account Control is enabled and the user chooses to start the program using Run as administrator.  An elevated token is also used when an application is configured to always require administrative privilege or to always require maximum privilege, and the user is a member of the Administrators group.

Type 3 is a limited token with administrative privileges removed and administrative groups disabled.  The limited token is used when User Account Control is enabled, the application does not require administrative privilege, and the user does not choose to start the program using Run as administrator."
Information,DD/MM/YYYY 5:13:27 PM,Microsoft-Windows-Security-Auditing,4689,Process Termination,"A process has exited.

Subject:
	Security ID:		SYSTEM
	Account Name:		WS-3$
	Account Domain:		LAB
	Logon ID:		0x3E7

Process Information:
	Process ID:	0xd78
	Process Name:	C:\Windows\System32\conhost.exe
	Exit Status:	0x0"
Information,DD/MM/YYYY 5:13:27 PM,Microsoft-Windows-Security-Auditing,4689,Process Termination,"A process has exited.

Subject:
	Security ID:		SYSTEM
	Account Name:		WS-3$
	Account Domain:		LAB
	Logon ID:		0x3E7

Process Information:
	Process ID:	0x2ba8
	Process Name:	C:\Windows\System32\cmd.exe
	Exit Status:	0x1"
Information,DD/MM/YYYY 5:13:27 PM,Microsoft-Windows-Security-Auditing,4689,Process Termination,"A process has exited.

Subject:
	Security ID:		SYSTEM
	Account Name:		WS-3$
	Account Domain:		LAB
	Logon ID:		0x3E7

Process Information:
	Process ID:	0x21fc
	Process Name:	C:\Windows\System32\find.exe
	Exit Status:	0x1"
Information,DD/MM/YYYY 5:13:27 PM,Microsoft-Windows-Security-Auditing,4689,Process Termination,"A process has exited.

Subject:
	Security ID:		SYSTEM
	Account Name:		WS-3$
	Account Domain:		LAB
	Logon ID:		0x3E7

Process Information:
	Process ID:	0x20d8
	Process Name:	C:\Windows\System32\find.exe
	Exit Status:	0x1"
Information,DD/MM/YYYY 5:13:27 PM,Microsoft-Windows-Security-Auditing,4689,Process Termination,"A process has exited.

Subject:
	Security ID:		SYSTEM
	Account Name:		WS-3$
	Account Domain:		LAB
	Logon ID:		0x3E7

Process Information:
	Process ID:	0x1d70
	Process Name:	C:\Windows\System32\NETSTAT.EXE
	Exit Status:	0x0"
Information,DD/MM/YYYY 5:13:26 PM,Microsoft-Windows-Security-Auditing,4688,Process Creation,"A new process has been created.

Creator Subject:
	Security ID:		SYSTEM
	Account Name:		WS-3$
	Account Domain:		LAB
	Logon ID:		0x3E7

Target Subject:
	Security ID:		NULL SID
	Account Name:		-
	Account Domain:		-
	Logon ID:		0x0

Process Information:
	New Process ID:		0x21fc
	New Process Name:	C:\Windows\System32\find.exe
	Token Elevation Type:	%%1936
	Mandatory Label:		Mandatory Label\System Mandatory Level
	Creator Process ID:	0x2ba8
	Creator Process Name:	C:\Windows\System32\cmd.exe
	Process Command Line:	

Token Elevation Type indicates the type of token that was assigned to the new process in accordance with User Account Control policy.

Type 1 is a full token with no privileges removed or groups disabled.  A full token is only used if User Account Control is disabled or if the user is the built-in Administrator account or a service account.

Type 2 is an elevated token with no privileges removed or groups disabled.  An elevated token is used when User Account Control is enabled and the user chooses to start the program using Run as administrator.  An elevated token is also used when an application is configured to always require administrative privilege or to always require maximum privilege, and the user is a member of the Administrators group.

Type 3 is a limited token with administrative privileges removed and administrative groups disabled.  The limited token is used when User Account Control is enabled, the application does not require administrative privilege, and the user does not choose to start the program using Run as administrator."
